[2016-12-05 19:52:46] dbLatency : 1
[2016-12-05 19:52:46] database setup started
[2016-12-05 19:52:46] database Latency : 1
[2016-12-05 19:52:46] <Master> sending ('QUERY_TOTAL_RECORDS') to {<DatabaseEmulator('localhost', 11393)>}
[2016-12-05 19:52:46] Database Content: 
[2016-12-05 19:52:46] Database Record : [{'paymentDone': True, 'moviesWatched': 9, 'objectId': '1', 'name': 'Siddharth'}, {'paymentDone': True, 'moviesWatched': 5, 'objectId': '2', 'name': 'Shikhar'}, {'paymentDone': True, 'moviesWatched': 10, 'objectId': '3', 'name': 'Dexter'}, {'viewCount': 49, 'objectId': '101', 'name': 'The Matrix', 'payViewCount': 0, 'watched': 'false'}, {'viewCount': 40, 'objectId': '102', 'name': 'Shawshank Redemption', 'payViewCount': 0, 'watched': 'true'}]
[2016-12-05 19:52:46] Database List : ['1', '2', '3', '101', '102']
[2016-12-05 19:52:46] version Info : {('102', 'watched'): [<Version.DBVersion object at 0x7f93abf932b0>], ('2', 'name'): [<Version.DBVersion object at 0x7f93abf90f60>], ('101', 'name'): [<Version.DBVersion object at 0x7f93abf93128>], ('3', 'paymentDone'): [<Version.DBVersion object at 0x7f93abf90f98>], ('1', 'objectId'): [<Version.DBVersion object at 0x7f93abf90e48>], ('101', 'objectId'): [<Version.DBVersion object at 0x7f93abf930f0>], ('1', 'name'): [<Version.DBVersion object at 0x7f93abf90e80>], ('1', 'moviesWatched'): [<Version.DBVersion object at 0x7f93abf90e10>], ('102', 'name'): [<Version.DBVersion object at 0x7f93abf93240>], ('3', 'moviesWatched'): [<Version.DBVersion object at 0x7f93abf90fd0>], ('2', 'objectId'): [<Version.DBVersion object at 0x7f93abf90f28>], ('101', 'watched'): [<Version.DBVersion object at 0x7f93abf93198>], ('1', 'paymentDone'): [<Version.DBVersion object at 0x7f93abf90dd8>], ('3', 'name'): [<Version.DBVersion object at 0x7f93abf93080>], ('102', 'objectId'): [<Version.DBVersion object at 0x7f93abf93208>], ('3', 'objectId'): [<Version.DBVersion object at 0x7f93abf93048>], ('102', 'payViewCount'): [<Version.DBVersion object at 0x7f93abf93278>], ('101', 'viewCount'): [<Version.DBVersion object at 0x7f93abf930b8>], ('101', 'payViewCount'): [<Version.DBVersion object at 0x7f93abf93160>], ('2', 'paymentDone'): [<Version.DBVersion object at 0x7f93abf90eb8>], ('2', 'moviesWatched'): [<Version.DBVersion object at 0x7f93abf90ef0>], ('102', 'viewCount'): [<Version.DBVersion object at 0x7f93abf931d0>]}
[2016-12-05 19:52:46] <Database> received ('QUERY_TOTAL_RECORDS', ('localhost', 35577))
[2016-12-05 19:52:46] <Database> sending ('ANSWER_TOTAL_OBJECTS', ['1', '2', '3', '101', '102']) to ('localhost', 35577)
[2016-12-05 19:52:46] <Master> received('ANSWER_TOTAL_OBJECTS', ['1', '2', '3', '101', '102'])
[2016-12-05 19:52:46] Starting Workers
[2016-12-05 19:52:47] <Worker ('localhost', 24614)> is up
[2016-12-05 19:52:47] <Worker ('localhost', 16849)> is up
[2016-12-05 19:52:47] <Worker ('localhost', 33040)> is up
[2016-12-05 19:52:47] <Worker ('localhost', 23269)> is up
[2016-12-05 19:52:47] <Worker ('localhost', 12009)> is up
[2016-12-05 19:52:47] <Worker ('localhost', 38846)> is up
[2016-12-05 19:52:47] <Worker ('localhost', 16611)> is up
[2016-12-05 19:52:47] <Worker ('localhost', 20535)> is up
[2016-12-05 19:52:47] <Worker ('localhost', 31649)> is up
[2016-12-05 19:52:47] <Worker ('localhost', 14679)> is up
[2016-12-05 19:52:47] <Worker ('localhost', 35675)> is up
[2016-12-05 19:52:47] <Worker ('localhost', 33301)> is up
[2016-12-05 19:52:47] <Worker ('localhost', 35641)> is up
[2016-12-05 19:52:47] <Worker ('localhost', 17139)> is up
[2016-12-05 19:52:47] <Worker ('localhost', 38413)> is up
[2016-12-05 19:52:47] <Coordinator0> is actually('localhost', 24425)
[2016-12-05 19:52:47] <Coordinator0>: responsible object list['1']
[2016-12-05 19:52:47] <Coordinator0>sending ('COORDINATOR_TO_WORKER_INIT', 0) to ('localhost', 16849)
[2016-12-05 19:52:47] <Coordinator0>sending ('COORDINATOR_TO_WORKER_INIT', 0) to ('localhost', 24614)
[2016-12-05 19:52:47] <Worker ('localhost', 24614)> received ('COORDINATOR_TO_WORKER_INIT', ('localhost', 24425))
[2016-12-05 19:52:47] <Coordinator0>sending ('COORDINATOR_TO_WORKER_INIT', 0) to ('localhost', 33040)
[2016-12-05 19:52:47] <Worker ('localhost', 33040)> received ('COORDINATOR_TO_WORKER_INIT', ('localhost', 24425))
[2016-12-05 19:52:47] <Worker ('localhost', 33040)> sending ('COORDINATOR_TO_WORKER_INT_ACK', ('localhost', 33040)) to ('localhost', 24425)
[2016-12-05 19:52:47] <Worker ('localhost', 24614)> sending ('COORDINATOR_TO_WORKER_INT_ACK', ('localhost', 24614)) to ('localhost', 24425)
[2016-12-05 19:52:47] <Worker ('localhost', 16849)> received ('COORDINATOR_TO_WORKER_INIT', ('localhost', 24425))
[2016-12-05 19:52:47] <Worker ('localhost', 16849)> sending ('COORDINATOR_TO_WORKER_INT_ACK', ('localhost', 16849)) to ('localhost', 24425)
[2016-12-05 19:52:47] <Coordinator1> is actually('localhost', 35094)
[2016-12-05 19:52:47] <Coordinator1>: responsible object list[]
[2016-12-05 19:52:47] <Coordinator1>sending ('COORDINATOR_TO_WORKER_INIT', 1) to ('localhost', 23269)
[2016-12-05 19:52:47] <Coordinator1>sending ('COORDINATOR_TO_WORKER_INIT', 1) to ('localhost', 12009)
[2016-12-05 19:52:47] <Worker ('localhost', 12009)> received ('COORDINATOR_TO_WORKER_INIT', ('localhost', 35094))
[2016-12-05 19:52:47] <Worker ('localhost', 12009)> sending ('COORDINATOR_TO_WORKER_INT_ACK', ('localhost', 12009)) to ('localhost', 35094)
[2016-12-05 19:52:47] <Worker ('localhost', 23269)> received ('COORDINATOR_TO_WORKER_INIT', ('localhost', 35094))
[2016-12-05 19:52:47] <Worker ('localhost', 23269)> sending ('COORDINATOR_TO_WORKER_INT_ACK', ('localhost', 23269)) to ('localhost', 35094)
[2016-12-05 19:52:47] <Coordinator1>sending ('COORDINATOR_TO_WORKER_INIT', 1) to ('localhost', 38846)
[2016-12-05 19:52:47] <Worker ('localhost', 38846)> received ('COORDINATOR_TO_WORKER_INIT', ('localhost', 35094))
[2016-12-05 19:52:47] <Worker ('localhost', 38846)> sending ('COORDINATOR_TO_WORKER_INT_ACK', ('localhost', 38846)) to ('localhost', 35094)
[2016-12-05 19:52:47] <Coordinator2> is actually('localhost', 16827)
[2016-12-05 19:52:47] <Coordinator2>: responsible object list['2', '101']
[2016-12-05 19:52:47] <Coordinator2>sending ('COORDINATOR_TO_WORKER_INIT', 2) to ('localhost', 16611)
[2016-12-05 19:52:47] <Coordinator2>sending ('COORDINATOR_TO_WORKER_INIT', 2) to ('localhost', 20535)
[2016-12-05 19:52:47] <Worker ('localhost', 20535)> received ('COORDINATOR_TO_WORKER_INIT', ('localhost', 16827))
[2016-12-05 19:52:47] <Worker ('localhost', 16611)> received ('COORDINATOR_TO_WORKER_INIT', ('localhost', 16827))
[2016-12-05 19:52:47] <Worker ('localhost', 16611)> sending ('COORDINATOR_TO_WORKER_INT_ACK', ('localhost', 16611)) to ('localhost', 16827)
[2016-12-05 19:52:47] <Worker ('localhost', 20535)> sending ('COORDINATOR_TO_WORKER_INT_ACK', ('localhost', 20535)) to ('localhost', 16827)
[2016-12-05 19:52:47] <Coordinator2>sending ('COORDINATOR_TO_WORKER_INIT', 2) to ('localhost', 14679)
[2016-12-05 19:52:47] <Worker ('localhost', 14679)> received ('COORDINATOR_TO_WORKER_INIT', ('localhost', 16827))
[2016-12-05 19:52:47] <Worker ('localhost', 14679)> sending ('COORDINATOR_TO_WORKER_INT_ACK', ('localhost', 14679)) to ('localhost', 16827)
[2016-12-05 19:52:47] <Coordinator3> is actually('localhost', 27528)
[2016-12-05 19:52:47] <Coordinator3>: responsible object list[]
[2016-12-05 19:52:47] <Coordinator3>sending ('COORDINATOR_TO_WORKER_INIT', 3) to ('localhost', 31649)
[2016-12-05 19:52:47] <Coordinator3>sending ('COORDINATOR_TO_WORKER_INIT', 3) to ('localhost', 35675)
[2016-12-05 19:52:47] <Worker ('localhost', 35675)> received ('COORDINATOR_TO_WORKER_INIT', ('localhost', 27528))
[2016-12-05 19:52:47] <Worker ('localhost', 35675)> sending ('COORDINATOR_TO_WORKER_INT_ACK', ('localhost', 35675)) to ('localhost', 27528)
[2016-12-05 19:52:47] <Worker ('localhost', 31649)> received ('COORDINATOR_TO_WORKER_INIT', ('localhost', 27528))
[2016-12-05 19:52:47] <Worker ('localhost', 31649)> sending ('COORDINATOR_TO_WORKER_INT_ACK', ('localhost', 31649)) to ('localhost', 27528)
[2016-12-05 19:52:47] <Coordinator3>sending ('COORDINATOR_TO_WORKER_INIT', 3) to ('localhost', 33301)
[2016-12-05 19:52:47] <Worker ('localhost', 33301)> received ('COORDINATOR_TO_WORKER_INIT', ('localhost', 27528))
[2016-12-05 19:52:47] <Worker ('localhost', 33301)> sending ('COORDINATOR_TO_WORKER_INT_ACK', ('localhost', 33301)) to ('localhost', 27528)
[2016-12-05 19:52:47] <Coordinator4> is actually('localhost', 25218)
[2016-12-05 19:52:47] <Coordinator4>: responsible object list['3', '102']
[2016-12-05 19:52:47] <Coordinator4>sending ('COORDINATOR_TO_WORKER_INIT', 4) to ('localhost', 35641)
[2016-12-05 19:52:47] <Coordinator4>sending ('COORDINATOR_TO_WORKER_INIT', 4) to ('localhost', 17139)
[2016-12-05 19:52:47] <Worker ('localhost', 17139)> received ('COORDINATOR_TO_WORKER_INIT', ('localhost', 25218))
[2016-12-05 19:52:47] <Worker ('localhost', 35641)> received ('COORDINATOR_TO_WORKER_INIT', ('localhost', 25218))
[2016-12-05 19:52:47] <Worker ('localhost', 17139)> sending ('COORDINATOR_TO_WORKER_INT_ACK', ('localhost', 17139)) to ('localhost', 25218)
[2016-12-05 19:52:47] <Worker ('localhost', 35641)> sending ('COORDINATOR_TO_WORKER_INT_ACK', ('localhost', 35641)) to ('localhost', 25218)
[2016-12-05 19:52:47] <Coordinator4>sending ('COORDINATOR_TO_WORKER_INIT', 4) to ('localhost', 38413)
[2016-12-05 19:52:47] <Worker ('localhost', 38413)> received ('COORDINATOR_TO_WORKER_INIT', ('localhost', 25218))
[2016-12-05 19:52:47] <Worker ('localhost', 38413)> sending ('COORDINATOR_TO_WORKER_INT_ACK', ('localhost', 38413)) to ('localhost', 25218)
[2016-12-05 19:52:47] Client is up
[2016-12-05 19:52:47] contents of requests : [{'readObjectId': '102', 'delay': {'WORKER_INITIAL': '2'}, 'mightReadAttr': {'writeObjectAttr': 'paymentDone', 'readObjectAttr': ''}, 'defReadAttr': {'writeObjectAttr': '', 'readObjectAttr': 'viewCount'}, 'action': 'view', 'writeObjectId': '2', 'mightWriteAttr': {'writeObjectAttr': '', 'readObjectAttr': 'payViewCount'}, 'mightWriteObj': '2'}, {'readObjectId': '2', 'delay': {'CLIENT': '1', 'WORKER_INITIAL': '3'}, 'mightReadAttr': {'writeObjectAttr': 'viewCount', 'readObjectAttr': ''}, 'defReadAttr': {'writeObjectAttr': '', 'readObjectAttr': 'moviesWatched'}, 'action': 'stat', 'writeObjectId': '102', 'mightWriteAttr': {'writeObjectAttr': '', 'readObjectAttr': ''}, 'mightWriteObj': '0'}]
[2016-12-05 19:52:47] Client sending ('READ_COORDINATOR_INITIAL',{'readObjectId': '102', 'client': <Client('localhost', 36529)>, 'delay': {'WORKER_INITIAL': '2'}, 'mightReadAttr': {'writeObjectAttr': 'paymentDone', 'readObjectAttr': ''}, 'defReadAttr': {'writeObjectAttr': '', 'readObjectAttr': 'viewCount'}, 'action': 'view', 'writeObjectId': '2', 'mightWriteAttr': {'writeObjectAttr': '', 'readObjectAttr': 'payViewCount'}, 'mightWriteObj': '2'}) to ('localhost', 25218)
[2016-12-05 19:52:47] <Coordinator4>received ('READ_COORDINATOR_INITIAL', {'readObjectId': '102', 'client': <Client('localhost', 36529)>, 'delay': {'WORKER_INITIAL': '2'}, 'mightReadAttr': {'writeObjectAttr': 'paymentDone', 'readObjectAttr': ''}, 'defReadAttr': {'writeObjectAttr': '', 'readObjectAttr': 'viewCount'}, 'action': 'view', 'writeObjectId': '2', 'mightWriteAttr': {'writeObjectAttr': '', 'readObjectAttr': 'payViewCount'}, 'mightWriteObj': '2'}) from ('localhost', 36529)
[2016-12-05 19:52:47] request assigned Id vNOQRzzKPS
[2016-12-05 19:52:47] get cached updates at timeStamp
[2016-12-05 19:52:47] request vNOQRzzKPS is read-write request
[2016-12-05 19:52:47] request vNOQRzzKPSis being to sent to writeObject Coord('localhost', 16827)
[2016-12-05 19:52:47] <Coordinator2>received ('WRITE_COORDINATOR_INITIAL',{'delay': {'WORKER_INITIAL': '2'}, 'mightReadAttr': {'writeObjectAttr': 'paymentDone', 'readObjectAttr': ''}, 'defReadAttr': {'writeObjectAttr': '', 'readObjectAttr': 'viewCount'}, 'writeObjectId': '2', 'cachedUpdate': {'readObject': {}}, 'timeStamp': 1480985567.117279, 'readObjectId': '102', 'client': <Client('localhost', 36529)>, 'requestId': 'vNOQRzzKPS', 'action': 'view', 'mightWriteAttr': {'writeObjectAttr': '', 'readObjectAttr': 'payViewCount'}, 'mightWriteObj': '2'}) from ('localhost', 25218)
[2016-12-05 19:52:47] get cached updates at timeStamp
[2016-12-05 19:52:47] request vNOQRzzKPS is read-write request
[2016-12-05 19:52:47] request vNOQRzzKPSis being sent to worker('localhost', 20535)
[2016-12-05 19:52:47] <Worker ('localhost', 20535)> received ('WORKER_INITIAL', ('localhost', 20535)) from('localhost', 16827)
[2016-12-05 19:52:47] <Worker ('localhost', 20535)> sleeping for 2 second(s)
[2016-12-05 19:52:47] <Client ('localhost', 36529)> sleeping for 1 second(s)
[2016-12-05 19:52:48] <Client ('localhost', 36529)> resumed from sleeping
[2016-12-05 19:52:48] Client sending ('READ_COORDINATOR_INITIAL',{'readObjectId': '2', 'client': <Client('localhost', 36529)>, 'delay': {'CLIENT': '1', 'WORKER_INITIAL': '3'}, 'mightReadAttr': {'writeObjectAttr': 'viewCount', 'readObjectAttr': ''}, 'defReadAttr': {'writeObjectAttr': '', 'readObjectAttr': 'moviesWatched'}, 'action': 'stat', 'writeObjectId': '102', 'mightWriteAttr': {'writeObjectAttr': '', 'readObjectAttr': ''}, 'mightWriteObj': '0'}) to ('localhost', 16827)
[2016-12-05 19:52:48] <Coordinator2>received ('READ_COORDINATOR_INITIAL', {'readObjectId': '2', 'client': <Client('localhost', 36529)>, 'delay': {'CLIENT': '1', 'WORKER_INITIAL': '3'}, 'mightReadAttr': {'writeObjectAttr': 'viewCount', 'readObjectAttr': ''}, 'defReadAttr': {'writeObjectAttr': '', 'readObjectAttr': 'moviesWatched'}, 'action': 'stat', 'writeObjectId': '102', 'mightWriteAttr': {'writeObjectAttr': '', 'readObjectAttr': ''}, 'mightWriteObj': '0'}) from ('localhost', 36529)
[2016-12-05 19:52:48] request assigned Id QvCKSUAdjR
[2016-12-05 19:52:48] get cached updates at timeStamp
[2016-12-05 19:52:48] request QvCKSUAdjR is read-read request
[2016-12-05 19:52:48] request QvCKSUAdjRis being to sent to writeObject Coord('localhost', 25218)
[2016-12-05 19:52:48] <Coordinator4>received ('WRITE_COORDINATOR_INITIAL',{'delay': {'CLIENT': '1', 'WORKER_INITIAL': '3'}, 'mightReadAttr': {'writeObjectAttr': 'viewCount', 'readObjectAttr': ''}, 'defReadAttr': {'writeObjectAttr': '', 'readObjectAttr': 'moviesWatched'}, 'writeObjectId': '102', 'cachedUpdate': {'readObject': {}}, 'timeStamp': 1480985568.1292486, 'readObjectId': '2', 'client': <Client('localhost', 36529)>, 'requestId': 'QvCKSUAdjR', 'action': 'stat', 'mightWriteAttr': {'writeObjectAttr': '', 'readObjectAttr': ''}, 'mightWriteObj': '0'}) from ('localhost', 16827)
[2016-12-05 19:52:48] get cached updates at timeStamp
[2016-12-05 19:52:48] request QvCKSUAdjR is read-read request
[2016-12-05 19:52:48] request QvCKSUAdjRis being sent to worker('localhost', 35641)
[2016-12-05 19:52:48] <Worker ('localhost', 35641)> received ('WORKER_INITIAL', ('localhost', 35641)) from('localhost', 25218)
[2016-12-05 19:52:48] <Worker ('localhost', 35641)> sleeping for 3 second(s)
[2016-12-05 19:52:49] <Worker ('localhost', 20535)> resumed from sleeping
[2016-12-05 19:52:49] <Worker ('localhost', 20535)> received read-write request vNOQRzzKPS
[2016-12-05 19:52:49] <Worker ('localhost', 20535)> sending ('QUERY_READ_WRITE_OBJECT', {'delay': {'WORKER_INITIAL': '2'}, 'mightReadAttr': {'writeObjectAttr': 'paymentDone', 'readObjectAttr': ''}, 'defReadAttr': {'writeObjectAttr': '', 'readObjectAttr': 'viewCount'}, 'writeObjectId': '2', 'cachedUpdate': {'readObject': {}, 'writeObject': {}}, 'timeStamp': 1480985567.117279, 'readObjectId': '102', 'client': <Client('localhost', 36529)>, 'requestId': 'vNOQRzzKPS', 'action': 'view', 'mightWriteAttr': {'writeObjectAttr': '', 'readObjectAttr': 'payViewCount'}, 'mightWriteObj': '2'}) to {<DatabaseEmulator('localhost', 11393)>}
[2016-12-05 19:52:49] <Database> received ('QUERY_READ_WRITE_OBJECT', {'delay': {'WORKER_INITIAL': '2'}, 'mightReadAttr': {'writeObjectAttr': 'paymentDone', 'readObjectAttr': ''}, 'defReadAttr': {'writeObjectAttr': '', 'readObjectAttr': 'viewCount'}, 'writeObjectId': '2', 'cachedUpdate': {'readObject': {}, 'writeObject': {}}, 'timeStamp': 1480985567.117279, 'readObjectId': '102', 'client': <Client('localhost', 36529)>, 'requestId': 'vNOQRzzKPS', 'action': 'view', 'mightWriteAttr': {'writeObjectAttr': '', 'readObjectAttr': 'payViewCount'}, 'mightWriteObj': '2'}) from ('localhost', 20535)
[2016-12-05 19:52:49] <Database> sending ('ANSWER_READ_WRITE_OBJECT', {'delay': {'WORKER_INITIAL': '2'}, 'mightReadAttr': {'writeObjectAttr': 'paymentDone', 'readObjectAttr': ''}, 'defReadAttr': {'writeObjectAttr': '', 'readObjectAttr': 'viewCount'}, 'writeObjectId': '2', 'cachedUpdate': {'readObject': {}, 'writeObject': {}}, 'timeStamp': 1480985567.117279, 'readObjectId': '102', 'client': <Client('localhost', 36529)>, 'requestId': 'vNOQRzzKPS', 'action': 'view', 'mightWriteAttr': {'writeObjectAttr': '', 'readObjectAttr': 'payViewCount'}, 'mightWriteObj': '2'}, {'readObject': {'viewCount': 40, 'payViewCount': 0, 'objectId': '102', 'watched': 'true', 'name': 'Shawshank Redemption'}, 'writeObject': {'paymentDone': True, 'moviesWatched': 5, 'objectId': '2', 'name': 'Shikhar'}}) to ('localhost', 20535)
[2016-12-05 19:52:49] <Worker ('localhost', 20535)>received ('ANSWER_READ_WRITE_OBJECT', {'delay': {'WORKER_INITIAL': '2'}, 'mightReadAttr': {'writeObjectAttr': 'paymentDone', 'readObjectAttr': ''}, 'defReadAttr': {'writeObjectAttr': '', 'readObjectAttr': 'viewCount'}, 'writeObjectId': '2', 'cachedUpdate': {'readObject': {}, 'writeObject': {}}, 'timeStamp': 1480985567.117279, 'readObjectId': '102', 'client': <Client('localhost', 36529)>, 'requestId': 'vNOQRzzKPS', 'action': 'view', 'mightWriteAttr': {'writeObjectAttr': '', 'readObjectAttr': 'payViewCount'}, 'mightWriteObj': '2'}, vNOQRzzKPS, {'readObject': {'viewCount': 40, 'payViewCount': 0, 'objectId': '102', 'watched': 'true', 'name': 'Shawshank Redemption'}, 'writeObject': {'paymentDone': True, 'moviesWatched': 5, 'objectId': '2', 'name': 'Shikhar'}}) from('localhost', 11393)
[2016-12-05 19:52:49] Client failed to predict the writeObject and readObject for vNOQRzzKPS
[2016-12-05 19:52:49] request vNOQRzzKPS is read write request 
[2016-12-05 19:52:49] sending request vNOQRzzKPS to ('localhost', 25218)
[2016-12-05 19:52:49] <Coordinator4>received ('RESULT',{'delay': {'WORKER_INITIAL': '2'}, 'updates': {'readObject': {'id': '2'}, 'writeObject': {'viewCount': 41, 'id': '102'}}, 'mightReadAttr': {'writeObjectAttr': '', 'readObjectAttr': 'paymentDone'}, 'defReadAttr': {'writeObjectAttr': 'viewCount', 'readObjectAttr': ''}, 'readObj': '2', 'result': True, 'writeObjectId': '102', 'cachedUpdate': {'readObject': {}, 'writeObject': {}}, 'timeStamp': 1480985567.117279, 'readObjectId': '2', 'client': <Client('localhost', 36529)>, 'requestId': 'vNOQRzzKPS', 'updatedObj': '102', 'action': 'view', 'mightWriteAttr': {'writeObjectAttr': 'payViewCount', 'readObjectAttr': ''}, 'readAttr': {'readObject': {}, 'writeObject': {}}, 'mightWriteObj': '2'}) from ('localhost', 20535)
[2016-12-05 19:52:49] pendingMightRead non empty; adding request vNOQRzzKPS to write request queue
[2016-12-05 19:52:51] <Worker ('localhost', 35641)> resumed from sleeping
[2016-12-05 19:52:51] <Worker ('localhost', 35641)>received read-read requestQvCKSUAdjR
[2016-12-05 19:52:51] <Worker ('localhost', 35641)> sending ('QUERY_READ_WRITE_OBJECT', {'delay': {'CLIENT': '1', 'WORKER_INITIAL': '3'}, 'mightReadAttr': {'writeObjectAttr': 'viewCount', 'readObjectAttr': ''}, 'defReadAttr': {'writeObjectAttr': '', 'readObjectAttr': 'moviesWatched'}, 'writeObjectId': '102', 'cachedUpdate': {'readObject': {}, 'writeObject': {}}, 'timeStamp': 1480985568.1292486, 'readObjectId': '2', 'client': <Client('localhost', 36529)>, 'requestId': 'QvCKSUAdjR', 'action': 'stat', 'mightWriteAttr': {'writeObjectAttr': '', 'readObjectAttr': ''}, 'mightWriteObj': '0'}) to {<DatabaseEmulator('localhost', 11393)>}
[2016-12-05 19:52:51] <Database> received ('QUERY_READ_WRITE_OBJECT', {'delay': {'CLIENT': '1', 'WORKER_INITIAL': '3'}, 'mightReadAttr': {'writeObjectAttr': 'viewCount', 'readObjectAttr': ''}, 'defReadAttr': {'writeObjectAttr': '', 'readObjectAttr': 'moviesWatched'}, 'writeObjectId': '102', 'cachedUpdate': {'readObject': {}, 'writeObject': {}}, 'timeStamp': 1480985568.1292486, 'readObjectId': '2', 'client': <Client('localhost', 36529)>, 'requestId': 'QvCKSUAdjR', 'action': 'stat', 'mightWriteAttr': {'writeObjectAttr': '', 'readObjectAttr': ''}, 'mightWriteObj': '0'}) from ('localhost', 35641)
[2016-12-05 19:52:51] <Database> sending ('ANSWER_READ_WRITE_OBJECT', {'delay': {'CLIENT': '1', 'WORKER_INITIAL': '3'}, 'mightReadAttr': {'writeObjectAttr': 'viewCount', 'readObjectAttr': ''}, 'defReadAttr': {'writeObjectAttr': '', 'readObjectAttr': 'moviesWatched'}, 'writeObjectId': '102', 'cachedUpdate': {'readObject': {}, 'writeObject': {}}, 'timeStamp': 1480985568.1292486, 'readObjectId': '2', 'client': <Client('localhost', 36529)>, 'requestId': 'QvCKSUAdjR', 'action': 'stat', 'mightWriteAttr': {'writeObjectAttr': '', 'readObjectAttr': ''}, 'mightWriteObj': '0'}, {'readObject': {'paymentDone': True, 'moviesWatched': 5, 'objectId': '2', 'name': 'Shikhar'}, 'writeObject': {'viewCount': 40, 'payViewCount': 0, 'objectId': '102', 'watched': 'true', 'name': 'Shawshank Redemption'}}) to ('localhost', 35641)
[2016-12-05 19:52:51] <Worker ('localhost', 35641)>received ('ANSWER_READ_WRITE_OBJECT', {'delay': {'CLIENT': '1', 'WORKER_INITIAL': '3'}, 'mightReadAttr': {'writeObjectAttr': 'viewCount', 'readObjectAttr': ''}, 'defReadAttr': {'writeObjectAttr': '', 'readObjectAttr': 'moviesWatched'}, 'writeObjectId': '102', 'cachedUpdate': {'readObject': {}, 'writeObject': {}}, 'timeStamp': 1480985568.1292486, 'readObjectId': '2', 'client': <Client('localhost', 36529)>, 'requestId': 'QvCKSUAdjR', 'action': 'stat', 'mightWriteAttr': {'writeObjectAttr': '', 'readObjectAttr': ''}, 'mightWriteObj': '0'}, QvCKSUAdjR, {'readObject': {'paymentDone': True, 'moviesWatched': 5, 'objectId': '2', 'name': 'Shikhar'}, 'writeObject': {'viewCount': 40, 'payViewCount': 0, 'objectId': '102', 'watched': 'true', 'name': 'Shawshank Redemption'}}) from('localhost', 11393)
[2016-12-05 19:52:51] request QvCKSUAdjR is read only request 
[2016-12-05 19:52:51] sending decision to client for request QvCKSUAdjR
[2016-12-05 19:52:51] <Client ('localhost', 36529)> received ('CLIENT_DECISION', {'delay': {'CLIENT': '1', 'WORKER_INITIAL': '3'}, 'updates': {'readObject': {'id': '2'}, 'writeObject': {'id': '102'}}, 'mightReadAttr': {'writeObjectAttr': 'viewCount', 'readObjectAttr': ''}, 'defReadAttr': {'writeObjectAttr': '', 'readObjectAttr': 'moviesWatched'}, 'readObj': -1, 'result': True, 'writeObjectId': '102', 'cachedUpdate': {'readObject': {}, 'writeObject': {}}, 'timeStamp': 1480985568.1292486, 'readObjectId': '2', 'client': <Client('localhost', 36529)>, 'requestId': 'QvCKSUAdjR', 'updatedObj': -1, 'action': 'stat', 'mightWriteAttr': {'writeObjectAttr': '', 'readObjectAttr': ''}, 'readAttr': {'readObject': {'moviesWatched': 5}, 'writeObject': {'viewCount': 40}}, 'mightWriteObj': '0'}) from ('localhost', 35641)DECISION :True
[2016-12-05 19:52:51] sending request ('READ_ATTR', {'delay': {'CLIENT': '1', 'WORKER_INITIAL': '3'}, 'updates': {'readObject': {'id': '2'}, 'writeObject': {'id': '102'}}, 'mightReadAttr': {'writeObjectAttr': 'viewCount', 'readObjectAttr': ''}, 'defReadAttr': {'writeObjectAttr': '', 'readObjectAttr': 'moviesWatched'}, 'readObj': -1, 'result': True, 'writeObjectId': '102', 'cachedUpdate': {'readObject': {}, 'writeObject': {}}, 'timeStamp': 1480985568.1292486, 'readObjectId': '2', 'client': <Client('localhost', 36529)>, 'requestId': 'QvCKSUAdjR', 'updatedObj': -1, 'action': 'stat', 'mightWriteAttr': {'writeObjectAttr': '', 'readObjectAttr': ''}, 'readAttr': {'readObject': {'moviesWatched': 5}, 'writeObject': {'viewCount': 40}}, 'mightWriteObj': '0'}, 1) to ('localhost', 16827)
[2016-12-05 19:52:51] <Coordinator2>received ('READ_ATTR',{'delay': {'CLIENT': '1', 'WORKER_INITIAL': '3'}, 'updates': {'readObject': {'id': '2'}, 'writeObject': {'id': '102'}}, 'mightReadAttr': {'writeObjectAttr': 'viewCount', 'readObjectAttr': ''}, 'defReadAttr': {'writeObjectAttr': '', 'readObjectAttr': 'moviesWatched'}, 'readObj': -1, 'result': True, 'writeObjectId': '102', 'cachedUpdate': {'readObject': {}, 'writeObject': {}}, 'timeStamp': 1480985568.1292486, 'readObjectId': '2', 'client': <Client('localhost', 36529)>, 'requestId': 'QvCKSUAdjR', 'updatedObj': -1, 'action': 'stat', 'mightWriteAttr': {'writeObjectAttr': '', 'readObjectAttr': ''}, 'readAttr': {'readObject': {'moviesWatched': 5}, 'writeObject': {'viewCount': 40}}, 'mightWriteObj': '0'}, 1) from ('localhost', 35641)
[2016-12-05 19:52:51] sending request ('READ_ATTR', {'delay': {'CLIENT': '1', 'WORKER_INITIAL': '3'}, 'updates': {'readObject': {'id': '2'}, 'writeObject': {'id': '102'}}, 'mightReadAttr': {'writeObjectAttr': 'viewCount', 'readObjectAttr': ''}, 'defReadAttr': {'writeObjectAttr': '', 'readObjectAttr': 'moviesWatched'}, 'readObj': -1, 'result': True, 'writeObjectId': '102', 'cachedUpdate': {'readObject': {}, 'writeObject': {}}, 'timeStamp': 1480985568.1292486, 'readObjectId': '2', 'client': <Client('localhost', 36529)>, 'requestId': 'QvCKSUAdjR', 'updatedObj': -1, 'action': 'stat', 'mightWriteAttr': {'writeObjectAttr': '', 'readObjectAttr': ''}, 'readAttr': {'readObject': {'moviesWatched': 5}, 'writeObject': {'viewCount': 40}}, 'mightWriteObj': '0'}, 2) to ('localhost', 25218)
[2016-12-05 19:52:51] <Coordinator4>received ('READ_ATTR',{'delay': {'CLIENT': '1', 'WORKER_INITIAL': '3'}, 'updates': {'readObject': {'id': '2'}, 'writeObject': {'id': '102'}}, 'mightReadAttr': {'writeObjectAttr': 'viewCount', 'readObjectAttr': ''}, 'defReadAttr': {'writeObjectAttr': '', 'readObjectAttr': 'moviesWatched'}, 'readObj': -1, 'result': True, 'writeObjectId': '102', 'cachedUpdate': {'readObject': {}, 'writeObject': {}}, 'timeStamp': 1480985568.1292486, 'readObjectId': '2', 'client': <Client('localhost', 36529)>, 'requestId': 'QvCKSUAdjR', 'updatedObj': -1, 'action': 'stat', 'mightWriteAttr': {'writeObjectAttr': '', 'readObjectAttr': ''}, 'readAttr': {'readObject': {'moviesWatched': 5}, 'writeObject': {'viewCount': 40}}, 'mightWriteObj': '0'}, 2) from ('localhost', 35641)
[2016-12-05 19:52:51] Resending waiting request vNOQRzzKPS to ('localhost', 25218)
[2016-12-05 19:52:51] <Coordinator4>received ('RESULT',{'delay': {'WORKER_INITIAL': '2'}, 'updates': {'readObject': {'id': '2'}, 'writeObject': {'viewCount': 41, 'id': '102'}}, 'mightReadAttr': {'writeObjectAttr': '', 'readObjectAttr': 'paymentDone'}, 'defReadAttr': {'writeObjectAttr': 'viewCount', 'readObjectAttr': ''}, 'readObj': '2', 'result': True, 'writeObjectId': '102', 'cachedUpdate': {'readObject': {}, 'writeObject': {}}, 'timeStamp': 1480985567.117279, 'readObjectId': '2', 'client': <Client('localhost', 36529)>, 'requestId': 'vNOQRzzKPS', 'updatedObj': '102', 'action': 'view', 'mightWriteAttr': {'writeObjectAttr': 'payViewCount', 'readObjectAttr': ''}, 'readAttr': {'readObject': {}, 'writeObject': {}}, 'mightWriteObj': '2'}) from ('localhost', 25218)
[2016-12-05 19:52:51] Conflict found for request vNOQRzzKPS
[2016-12-05 19:52:51] Trying to Restart request vNOQRzzKPS
[2016-12-05 19:52:51] <Coordinator4> sending ('RESTART, {'delay': {'WORKER_INITIAL': '2'}, 'updates': {'readObject': {'id': '2'}, 'writeObject': {'viewCount': 41, 'id': '102'}}, 'mightReadAttr': {'writeObjectAttr': '', 'readObjectAttr': 'paymentDone'}, 'defReadAttr': {'writeObjectAttr': 'viewCount', 'readObjectAttr': ''}, 'readObj': '2', 'result': True, 'writeObjectId': '102', 'cachedUpdate': {'readObject': {}, 'writeObject': {}}, 'timeStamp': 1480985567.117279, 'readObjectId': '2', 'client': <Client('localhost', 36529)>, 'requestId': 'vNOQRzzKPS', 'updatedObj': '102', 'action': 'view', 'mightWriteAttr': {'writeObjectAttr': 'payViewCount', 'readObjectAttr': ''}, 'readAttr': {'readObject': {}, 'writeObject': {}}, 'mightWriteObj': '2'}') to ('localhost', 16827)
[2016-12-05 19:52:51] <Coordinator2> received ('RESTART', {'delay': {'WORKER_INITIAL': '2'}, 'updates': {'readObject': {'id': '2'}, 'writeObject': {'viewCount': 41, 'id': '102'}}, 'mightReadAttr': {'writeObjectAttr': '', 'readObjectAttr': 'paymentDone'}, 'defReadAttr': {'writeObjectAttr': 'viewCount', 'readObjectAttr': ''}, 'readObj': '2', 'result': True, 'writeObjectId': '102', 'cachedUpdate': {'readObject': {}, 'writeObject': {}}, 'timeStamp': 1480985567.117279, 'readObjectId': '2', 'client': <Client('localhost', 36529)>, 'requestId': 'vNOQRzzKPS', 'updatedObj': '102', 'action': 'view', 'mightWriteAttr': {'writeObjectAttr': 'payViewCount', 'readObjectAttr': ''}, 'readAttr': {'readObject': {}, 'writeObject': {}}, 'mightWriteObj': '2'}) from ('localhost', 25218)
[2016-12-05 19:52:51] Restarting request vNOQRzzKPS; sending ('READ_COORDINATOR_INITIAL',{'delay': {'WORKER_INITIAL': '2'}, 'mightReadAttr': {'writeObjectAttr': '', 'readObjectAttr': 'paymentDone'}, 'defReadAttr': {'writeObjectAttr': 'viewCount', 'readObjectAttr': ''}, 'writeObjectId': '102', 'readObjectId': '2', 'client': <Client('localhost', 36529)>, 'requestId': 'vNOQRzzKPS', 'action': 'view', 'mightWriteAttr': {'writeObjectAttr': 'payViewCount', 'readObjectAttr': ''}, 'mightWriteObj': '2'}) to ('localhost', 16827)
[2016-12-05 19:52:51] <Coordinator2>received ('READ_COORDINATOR_INITIAL', {'readObjectId': '2', 'client': <Client('localhost', 36529)>, 'requestId': 'vNOQRzzKPS', 'delay': {'WORKER_INITIAL': '2'}, 'mightReadAttr': {'writeObjectAttr': '', 'readObjectAttr': 'paymentDone'}, 'defReadAttr': {'writeObjectAttr': 'viewCount', 'readObjectAttr': ''}, 'action': 'view', 'writeObjectId': '102', 'mightWriteAttr': {'writeObjectAttr': 'payViewCount', 'readObjectAttr': ''}, 'mightWriteObj': '2'}) from ('localhost', 16827)
[2016-12-05 19:52:51] request assigned Id EavrCcnRzU
[2016-12-05 19:52:51] get cached updates at timeStamp
[2016-12-05 19:52:51] request EavrCcnRzU is read-write request
[2016-12-05 19:52:51] request EavrCcnRzUis being to sent to writeObject Coord('localhost', 25218)
[2016-12-05 19:52:51] <Coordinator4>received ('WRITE_COORDINATOR_INITIAL',{'delay': {'WORKER_INITIAL': '2'}, 'mightReadAttr': {'writeObjectAttr': '', 'readObjectAttr': 'paymentDone'}, 'defReadAttr': {'writeObjectAttr': 'viewCount', 'readObjectAttr': ''}, 'writeObjectId': '102', 'cachedUpdate': {'readObject': {}}, 'timeStamp': 1480985571.1655464, 'readObjectId': '2', 'client': <Client('localhost', 36529)>, 'requestId': 'EavrCcnRzU', 'action': 'view', 'mightWriteAttr': {'writeObjectAttr': 'payViewCount', 'readObjectAttr': ''}, 'mightWriteObj': '2'}) from ('localhost', 16827)
[2016-12-05 19:52:51] get cached updates at timeStamp
[2016-12-05 19:52:51] request EavrCcnRzU is read-write request
[2016-12-05 19:52:51] request EavrCcnRzUis being sent to worker('localhost', 38413)
[2016-12-05 19:52:51] <Worker ('localhost', 38413)> received ('WORKER_INITIAL', ('localhost', 38413)) from('localhost', 25218)
[2016-12-05 19:52:51] <Worker ('localhost', 38413)> sleeping for 2 second(s)
[2016-12-05 19:52:53] <Worker ('localhost', 38413)> resumed from sleeping
[2016-12-05 19:52:53] <Worker ('localhost', 38413)> received read-write request EavrCcnRzU
[2016-12-05 19:52:53] <Worker ('localhost', 38413)> sending ('QUERY_READ_WRITE_OBJECT', {'delay': {'WORKER_INITIAL': '2'}, 'mightReadAttr': {'writeObjectAttr': '', 'readObjectAttr': 'paymentDone'}, 'defReadAttr': {'writeObjectAttr': 'viewCount', 'readObjectAttr': ''}, 'writeObjectId': '102', 'cachedUpdate': {'readObject': {}, 'writeObject': {}}, 'timeStamp': 1480985571.1655464, 'readObjectId': '2', 'client': <Client('localhost', 36529)>, 'requestId': 'EavrCcnRzU', 'action': 'view', 'mightWriteAttr': {'writeObjectAttr': 'payViewCount', 'readObjectAttr': ''}, 'mightWriteObj': '2'}) to {<DatabaseEmulator('localhost', 11393)>}
[2016-12-05 19:52:53] <Database> received ('QUERY_READ_WRITE_OBJECT', {'delay': {'WORKER_INITIAL': '2'}, 'mightReadAttr': {'writeObjectAttr': '', 'readObjectAttr': 'paymentDone'}, 'defReadAttr': {'writeObjectAttr': 'viewCount', 'readObjectAttr': ''}, 'writeObjectId': '102', 'cachedUpdate': {'readObject': {}, 'writeObject': {}}, 'timeStamp': 1480985571.1655464, 'readObjectId': '2', 'client': <Client('localhost', 36529)>, 'requestId': 'EavrCcnRzU', 'action': 'view', 'mightWriteAttr': {'writeObjectAttr': 'payViewCount', 'readObjectAttr': ''}, 'mightWriteObj': '2'}) from ('localhost', 38413)
[2016-12-05 19:52:53] <Database> sending ('ANSWER_READ_WRITE_OBJECT', {'delay': {'WORKER_INITIAL': '2'}, 'mightReadAttr': {'writeObjectAttr': '', 'readObjectAttr': 'paymentDone'}, 'defReadAttr': {'writeObjectAttr': 'viewCount', 'readObjectAttr': ''}, 'writeObjectId': '102', 'cachedUpdate': {'readObject': {}, 'writeObject': {}}, 'timeStamp': 1480985571.1655464, 'readObjectId': '2', 'client': <Client('localhost', 36529)>, 'requestId': 'EavrCcnRzU', 'action': 'view', 'mightWriteAttr': {'writeObjectAttr': 'payViewCount', 'readObjectAttr': ''}, 'mightWriteObj': '2'}, {'readObject': {'paymentDone': True, 'moviesWatched': 5, 'objectId': '2', 'name': 'Shikhar'}, 'writeObject': {'viewCount': 40, 'payViewCount': 0, 'objectId': '102', 'watched': 'true', 'name': 'Shawshank Redemption'}}) to ('localhost', 38413)
[2016-12-05 19:52:53] <Worker ('localhost', 38413)>received ('ANSWER_READ_WRITE_OBJECT', {'delay': {'WORKER_INITIAL': '2'}, 'mightReadAttr': {'writeObjectAttr': '', 'readObjectAttr': 'paymentDone'}, 'defReadAttr': {'writeObjectAttr': 'viewCount', 'readObjectAttr': ''}, 'writeObjectId': '102', 'cachedUpdate': {'readObject': {}, 'writeObject': {}}, 'timeStamp': 1480985571.1655464, 'readObjectId': '2', 'client': <Client('localhost', 36529)>, 'requestId': 'EavrCcnRzU', 'action': 'view', 'mightWriteAttr': {'writeObjectAttr': 'payViewCount', 'readObjectAttr': ''}, 'mightWriteObj': '2'}, EavrCcnRzU, {'readObject': {'paymentDone': True, 'moviesWatched': 5, 'objectId': '2', 'name': 'Shikhar'}, 'writeObject': {'viewCount': 40, 'payViewCount': 0, 'objectId': '102', 'watched': 'true', 'name': 'Shawshank Redemption'}}) from('localhost', 11393)
[2016-12-05 19:52:53] request EavrCcnRzU is read write request 
[2016-12-05 19:52:53] sending request EavrCcnRzU to ('localhost', 25218)
[2016-12-05 19:52:53] <Coordinator4>received ('RESULT',{'delay': {'WORKER_INITIAL': '2'}, 'updates': {'readObject': {'id': '2'}, 'writeObject': {'viewCount': 41, 'id': '102'}}, 'mightReadAttr': {'writeObjectAttr': '', 'readObjectAttr': 'paymentDone'}, 'defReadAttr': {'writeObjectAttr': 'viewCount', 'readObjectAttr': ''}, 'readObj': '2', 'result': True, 'writeObjectId': '102', 'cachedUpdate': {'readObject': {}, 'writeObject': {}}, 'timeStamp': 1480985571.1655464, 'readObjectId': '2', 'client': <Client('localhost', 36529)>, 'requestId': 'EavrCcnRzU', 'updatedObj': '102', 'action': 'view', 'mightWriteAttr': {'writeObjectAttr': 'payViewCount', 'readObjectAttr': ''}, 'readAttr': {'readObject': {}, 'writeObject': {'viewCount': 40}}, 'mightWriteObj': '2'}) from ('localhost', 38413)
[2016-12-05 19:52:53] <Coordinator4>sending updates to database
[2016-12-05 19:52:53] <Database> received ('UPDATE_OBJECT', {'viewCount': 41, 'id': '102'}, 1480985571.1655464) from ('localhost', 25218)
[2016-12-05 19:52:53] <Database> sending ('UPDATE_OBJECT_SUCCESS', {'viewCount': 41, 'id': '102'}) to ('localhost', 25218)
[2016-12-05 19:52:53] caching updates......
[2016-12-05 19:52:53] caching updates.....completed
[2016-12-05 19:52:53] sending decision to client for request EavrCcnRzU
[2016-12-05 19:52:53] <Client ('localhost', 36529)> received ('CLIENT_DECISION', {'delay': {'WORKER_INITIAL': '2'}, 'updates': {'readObject': {'id': '2'}, 'writeObject': {'viewCount': 41, 'id': '102'}}, 'mightReadAttr': {'writeObjectAttr': '', 'readObjectAttr': 'paymentDone'}, 'defReadAttr': {'writeObjectAttr': 'viewCount', 'readObjectAttr': ''}, 'readObj': '2', 'result': True, 'writeObjectId': '102', 'cachedUpdate': {'readObject': {}, 'writeObject': {}}, 'timeStamp': 1480985571.1655464, 'readObjectId': '2', 'client': <Client('localhost', 36529)>, 'requestId': 'EavrCcnRzU', 'updatedObj': '102', 'action': 'view', 'mightWriteAttr': {'writeObjectAttr': 'payViewCount', 'readObjectAttr': ''}, 'readAttr': {'readObject': {}, 'writeObject': {'viewCount': 40}}, 'mightWriteObj': '2'}) from ('localhost', 25218)DECISION :True
[2016-12-05 19:52:53] <Client ('localhost', 36529)>sending ('CLIENT_DONE') to ('localhost', 35577)
[2016-12-05 19:52:53] <Master> received ('CLIENT_DONE') from ('localhost', 36529)
[2016-12-05 19:52:53] All clients done
[2016-12-05 19:52:53] sending message READ_ATTR to ('localhost', 16827)for request : EavrCcnRzU
[2016-12-05 19:52:53] <Coordinator2>received ('READ_ATTR',{'delay': {'WORKER_INITIAL': '2'}, 'updates': {'readObject': {'id': '2'}, 'writeObject': {'viewCount': 41, 'id': '102'}}, 'mightReadAttr': {'writeObjectAttr': '', 'readObjectAttr': 'paymentDone'}, 'defReadAttr': {'writeObjectAttr': 'viewCount', 'readObjectAttr': ''}, 'readObj': '2', 'result': True, 'writeObjectId': '102', 'cachedUpdate': {'readObject': {}, 'writeObject': {}}, 'timeStamp': 1480985571.1655464, 'readObjectId': '2', 'client': <Client('localhost', 36529)>, 'requestId': 'EavrCcnRzU', 'updatedObj': '102', 'action': 'view', 'mightWriteAttr': {'writeObjectAttr': 'payViewCount', 'readObjectAttr': ''}, 'readAttr': {'readObject': {}, 'writeObject': {'viewCount': 40}}, 'mightWriteObj': '2'}, 1) from ('localhost', 25218)
[2016-12-05 19:52:56] <Database> received ('DUMP_DATABASE', '../db/database6.txt') from ('localhost', 35577)
[2016-12-05 19:52:56] <Database> sending ('DUMP_DATABASE_SUCCESS) to ('localhost', 35577)
[2016-12-05 19:52:56] <Master> received ('DUMP_DATABASE_SUCCESS') from ('localhost', 11393)
