[2016-12-05 19:43:17] dbLatency : 1
[2016-12-05 19:43:17] <Master> sending ('QUERY_TOTAL_RECORDS') to {<DatabaseEmulator('localhost', 36013)>}
[2016-12-05 19:43:17] database setup started
[2016-12-05 19:43:17] database Latency : 1
[2016-12-05 19:43:17] Database Content: 
[2016-12-05 19:43:17] Database Record : [{'moviesWatched': 9, 'paymentDone': True, 'name': 'Siddharth', 'objectId': '1'}, {'moviesWatched': 5, 'paymentDone': True, 'name': 'Shikhar', 'objectId': '2'}, {'moviesWatched': 10, 'paymentDone': True, 'name': 'Dexter', 'objectId': '3'}, {'payViewCount': 0, 'watched': 'false', 'name': 'The Matrix', 'viewCount': 49, 'objectId': '101'}, {'payViewCount': 0, 'watched': 'true', 'name': 'Shawshank Redemption', 'viewCount': 40, 'objectId': '102'}]
[2016-12-05 19:43:17] Database List : ['1', '2', '3', '101', '102']
[2016-12-05 19:43:17] version Info : {('3', 'name'): [<Version.DBVersion object at 0x7f18dfe30f60>], ('102', 'watched'): [<Version.DBVersion object at 0x7f18dfe34160>], ('2', 'paymentDone'): [<Version.DBVersion object at 0x7f18dfe30e48>], ('1', 'moviesWatched'): [<Version.DBVersion object at 0x7f18dfe30d30>], ('1', 'name'): [<Version.DBVersion object at 0x7f18dfe30da0>], ('2', 'objectId'): [<Version.DBVersion object at 0x7f18dfe30eb8>], ('3', 'moviesWatched'): [<Version.DBVersion object at 0x7f18dfe30ef0>], ('102', 'name'): [<Version.DBVersion object at 0x7f18dfe34198>], ('101', 'viewCount'): [<Version.DBVersion object at 0x7f18dfe340b8>], ('101', 'objectId'): [<Version.DBVersion object at 0x7f18dfe340f0>], ('101', 'payViewCount'): [<Version.DBVersion object at 0x7f18dfe30fd0>], ('102', 'viewCount'): [<Version.DBVersion object at 0x7f18dfe341d0>], ('102', 'payViewCount'): [<Version.DBVersion object at 0x7f18dfe34128>], ('3', 'objectId'): [<Version.DBVersion object at 0x7f18dfe30f98>], ('101', 'watched'): [<Version.DBVersion object at 0x7f18dfe34048>], ('1', 'objectId'): [<Version.DBVersion object at 0x7f18dfe30dd8>], ('1', 'paymentDone'): [<Version.DBVersion object at 0x7f18dfe30d68>], ('2', 'name'): [<Version.DBVersion object at 0x7f18dfe30e80>], ('101', 'name'): [<Version.DBVersion object at 0x7f18dfe34080>], ('2', 'moviesWatched'): [<Version.DBVersion object at 0x7f18dfe30e10>], ('3', 'paymentDone'): [<Version.DBVersion object at 0x7f18dfe30f28>], ('102', 'objectId'): [<Version.DBVersion object at 0x7f18dfe34208>]}
[2016-12-05 19:43:17] <Database> received ('QUERY_TOTAL_RECORDS', ('localhost', 23511))
[2016-12-05 19:43:17] <Database> sending ('ANSWER_TOTAL_OBJECTS', ['1', '2', '3', '101', '102']) to ('localhost', 23511)
[2016-12-05 19:43:17] <Master> received('ANSWER_TOTAL_OBJECTS', ['1', '2', '3', '101', '102'])
[2016-12-05 19:43:17] Starting Workers
[2016-12-05 19:43:17] <Worker ('localhost', 39616)> is up
[2016-12-05 19:43:17] <Worker ('localhost', 24993)> is up
[2016-12-05 19:43:17] <Worker ('localhost', 22222)> is up
[2016-12-05 19:43:17] <Worker ('localhost', 28451)> is up
[2016-12-05 19:43:17] <Worker ('localhost', 27299)> is up
[2016-12-05 19:43:17] <Worker ('localhost', 36814)> is up
[2016-12-05 19:43:17] <Worker ('localhost', 30147)> is up
[2016-12-05 19:43:17] <Worker ('localhost', 19127)> is up
[2016-12-05 19:43:17] <Worker ('localhost', 28829)> is up
[2016-12-05 19:43:17] <Worker ('localhost', 36581)> is up
[2016-12-05 19:43:17] <Worker ('localhost', 32453)> is up
[2016-12-05 19:43:17] <Worker ('localhost', 31795)> is up
[2016-12-05 19:43:17] <Worker ('localhost', 38247)> is up
[2016-12-05 19:43:17] <Worker ('localhost', 27172)> is up
[2016-12-05 19:43:17] <Worker ('localhost', 32358)> is up
[2016-12-05 19:43:17] <Coordinator0> is actually('localhost', 19191)
[2016-12-05 19:43:17] <Coordinator0>: responsible object list[]
[2016-12-05 19:43:17] <Coordinator0>sending ('COORDINATOR_TO_WORKER_INIT', 0) to ('localhost', 24993)
[2016-12-05 19:43:17] <Worker ('localhost', 24993)> received ('COORDINATOR_TO_WORKER_INIT', ('localhost', 19191))
[2016-12-05 19:43:17] <Worker ('localhost', 24993)> sending ('COORDINATOR_TO_WORKER_INT_ACK', ('localhost', 24993)) to ('localhost', 19191)
[2016-12-05 19:43:17] <Coordinator0>sending ('COORDINATOR_TO_WORKER_INIT', 0) to ('localhost', 39616)
[2016-12-05 19:43:17] <Worker ('localhost', 39616)> received ('COORDINATOR_TO_WORKER_INIT', ('localhost', 19191))
[2016-12-05 19:43:17] <Worker ('localhost', 39616)> sending ('COORDINATOR_TO_WORKER_INT_ACK', ('localhost', 39616)) to ('localhost', 19191)
[2016-12-05 19:43:17] <Coordinator0>sending ('COORDINATOR_TO_WORKER_INIT', 0) to ('localhost', 22222)
[2016-12-05 19:43:17] <Worker ('localhost', 22222)> received ('COORDINATOR_TO_WORKER_INIT', ('localhost', 19191))
[2016-12-05 19:43:17] <Worker ('localhost', 22222)> sending ('COORDINATOR_TO_WORKER_INT_ACK', ('localhost', 22222)) to ('localhost', 19191)
[2016-12-05 19:43:17] <Coordinator1> is actually('localhost', 34369)
[2016-12-05 19:43:17] <Coordinator1>: responsible object list['102']
[2016-12-05 19:43:17] <Coordinator1>sending ('COORDINATOR_TO_WORKER_INIT', 1) to ('localhost', 28451)
[2016-12-05 19:43:17] <Worker ('localhost', 28451)> received ('COORDINATOR_TO_WORKER_INIT', ('localhost', 34369))
[2016-12-05 19:43:17] <Worker ('localhost', 28451)> sending ('COORDINATOR_TO_WORKER_INT_ACK', ('localhost', 28451)) to ('localhost', 34369)
[2016-12-05 19:43:17] <Coordinator1>sending ('COORDINATOR_TO_WORKER_INIT', 1) to ('localhost', 27299)
[2016-12-05 19:43:17] <Worker ('localhost', 27299)> received ('COORDINATOR_TO_WORKER_INIT', ('localhost', 34369))
[2016-12-05 19:43:17] <Worker ('localhost', 27299)> sending ('COORDINATOR_TO_WORKER_INT_ACK', ('localhost', 27299)) to ('localhost', 34369)
[2016-12-05 19:43:17] <Coordinator1>sending ('COORDINATOR_TO_WORKER_INIT', 1) to ('localhost', 36814)
[2016-12-05 19:43:17] <Worker ('localhost', 36814)> received ('COORDINATOR_TO_WORKER_INIT', ('localhost', 34369))
[2016-12-05 19:43:17] <Worker ('localhost', 36814)> sending ('COORDINATOR_TO_WORKER_INT_ACK', ('localhost', 36814)) to ('localhost', 34369)
[2016-12-05 19:43:17] <Coordinator2> is actually('localhost', 20272)
[2016-12-05 19:43:17] <Coordinator2>: responsible object list['2']
[2016-12-05 19:43:17] <Coordinator2>sending ('COORDINATOR_TO_WORKER_INIT', 2) to ('localhost', 30147)
[2016-12-05 19:43:17] <Worker ('localhost', 30147)> received ('COORDINATOR_TO_WORKER_INIT', ('localhost', 20272))
[2016-12-05 19:43:17] <Worker ('localhost', 30147)> sending ('COORDINATOR_TO_WORKER_INT_ACK', ('localhost', 30147)) to ('localhost', 20272)
[2016-12-05 19:43:17] <Coordinator2>sending ('COORDINATOR_TO_WORKER_INIT', 2) to ('localhost', 19127)
[2016-12-05 19:43:17] <Worker ('localhost', 19127)> received ('COORDINATOR_TO_WORKER_INIT', ('localhost', 20272))
[2016-12-05 19:43:17] <Worker ('localhost', 19127)> sending ('COORDINATOR_TO_WORKER_INT_ACK', ('localhost', 19127)) to ('localhost', 20272)
[2016-12-05 19:43:17] <Coordinator2>sending ('COORDINATOR_TO_WORKER_INIT', 2) to ('localhost', 28829)
[2016-12-05 19:43:17] <Worker ('localhost', 28829)> received ('COORDINATOR_TO_WORKER_INIT', ('localhost', 20272))
[2016-12-05 19:43:17] <Worker ('localhost', 28829)> sending ('COORDINATOR_TO_WORKER_INT_ACK', ('localhost', 28829)) to ('localhost', 20272)
[2016-12-05 19:43:17] <Coordinator3> is actually('localhost', 28768)
[2016-12-05 19:43:17] <Coordinator3>: responsible object list['1', '3', '101']
[2016-12-05 19:43:17] <Coordinator3>sending ('COORDINATOR_TO_WORKER_INIT', 3) to ('localhost', 36581)
[2016-12-05 19:43:17] <Worker ('localhost', 36581)> received ('COORDINATOR_TO_WORKER_INIT', ('localhost', 28768))
[2016-12-05 19:43:17] <Worker ('localhost', 36581)> sending ('COORDINATOR_TO_WORKER_INT_ACK', ('localhost', 36581)) to ('localhost', 28768)
[2016-12-05 19:43:17] <Coordinator3>sending ('COORDINATOR_TO_WORKER_INIT', 3) to ('localhost', 32453)
[2016-12-05 19:43:17] <Worker ('localhost', 32453)> received ('COORDINATOR_TO_WORKER_INIT', ('localhost', 28768))
[2016-12-05 19:43:17] <Worker ('localhost', 32453)> sending ('COORDINATOR_TO_WORKER_INT_ACK', ('localhost', 32453)) to ('localhost', 28768)
[2016-12-05 19:43:17] <Coordinator3>sending ('COORDINATOR_TO_WORKER_INIT', 3) to ('localhost', 31795)
[2016-12-05 19:43:17] <Worker ('localhost', 31795)> received ('COORDINATOR_TO_WORKER_INIT', ('localhost', 28768))
[2016-12-05 19:43:17] <Worker ('localhost', 31795)> sending ('COORDINATOR_TO_WORKER_INT_ACK', ('localhost', 31795)) to ('localhost', 28768)
[2016-12-05 19:43:17] <Coordinator4> is actually('localhost', 17549)
[2016-12-05 19:43:17] <Coordinator4>: responsible object list[]
[2016-12-05 19:43:17] <Coordinator4>sending ('COORDINATOR_TO_WORKER_INIT', 4) to ('localhost', 27172)
[2016-12-05 19:43:17] <Coordinator4>sending ('COORDINATOR_TO_WORKER_INIT', 4) to ('localhost', 38247)
[2016-12-05 19:43:17] <Worker ('localhost', 38247)> received ('COORDINATOR_TO_WORKER_INIT', ('localhost', 17549))
[2016-12-05 19:43:17] <Worker ('localhost', 38247)> sending ('COORDINATOR_TO_WORKER_INT_ACK', ('localhost', 38247)) to ('localhost', 17549)
[2016-12-05 19:43:17] <Worker ('localhost', 27172)> received ('COORDINATOR_TO_WORKER_INIT', ('localhost', 17549))
[2016-12-05 19:43:17] <Worker ('localhost', 27172)> sending ('COORDINATOR_TO_WORKER_INT_ACK', ('localhost', 27172)) to ('localhost', 17549)
[2016-12-05 19:43:17] <Coordinator4>sending ('COORDINATOR_TO_WORKER_INIT', 4) to ('localhost', 32358)
[2016-12-05 19:43:17] <Worker ('localhost', 32358)> received ('COORDINATOR_TO_WORKER_INIT', ('localhost', 17549))
[2016-12-05 19:43:17] <Worker ('localhost', 32358)> sending ('COORDINATOR_TO_WORKER_INT_ACK', ('localhost', 32358)) to ('localhost', 17549)
[2016-12-05 19:43:17] Client is up
[2016-12-05 19:43:17] contents of requests : [{'defReadAttr': {'readObjectAttr': '', 'writeObjectAttr': 'viewCount'}, 'mightWriteAttr': {'readObjectAttr': '', 'writeObjectAttr': 'payViewCount'}, 'mightWriteObj': '2', 'writeObjectId': '102', 'readObjectId': '2', 'action': 'view', 'mightReadAttr': {'readObjectAttr': 'paymentDone', 'writeObjectAttr': ''}, 'delay': {'WORKER_INITIAL': '2'}}, {'defReadAttr': {'readObjectAttr': 'moviesWatched', 'writeObjectAttr': 'viewCount'}, 'mightWriteAttr': {'readObjectAttr': '', 'writeObjectAttr': ''}, 'mightWriteObj': '0', 'writeObjectId': '102', 'readObjectId': '2', 'action': 'stat', 'mightReadAttr': {'readObjectAttr': '', 'writeObjectAttr': ''}, 'delay': {'CLIENT': '1'}}]
[2016-12-05 19:43:17] Client sending ('READ_COORDINATOR_INITIAL',{'defReadAttr': {'readObjectAttr': '', 'writeObjectAttr': 'viewCount'}, 'mightWriteAttr': {'readObjectAttr': '', 'writeObjectAttr': 'payViewCount'}, 'mightWriteObj': '2', 'writeObjectId': '102', 'readObjectId': '2', 'action': 'view', 'mightReadAttr': {'readObjectAttr': 'paymentDone', 'writeObjectAttr': ''}, 'client': <Client('localhost', 30156)>, 'delay': {'WORKER_INITIAL': '2'}}) to ('localhost', 20272)
[2016-12-05 19:43:17] <Coordinator2>received ('READ_COORDINATOR_INITIAL', {'defReadAttr': {'readObjectAttr': '', 'writeObjectAttr': 'viewCount'}, 'mightWriteAttr': {'readObjectAttr': '', 'writeObjectAttr': 'payViewCount'}, 'mightWriteObj': '2', 'writeObjectId': '102', 'readObjectId': '2', 'action': 'view', 'mightReadAttr': {'readObjectAttr': 'paymentDone', 'writeObjectAttr': ''}, 'client': <Client('localhost', 30156)>, 'delay': {'WORKER_INITIAL': '2'}}) from ('localhost', 30156)
[2016-12-05 19:43:17] request assigned Id tzXYOjvEYf
[2016-12-05 19:43:17] get cached updates at timeStamp
[2016-12-05 19:43:17] request tzXYOjvEYf is read-write request
[2016-12-05 19:43:17] request tzXYOjvEYfis being to sent to writeObject Coord('localhost', 34369)
[2016-12-05 19:43:17] <Coordinator1>received ('WRITE_COORDINATOR_INITIAL',{'defReadAttr': {'readObjectAttr': '', 'writeObjectAttr': 'viewCount'}, 'mightWriteAttr': {'readObjectAttr': '', 'writeObjectAttr': 'payViewCount'}, 'mightWriteObj': '2', 'writeObjectId': '102', 'cachedUpdate': {'readObject': {}}, 'timeStamp': 1480984997.6771526, 'client': <Client('localhost', 30156)>, 'requestId': 'tzXYOjvEYf', 'readObjectId': '2', 'mightReadAttr': {'readObjectAttr': 'paymentDone', 'writeObjectAttr': ''}, 'action': 'view', 'delay': {'WORKER_INITIAL': '2'}}) from ('localhost', 20272)
[2016-12-05 19:43:17] get cached updates at timeStamp
[2016-12-05 19:43:17] request tzXYOjvEYf is read-write request
[2016-12-05 19:43:17] request tzXYOjvEYfis being sent to worker('localhost', 36814)
[2016-12-05 19:43:17] <Worker ('localhost', 36814)> received ('WORKER_INITIAL', ('localhost', 36814)) from('localhost', 34369)
[2016-12-05 19:43:17] <Worker ('localhost', 36814)> sleeping for 2 second(s)
[2016-12-05 19:43:17] <Client ('localhost', 30156)> sleeping for 1 second(s)
[2016-12-05 19:43:18] <Client ('localhost', 30156)> resumed from sleeping
[2016-12-05 19:43:18] Client sending ('READ_COORDINATOR_INITIAL',{'defReadAttr': {'readObjectAttr': 'moviesWatched', 'writeObjectAttr': 'viewCount'}, 'mightWriteAttr': {'readObjectAttr': '', 'writeObjectAttr': ''}, 'mightWriteObj': '0', 'writeObjectId': '102', 'readObjectId': '2', 'action': 'stat', 'mightReadAttr': {'readObjectAttr': '', 'writeObjectAttr': ''}, 'client': <Client('localhost', 30156)>, 'delay': {'CLIENT': '1'}}) to ('localhost', 20272)
[2016-12-05 19:43:18] <Coordinator2>received ('READ_COORDINATOR_INITIAL', {'defReadAttr': {'readObjectAttr': 'moviesWatched', 'writeObjectAttr': 'viewCount'}, 'mightWriteAttr': {'readObjectAttr': '', 'writeObjectAttr': ''}, 'mightWriteObj': '0', 'writeObjectId': '102', 'readObjectId': '2', 'action': 'stat', 'mightReadAttr': {'readObjectAttr': '', 'writeObjectAttr': ''}, 'client': <Client('localhost', 30156)>, 'delay': {'CLIENT': '1'}}) from ('localhost', 30156)
[2016-12-05 19:43:18] request assigned Id HPmPoFxHNX
[2016-12-05 19:43:18] get cached updates at timeStamp
[2016-12-05 19:43:18] request HPmPoFxHNX is read-read request
[2016-12-05 19:43:18] request HPmPoFxHNXis being to sent to writeObject Coord('localhost', 34369)
[2016-12-05 19:43:18] <Coordinator1>received ('WRITE_COORDINATOR_INITIAL',{'defReadAttr': {'readObjectAttr': 'moviesWatched', 'writeObjectAttr': 'viewCount'}, 'mightWriteAttr': {'readObjectAttr': '', 'writeObjectAttr': ''}, 'mightWriteObj': '0', 'writeObjectId': '102', 'cachedUpdate': {'readObject': {}}, 'timeStamp': 1480984998.6849597, 'client': <Client('localhost', 30156)>, 'requestId': 'HPmPoFxHNX', 'readObjectId': '2', 'mightReadAttr': {'readObjectAttr': '', 'writeObjectAttr': ''}, 'action': 'stat', 'delay': {'CLIENT': '1'}}) from ('localhost', 20272)
[2016-12-05 19:43:18] get cached updates at timeStamp
[2016-12-05 19:43:18] request HPmPoFxHNX is read-read request
[2016-12-05 19:43:18] request HPmPoFxHNXis being sent to worker('localhost', 27299)
[2016-12-05 19:43:18] <Worker ('localhost', 27299)> received ('WORKER_INITIAL', ('localhost', 27299)) from('localhost', 34369)
[2016-12-05 19:43:18] <Worker ('localhost', 27299)>received read-read requestHPmPoFxHNX
[2016-12-05 19:43:18] <Worker ('localhost', 27299)> sending ('QUERY_READ_WRITE_OBJECT', {'defReadAttr': {'readObjectAttr': 'moviesWatched', 'writeObjectAttr': 'viewCount'}, 'mightWriteAttr': {'readObjectAttr': '', 'writeObjectAttr': ''}, 'mightWriteObj': '0', 'writeObjectId': '102', 'cachedUpdate': {'writeObject': {}, 'readObject': {}}, 'timeStamp': 1480984998.6849597, 'client': <Client('localhost', 30156)>, 'requestId': 'HPmPoFxHNX', 'readObjectId': '2', 'mightReadAttr': {'readObjectAttr': '', 'writeObjectAttr': ''}, 'action': 'stat', 'delay': {'CLIENT': '1'}}) to {<DatabaseEmulator('localhost', 36013)>}
[2016-12-05 19:43:18] <Database> received ('QUERY_READ_WRITE_OBJECT', {'defReadAttr': {'readObjectAttr': 'moviesWatched', 'writeObjectAttr': 'viewCount'}, 'mightWriteAttr': {'readObjectAttr': '', 'writeObjectAttr': ''}, 'mightWriteObj': '0', 'writeObjectId': '102', 'cachedUpdate': {'writeObject': {}, 'readObject': {}}, 'timeStamp': 1480984998.6849597, 'client': <Client('localhost', 30156)>, 'requestId': 'HPmPoFxHNX', 'readObjectId': '2', 'mightReadAttr': {'readObjectAttr': '', 'writeObjectAttr': ''}, 'action': 'stat', 'delay': {'CLIENT': '1'}}) from ('localhost', 27299)
[2016-12-05 19:43:18] <Database> sending ('ANSWER_READ_WRITE_OBJECT', {'defReadAttr': {'readObjectAttr': 'moviesWatched', 'writeObjectAttr': 'viewCount'}, 'mightWriteAttr': {'readObjectAttr': '', 'writeObjectAttr': ''}, 'mightWriteObj': '0', 'writeObjectId': '102', 'cachedUpdate': {'writeObject': {}, 'readObject': {}}, 'timeStamp': 1480984998.6849597, 'client': <Client('localhost', 30156)>, 'requestId': 'HPmPoFxHNX', 'readObjectId': '2', 'mightReadAttr': {'readObjectAttr': '', 'writeObjectAttr': ''}, 'action': 'stat', 'delay': {'CLIENT': '1'}}, {'writeObject': {'payViewCount': 0, 'watched': 'true', 'objectId': '102', 'name': 'Shawshank Redemption', 'viewCount': 40}, 'readObject': {'moviesWatched': 5, 'paymentDone': True, 'name': 'Shikhar', 'objectId': '2'}}) to ('localhost', 27299)
[2016-12-05 19:43:18] <Worker ('localhost', 27299)>received ('ANSWER_READ_WRITE_OBJECT', {'defReadAttr': {'readObjectAttr': 'moviesWatched', 'writeObjectAttr': 'viewCount'}, 'mightWriteAttr': {'readObjectAttr': '', 'writeObjectAttr': ''}, 'mightWriteObj': '0', 'writeObjectId': '102', 'cachedUpdate': {'writeObject': {}, 'readObject': {}}, 'timeStamp': 1480984998.6849597, 'client': <Client('localhost', 30156)>, 'requestId': 'HPmPoFxHNX', 'readObjectId': '2', 'mightReadAttr': {'readObjectAttr': '', 'writeObjectAttr': ''}, 'action': 'stat', 'delay': {'CLIENT': '1'}}, HPmPoFxHNX, {'writeObject': {'payViewCount': 0, 'watched': 'true', 'objectId': '102', 'name': 'Shawshank Redemption', 'viewCount': 40}, 'readObject': {'moviesWatched': 5, 'paymentDone': True, 'name': 'Shikhar', 'objectId': '2'}}) from('localhost', 36013)
[2016-12-05 19:43:18] request HPmPoFxHNX is read only request 
[2016-12-05 19:43:18] sending decision to client for request HPmPoFxHNX
[2016-12-05 19:43:18] <Client ('localhost', 30156)> received ('CLIENT_DECISION', {'defReadAttr': {'readObjectAttr': 'moviesWatched', 'writeObjectAttr': 'viewCount'}, 'mightWriteAttr': {'readObjectAttr': '', 'writeObjectAttr': ''}, 'mightWriteObj': '0', 'writeObjectId': '102', 'updatedObj': -1, 'timeStamp': 1480984998.6849597, 'client': <Client('localhost', 30156)>, 'cachedUpdate': {'writeObject': {}, 'readObject': {}}, 'requestId': 'HPmPoFxHNX', 'readObjectId': '2', 'updates': {'writeObject': {'id': '102'}, 'readObject': {'id': '2'}}, 'readAttr': {'writeObject': {'viewCount': 40}, 'readObject': {'moviesWatched': 5}}, 'mightReadAttr': {'readObjectAttr': '', 'writeObjectAttr': ''}, 'action': 'stat', 'readObj': -1, 'result': True, 'delay': {'CLIENT': '1'}}) from ('localhost', 27299)DECISION :True
[2016-12-05 19:43:18] sending request ('READ_ATTR', {'defReadAttr': {'readObjectAttr': 'moviesWatched', 'writeObjectAttr': 'viewCount'}, 'mightWriteAttr': {'readObjectAttr': '', 'writeObjectAttr': ''}, 'mightWriteObj': '0', 'writeObjectId': '102', 'updatedObj': -1, 'cachedUpdate': {'writeObject': {}, 'readObject': {}}, 'timeStamp': 1480984998.6849597, 'client': <Client('localhost', 30156)>, 'requestId': 'HPmPoFxHNX', 'readObjectId': '2', 'updates': {'writeObject': {'id': '102'}, 'readObject': {'id': '2'}}, 'readAttr': {'writeObject': {'viewCount': 40}, 'readObject': {'moviesWatched': 5}}, 'mightReadAttr': {'readObjectAttr': '', 'writeObjectAttr': ''}, 'action': 'stat', 'readObj': -1, 'result': True, 'delay': {'CLIENT': '1'}}, 1) to ('localhost', 20272)
[2016-12-05 19:43:18] <Coordinator2>received ('READ_ATTR',{'defReadAttr': {'readObjectAttr': 'moviesWatched', 'writeObjectAttr': 'viewCount'}, 'mightWriteAttr': {'readObjectAttr': '', 'writeObjectAttr': ''}, 'mightWriteObj': '0', 'writeObjectId': '102', 'updatedObj': -1, 'timeStamp': 1480984998.6849597, 'client': <Client('localhost', 30156)>, 'cachedUpdate': {'writeObject': {}, 'readObject': {}}, 'requestId': 'HPmPoFxHNX', 'readObjectId': '2', 'updates': {'writeObject': {'id': '102'}, 'readObject': {'id': '2'}}, 'readAttr': {'writeObject': {'viewCount': 40}, 'readObject': {'moviesWatched': 5}}, 'mightReadAttr': {'readObjectAttr': '', 'writeObjectAttr': ''}, 'action': 'stat', 'readObj': -1, 'result': True, 'delay': {'CLIENT': '1'}}, 1) from ('localhost', 27299)
[2016-12-05 19:43:18] sending request ('READ_ATTR', {'defReadAttr': {'readObjectAttr': 'moviesWatched', 'writeObjectAttr': 'viewCount'}, 'mightWriteAttr': {'readObjectAttr': '', 'writeObjectAttr': ''}, 'mightWriteObj': '0', 'writeObjectId': '102', 'updatedObj': -1, 'cachedUpdate': {'writeObject': {}, 'readObject': {}}, 'timeStamp': 1480984998.6849597, 'client': <Client('localhost', 30156)>, 'requestId': 'HPmPoFxHNX', 'readObjectId': '2', 'updates': {'writeObject': {'id': '102'}, 'readObject': {'id': '2'}}, 'readAttr': {'writeObject': {'viewCount': 40}, 'readObject': {'moviesWatched': 5}}, 'mightReadAttr': {'readObjectAttr': '', 'writeObjectAttr': ''}, 'action': 'stat', 'readObj': -1, 'result': True, 'delay': {'CLIENT': '1'}}, 2) to ('localhost', 34369)
[2016-12-05 19:43:18] <Coordinator1>received ('READ_ATTR',{'defReadAttr': {'readObjectAttr': 'moviesWatched', 'writeObjectAttr': 'viewCount'}, 'mightWriteAttr': {'readObjectAttr': '', 'writeObjectAttr': ''}, 'mightWriteObj': '0', 'writeObjectId': '102', 'updatedObj': -1, 'timeStamp': 1480984998.6849597, 'client': <Client('localhost', 30156)>, 'cachedUpdate': {'writeObject': {}, 'readObject': {}}, 'requestId': 'HPmPoFxHNX', 'readObjectId': '2', 'updates': {'writeObject': {'id': '102'}, 'readObject': {'id': '2'}}, 'readAttr': {'writeObject': {'viewCount': 40}, 'readObject': {'moviesWatched': 5}}, 'mightReadAttr': {'readObjectAttr': '', 'writeObjectAttr': ''}, 'action': 'stat', 'readObj': -1, 'result': True, 'delay': {'CLIENT': '1'}}, 2) from ('localhost', 27299)
[2016-12-05 19:43:19] <Worker ('localhost', 36814)> resumed from sleeping
[2016-12-05 19:43:19] <Worker ('localhost', 36814)> received read-write request tzXYOjvEYf
[2016-12-05 19:43:19] <Worker ('localhost', 36814)> sending ('QUERY_READ_WRITE_OBJECT', {'defReadAttr': {'readObjectAttr': '', 'writeObjectAttr': 'viewCount'}, 'mightWriteAttr': {'readObjectAttr': '', 'writeObjectAttr': 'payViewCount'}, 'mightWriteObj': '2', 'writeObjectId': '102', 'cachedUpdate': {'writeObject': {}, 'readObject': {}}, 'timeStamp': 1480984997.6771526, 'client': <Client('localhost', 30156)>, 'requestId': 'tzXYOjvEYf', 'readObjectId': '2', 'mightReadAttr': {'readObjectAttr': 'paymentDone', 'writeObjectAttr': ''}, 'action': 'view', 'delay': {'WORKER_INITIAL': '2'}}) to {<DatabaseEmulator('localhost', 36013)>}
[2016-12-05 19:43:19] <Database> received ('QUERY_READ_WRITE_OBJECT', {'defReadAttr': {'readObjectAttr': '', 'writeObjectAttr': 'viewCount'}, 'mightWriteAttr': {'readObjectAttr': '', 'writeObjectAttr': 'payViewCount'}, 'mightWriteObj': '2', 'writeObjectId': '102', 'cachedUpdate': {'writeObject': {}, 'readObject': {}}, 'timeStamp': 1480984997.6771526, 'client': <Client('localhost', 30156)>, 'requestId': 'tzXYOjvEYf', 'readObjectId': '2', 'mightReadAttr': {'readObjectAttr': 'paymentDone', 'writeObjectAttr': ''}, 'action': 'view', 'delay': {'WORKER_INITIAL': '2'}}) from ('localhost', 36814)
[2016-12-05 19:43:19] <Database> sending ('ANSWER_READ_WRITE_OBJECT', {'defReadAttr': {'readObjectAttr': '', 'writeObjectAttr': 'viewCount'}, 'mightWriteAttr': {'readObjectAttr': '', 'writeObjectAttr': 'payViewCount'}, 'mightWriteObj': '2', 'writeObjectId': '102', 'cachedUpdate': {'writeObject': {}, 'readObject': {}}, 'timeStamp': 1480984997.6771526, 'client': <Client('localhost', 30156)>, 'requestId': 'tzXYOjvEYf', 'readObjectId': '2', 'mightReadAttr': {'readObjectAttr': 'paymentDone', 'writeObjectAttr': ''}, 'action': 'view', 'delay': {'WORKER_INITIAL': '2'}}, {'writeObject': {'payViewCount': 0, 'watched': 'true', 'objectId': '102', 'name': 'Shawshank Redemption', 'viewCount': 40}, 'readObject': {'moviesWatched': 5, 'paymentDone': True, 'name': 'Shikhar', 'objectId': '2'}}) to ('localhost', 36814)
[2016-12-05 19:43:19] <Worker ('localhost', 36814)>received ('ANSWER_READ_WRITE_OBJECT', {'defReadAttr': {'readObjectAttr': '', 'writeObjectAttr': 'viewCount'}, 'mightWriteAttr': {'readObjectAttr': '', 'writeObjectAttr': 'payViewCount'}, 'mightWriteObj': '2', 'writeObjectId': '102', 'cachedUpdate': {'writeObject': {}, 'readObject': {}}, 'timeStamp': 1480984997.6771526, 'client': <Client('localhost', 30156)>, 'requestId': 'tzXYOjvEYf', 'readObjectId': '2', 'mightReadAttr': {'readObjectAttr': 'paymentDone', 'writeObjectAttr': ''}, 'action': 'view', 'delay': {'WORKER_INITIAL': '2'}}, tzXYOjvEYf, {'writeObject': {'payViewCount': 0, 'watched': 'true', 'objectId': '102', 'name': 'Shawshank Redemption', 'viewCount': 40}, 'readObject': {'moviesWatched': 5, 'paymentDone': True, 'name': 'Shikhar', 'objectId': '2'}}) from('localhost', 36013)
[2016-12-05 19:43:19] request tzXYOjvEYf is read write request 
[2016-12-05 19:43:19] sending request tzXYOjvEYf to ('localhost', 34369)
[2016-12-05 19:43:19] <Coordinator1>received ('RESULT',{'defReadAttr': {'readObjectAttr': '', 'writeObjectAttr': 'viewCount'}, 'mightWriteAttr': {'readObjectAttr': '', 'writeObjectAttr': 'payViewCount'}, 'mightWriteObj': '2', 'writeObjectId': '102', 'updatedObj': '102', 'timeStamp': 1480984997.6771526, 'client': <Client('localhost', 30156)>, 'cachedUpdate': {'writeObject': {}, 'readObject': {}}, 'requestId': 'tzXYOjvEYf', 'readObjectId': '2', 'updates': {'writeObject': {'id': '102', 'viewCount': 41}, 'readObject': {'id': '2'}}, 'readAttr': {'writeObject': {'viewCount': 40}, 'readObject': {}}, 'mightReadAttr': {'readObjectAttr': 'paymentDone', 'writeObjectAttr': ''}, 'action': 'view', 'readObj': '2', 'result': True, 'delay': {'WORKER_INITIAL': '2'}}) from ('localhost', 36814)
[2016-12-05 19:43:19] Conflict found for request tzXYOjvEYf
[2016-12-05 19:43:19] Trying to Restart request tzXYOjvEYf
[2016-12-05 19:43:19] <Coordinator1> sending ('RESTART, {'defReadAttr': {'readObjectAttr': '', 'writeObjectAttr': 'viewCount'}, 'mightWriteAttr': {'readObjectAttr': '', 'writeObjectAttr': 'payViewCount'}, 'mightWriteObj': '2', 'writeObjectId': '102', 'updatedObj': '102', 'timeStamp': 1480984997.6771526, 'client': <Client('localhost', 30156)>, 'cachedUpdate': {'writeObject': {}, 'readObject': {}}, 'requestId': 'tzXYOjvEYf', 'readObjectId': '2', 'updates': {'writeObject': {'id': '102', 'viewCount': 41}, 'readObject': {'id': '2'}}, 'readAttr': {'writeObject': {'viewCount': 40}, 'readObject': {}}, 'mightReadAttr': {'readObjectAttr': 'paymentDone', 'writeObjectAttr': ''}, 'action': 'view', 'readObj': '2', 'result': True, 'delay': {'WORKER_INITIAL': '2'}}') to ('localhost', 20272)
[2016-12-05 19:43:19] <Coordinator2> received ('RESTART', {'defReadAttr': {'readObjectAttr': '', 'writeObjectAttr': 'viewCount'}, 'mightWriteAttr': {'readObjectAttr': '', 'writeObjectAttr': 'payViewCount'}, 'mightWriteObj': '2', 'writeObjectId': '102', 'updatedObj': '102', 'timeStamp': 1480984997.6771526, 'client': <Client('localhost', 30156)>, 'cachedUpdate': {'writeObject': {}, 'readObject': {}}, 'requestId': 'tzXYOjvEYf', 'readObjectId': '2', 'updates': {'writeObject': {'id': '102', 'viewCount': 41}, 'readObject': {'id': '2'}}, 'readAttr': {'writeObject': {'viewCount': 40}, 'readObject': {}}, 'mightReadAttr': {'readObjectAttr': 'paymentDone', 'writeObjectAttr': ''}, 'action': 'view', 'readObj': '2', 'result': True, 'delay': {'WORKER_INITIAL': '2'}}) from ('localhost', 34369)
[2016-12-05 19:43:19] Restarting request tzXYOjvEYf; sending ('READ_COORDINATOR_INITIAL',{'defReadAttr': {'readObjectAttr': '', 'writeObjectAttr': 'viewCount'}, 'mightWriteAttr': {'readObjectAttr': '', 'writeObjectAttr': 'payViewCount'}, 'mightWriteObj': '2', 'writeObjectId': '102', 'client': <Client('localhost', 30156)>, 'requestId': 'tzXYOjvEYf', 'readObjectId': '2', 'mightReadAttr': {'readObjectAttr': 'paymentDone', 'writeObjectAttr': ''}, 'action': 'view', 'delay': {'WORKER_INITIAL': '2'}}) to ('localhost', 20272)
[2016-12-05 19:43:19] <Coordinator2>received ('READ_COORDINATOR_INITIAL', {'defReadAttr': {'readObjectAttr': '', 'writeObjectAttr': 'viewCount'}, 'mightWriteAttr': {'readObjectAttr': '', 'writeObjectAttr': 'payViewCount'}, 'mightWriteObj': '2', 'writeObjectId': '102', 'readObjectId': '2', 'requestId': 'tzXYOjvEYf', 'action': 'view', 'client': <Client('localhost', 30156)>, 'mightReadAttr': {'readObjectAttr': 'paymentDone', 'writeObjectAttr': ''}, 'delay': {'WORKER_INITIAL': '2'}}) from ('localhost', 20272)
[2016-12-05 19:43:19] request assigned Id EvpVNoXOvz
[2016-12-05 19:43:19] get cached updates at timeStamp
[2016-12-05 19:43:19] request EvpVNoXOvz is read-write request
[2016-12-05 19:43:19] request EvpVNoXOvzis being to sent to writeObject Coord('localhost', 34369)
[2016-12-05 19:43:19] <Coordinator1>received ('WRITE_COORDINATOR_INITIAL',{'defReadAttr': {'readObjectAttr': '', 'writeObjectAttr': 'viewCount'}, 'mightWriteAttr': {'readObjectAttr': '', 'writeObjectAttr': 'payViewCount'}, 'mightWriteObj': '2', 'writeObjectId': '102', 'cachedUpdate': {'readObject': {}}, 'timeStamp': 1480984999.6897035, 'client': <Client('localhost', 30156)>, 'requestId': 'EvpVNoXOvz', 'readObjectId': '2', 'mightReadAttr': {'readObjectAttr': 'paymentDone', 'writeObjectAttr': ''}, 'action': 'view', 'delay': {'WORKER_INITIAL': '2'}}) from ('localhost', 20272)
[2016-12-05 19:43:19] get cached updates at timeStamp
[2016-12-05 19:43:19] request EvpVNoXOvz is read-write request
[2016-12-05 19:43:19] request EvpVNoXOvzis being sent to worker('localhost', 28451)
[2016-12-05 19:43:19] <Worker ('localhost', 28451)> received ('WORKER_INITIAL', ('localhost', 28451)) from('localhost', 34369)
[2016-12-05 19:43:19] <Worker ('localhost', 28451)> sleeping for 2 second(s)
[2016-12-05 19:43:21] <Worker ('localhost', 28451)> resumed from sleeping
[2016-12-05 19:43:21] <Worker ('localhost', 28451)> received read-write request EvpVNoXOvz
[2016-12-05 19:43:21] <Worker ('localhost', 28451)> sending ('QUERY_READ_WRITE_OBJECT', {'defReadAttr': {'readObjectAttr': '', 'writeObjectAttr': 'viewCount'}, 'mightWriteAttr': {'readObjectAttr': '', 'writeObjectAttr': 'payViewCount'}, 'mightWriteObj': '2', 'writeObjectId': '102', 'cachedUpdate': {'writeObject': {}, 'readObject': {}}, 'timeStamp': 1480984999.6897035, 'client': <Client('localhost', 30156)>, 'requestId': 'EvpVNoXOvz', 'readObjectId': '2', 'mightReadAttr': {'readObjectAttr': 'paymentDone', 'writeObjectAttr': ''}, 'action': 'view', 'delay': {'WORKER_INITIAL': '2'}}) to {<DatabaseEmulator('localhost', 36013)>}
[2016-12-05 19:43:21] <Database> received ('QUERY_READ_WRITE_OBJECT', {'defReadAttr': {'readObjectAttr': '', 'writeObjectAttr': 'viewCount'}, 'mightWriteAttr': {'readObjectAttr': '', 'writeObjectAttr': 'payViewCount'}, 'mightWriteObj': '2', 'writeObjectId': '102', 'cachedUpdate': {'writeObject': {}, 'readObject': {}}, 'timeStamp': 1480984999.6897035, 'client': <Client('localhost', 30156)>, 'requestId': 'EvpVNoXOvz', 'readObjectId': '2', 'mightReadAttr': {'readObjectAttr': 'paymentDone', 'writeObjectAttr': ''}, 'action': 'view', 'delay': {'WORKER_INITIAL': '2'}}) from ('localhost', 28451)
[2016-12-05 19:43:21] <Database> sending ('ANSWER_READ_WRITE_OBJECT', {'defReadAttr': {'readObjectAttr': '', 'writeObjectAttr': 'viewCount'}, 'mightWriteAttr': {'readObjectAttr': '', 'writeObjectAttr': 'payViewCount'}, 'mightWriteObj': '2', 'writeObjectId': '102', 'cachedUpdate': {'writeObject': {}, 'readObject': {}}, 'timeStamp': 1480984999.6897035, 'client': <Client('localhost', 30156)>, 'requestId': 'EvpVNoXOvz', 'readObjectId': '2', 'mightReadAttr': {'readObjectAttr': 'paymentDone', 'writeObjectAttr': ''}, 'action': 'view', 'delay': {'WORKER_INITIAL': '2'}}, {'writeObject': {'payViewCount': 0, 'watched': 'true', 'objectId': '102', 'name': 'Shawshank Redemption', 'viewCount': 40}, 'readObject': {'moviesWatched': 5, 'paymentDone': True, 'name': 'Shikhar', 'objectId': '2'}}) to ('localhost', 28451)
[2016-12-05 19:43:21] <Worker ('localhost', 28451)>received ('ANSWER_READ_WRITE_OBJECT', {'defReadAttr': {'readObjectAttr': '', 'writeObjectAttr': 'viewCount'}, 'mightWriteAttr': {'readObjectAttr': '', 'writeObjectAttr': 'payViewCount'}, 'mightWriteObj': '2', 'writeObjectId': '102', 'cachedUpdate': {'writeObject': {}, 'readObject': {}}, 'timeStamp': 1480984999.6897035, 'client': <Client('localhost', 30156)>, 'requestId': 'EvpVNoXOvz', 'readObjectId': '2', 'mightReadAttr': {'readObjectAttr': 'paymentDone', 'writeObjectAttr': ''}, 'action': 'view', 'delay': {'WORKER_INITIAL': '2'}}, EvpVNoXOvz, {'writeObject': {'payViewCount': 0, 'watched': 'true', 'objectId': '102', 'name': 'Shawshank Redemption', 'viewCount': 40}, 'readObject': {'moviesWatched': 5, 'paymentDone': True, 'name': 'Shikhar', 'objectId': '2'}}) from('localhost', 36013)
[2016-12-05 19:43:21] request EvpVNoXOvz is read write request 
[2016-12-05 19:43:21] sending request EvpVNoXOvz to ('localhost', 34369)
[2016-12-05 19:43:21] <Coordinator1>received ('RESULT',{'defReadAttr': {'readObjectAttr': '', 'writeObjectAttr': 'viewCount'}, 'mightWriteAttr': {'readObjectAttr': '', 'writeObjectAttr': 'payViewCount'}, 'mightWriteObj': '2', 'writeObjectId': '102', 'updatedObj': '102', 'timeStamp': 1480984999.6897035, 'client': <Client('localhost', 30156)>, 'cachedUpdate': {'writeObject': {}, 'readObject': {}}, 'requestId': 'EvpVNoXOvz', 'readObjectId': '2', 'updates': {'writeObject': {'id': '102', 'viewCount': 41}, 'readObject': {'id': '2'}}, 'readAttr': {'writeObject': {'viewCount': 40}, 'readObject': {}}, 'mightReadAttr': {'readObjectAttr': 'paymentDone', 'writeObjectAttr': ''}, 'action': 'view', 'readObj': '2', 'result': True, 'delay': {'WORKER_INITIAL': '2'}}) from ('localhost', 28451)
[2016-12-05 19:43:21] <Coordinator1>sending updates to database
[2016-12-05 19:43:21] <Database> received ('UPDATE_OBJECT', {'id': '102', 'viewCount': 41}, 1480984999.6897035) from ('localhost', 34369)
[2016-12-05 19:43:21] <Database> sending ('UPDATE_OBJECT_SUCCESS', {'id': '102', 'viewCount': 41}) to ('localhost', 34369)
[2016-12-05 19:43:21] caching updates......
[2016-12-05 19:43:21] caching updates.....completed
[2016-12-05 19:43:21] sending decision to client for request EvpVNoXOvz
[2016-12-05 19:43:21] <Client ('localhost', 30156)> received ('CLIENT_DECISION', {'defReadAttr': {'readObjectAttr': '', 'writeObjectAttr': 'viewCount'}, 'mightWriteAttr': {'readObjectAttr': '', 'writeObjectAttr': 'payViewCount'}, 'mightWriteObj': '2', 'writeObjectId': '102', 'updatedObj': '102', 'timeStamp': 1480984999.6897035, 'client': <Client('localhost', 30156)>, 'cachedUpdate': {'writeObject': {}, 'readObject': {}}, 'requestId': 'EvpVNoXOvz', 'readObjectId': '2', 'updates': {'writeObject': {'id': '102', 'viewCount': 41}, 'readObject': {'id': '2'}}, 'readAttr': {'writeObject': {'viewCount': 40}, 'readObject': {}}, 'mightReadAttr': {'readObjectAttr': 'paymentDone', 'writeObjectAttr': ''}, 'action': 'view', 'readObj': '2', 'result': True, 'delay': {'WORKER_INITIAL': '2'}}) from ('localhost', 34369)DECISION :True
[2016-12-05 19:43:21] <Client ('localhost', 30156)>sending ('CLIENT_DONE') to ('localhost', 23511)
[2016-12-05 19:43:21] <Master> received ('CLIENT_DONE') from ('localhost', 30156)
[2016-12-05 19:43:21] All clients done
[2016-12-05 19:43:21] sending message READ_ATTR to ('localhost', 20272)for request : EvpVNoXOvz
[2016-12-05 19:43:21] <Coordinator2>received ('READ_ATTR',{'defReadAttr': {'readObjectAttr': '', 'writeObjectAttr': 'viewCount'}, 'mightWriteAttr': {'readObjectAttr': '', 'writeObjectAttr': 'payViewCount'}, 'mightWriteObj': '2', 'writeObjectId': '102', 'updatedObj': '102', 'timeStamp': 1480984999.6897035, 'client': <Client('localhost', 30156)>, 'cachedUpdate': {'writeObject': {}, 'readObject': {}}, 'requestId': 'EvpVNoXOvz', 'readObjectId': '2', 'updates': {'writeObject': {'id': '102', 'viewCount': 41}, 'readObject': {'id': '2'}}, 'readAttr': {'writeObject': {'viewCount': 40}, 'readObject': {}}, 'mightReadAttr': {'readObjectAttr': 'paymentDone', 'writeObjectAttr': ''}, 'action': 'view', 'readObj': '2', 'result': True, 'delay': {'WORKER_INITIAL': '2'}}, 1) from ('localhost', 34369)
[2016-12-05 19:43:24] <Database> received ('DUMP_DATABASE', '../db/database3.txt') from ('localhost', 23511)
[2016-12-05 19:43:24] <Database> sending ('DUMP_DATABASE_SUCCESS) to ('localhost', 23511)
[2016-12-05 19:43:24] <Master> received ('DUMP_DATABASE_SUCCESS') from ('localhost', 36013)
