[2016-12-05 19:27:59] dbLatency : 1
[2016-12-05 19:27:59] <Master> sending ('QUERY_TOTAL_RECORDS') to {<DatabaseEmulator('localhost', 10929)>}
[2016-12-05 19:27:59] database setup started
[2016-12-05 19:27:59] database Latency : 1
[2016-12-05 19:27:59] Database Content: 
[2016-12-05 19:27:59] Database Record : [{'name': 'Siddharth', 'moviesWatched': 9, 'objectId': '1', 'paymentDone': True}, {'name': 'Shikhar', 'moviesWatched': 5, 'objectId': '2', 'paymentDone': True}, {'name': 'Dexter', 'moviesWatched': 10, 'objectId': '3', 'paymentDone': True}, {'name': 'The Matrix', 'viewCount': 49, 'payViewCount': 0, 'watched': 'false', 'objectId': '101'}, {'name': 'Shawshank Redemption', 'viewCount': 40, 'payViewCount': 0, 'watched': 'true', 'objectId': '102'}]
[2016-12-05 19:27:59] Database List : ['1', '2', '3', '101', '102']
[2016-12-05 19:27:59] version Info : {('102', 'name'): [<Version.DBVersion object at 0x7f8e602881d0>], ('101', 'name'): [<Version.DBVersion object at 0x7f8e602880b8>], ('1', 'paymentDone'): [<Version.DBVersion object at 0x7f8e60285e80>], ('1', 'objectId'): [<Version.DBVersion object at 0x7f8e60285e48>], ('2', 'name'): [<Version.DBVersion object at 0x7f8e60285eb8>], ('3', 'moviesWatched'): [<Version.DBVersion object at 0x7f8e60285fd0>], ('3', 'paymentDone'): [<Version.DBVersion object at 0x7f8e60288080>], ('3', 'objectId'): [<Version.DBVersion object at 0x7f8e60288048>], ('101', 'watched'): [<Version.DBVersion object at 0x7f8e60288160>], ('1', 'name'): [<Version.DBVersion object at 0x7f8e60285dd8>], ('102', 'watched'): [<Version.DBVersion object at 0x7f8e60288278>], ('101', 'objectId'): [<Version.DBVersion object at 0x7f8e60288198>], ('2', 'moviesWatched'): [<Version.DBVersion object at 0x7f8e60285ef0>], ('102', 'objectId'): [<Version.DBVersion object at 0x7f8e602882b0>], ('101', 'payViewCount'): [<Version.DBVersion object at 0x7f8e60288128>], ('3', 'name'): [<Version.DBVersion object at 0x7f8e60285f98>], ('101', 'viewCount'): [<Version.DBVersion object at 0x7f8e602880f0>], ('102', 'payViewCount'): [<Version.DBVersion object at 0x7f8e60288240>], ('1', 'moviesWatched'): [<Version.DBVersion object at 0x7f8e60285e10>], ('2', 'objectId'): [<Version.DBVersion object at 0x7f8e60285f28>], ('102', 'viewCount'): [<Version.DBVersion object at 0x7f8e60288208>], ('2', 'paymentDone'): [<Version.DBVersion object at 0x7f8e60285f60>]}
[2016-12-05 19:27:59] <Database> received ('QUERY_TOTAL_RECORDS', ('localhost', 16919))
[2016-12-05 19:27:59] <Database> sending ('ANSWER_TOTAL_OBJECTS', ['1', '2', '3', '101', '102']) to ('localhost', 16919)
[2016-12-05 19:27:59] <Master> received('ANSWER_TOTAL_OBJECTS', ['1', '2', '3', '101', '102'])
[2016-12-05 19:27:59] Starting Workers
[2016-12-05 19:27:59] <Coordinator0> is actually('localhost', 24600)
[2016-12-05 19:27:59] <Worker ('localhost', 20052)> is up
[2016-12-05 19:27:59] <Worker ('localhost', 22417)> is up
[2016-12-05 19:27:59] <Worker ('localhost', 20286)> is up
[2016-12-05 19:27:59] <Coordinator0>: responsible object list['1', '101']
[2016-12-05 19:27:59] <Coordinator1> is actually('localhost', 35333)
[2016-12-05 19:27:59] <Coordinator1>: responsible object list['2', '3', '102']
[2016-12-05 19:27:59] <Coordinator1>sending ('COORDINATOR_TO_WORKER_INIT', 1) to ('localhost', 20286)
[2016-12-05 19:27:59] <Coordinator0>sending ('COORDINATOR_TO_WORKER_INIT', 0) to ('localhost', 22417)
[2016-12-05 19:27:59] <Worker ('localhost', 22417)> received ('COORDINATOR_TO_WORKER_INIT', ('localhost', 24600))
[2016-12-05 19:27:59] <Worker ('localhost', 22417)> sending ('COORDINATOR_TO_WORKER_INT_ACK', ('localhost', 22417)) to ('localhost', 24600)
[2016-12-05 19:27:59] <Coordinator2> is actually('localhost', 19892)
[2016-12-05 19:27:59] <Coordinator2>: responsible object list[]
[2016-12-05 19:27:59] <Coordinator2>sending ('COORDINATOR_TO_WORKER_INIT', 2) to ('localhost', 20052)
[2016-12-05 19:27:59] <Worker ('localhost', 20052)> received ('COORDINATOR_TO_WORKER_INIT', ('localhost', 19892))
[2016-12-05 19:27:59] <Worker ('localhost', 20052)> sending ('COORDINATOR_TO_WORKER_INT_ACK', ('localhost', 20052)) to ('localhost', 19892)
[2016-12-05 19:27:59] <Worker ('localhost', 20286)> received ('COORDINATOR_TO_WORKER_INIT', ('localhost', 35333))
[2016-12-05 19:27:59] <Worker ('localhost', 20286)> sending ('COORDINATOR_TO_WORKER_INT_ACK', ('localhost', 20286)) to ('localhost', 35333)
[2016-12-05 19:27:59] Client is up
[2016-12-05 19:27:59] contents of requests : [{'action': 'view', 'mightReadAttr': {'readObjectAttr': 'paymentDone', 'writeObjectAttr': ''}, 'writeObjectId': '102', 'defReadAttr': {'readObjectAttr': '', 'writeObjectAttr': 'viewCount'}, 'readObjectId': '2', 'mightWriteObj': '2', 'mightWriteAttr': {'readObjectAttr': '', 'writeObjectAttr': 'payViewCount'}, 'delay': {}}]
[2016-12-05 19:27:59] Client sending ('READ_COORDINATOR_INITIAL',{'action': 'view', 'mightReadAttr': {'readObjectAttr': 'paymentDone', 'writeObjectAttr': ''}, 'writeObjectId': '102', 'client': <Client('localhost', 30267)>, 'defReadAttr': {'readObjectAttr': '', 'writeObjectAttr': 'viewCount'}, 'readObjectId': '2', 'mightWriteObj': '2', 'mightWriteAttr': {'readObjectAttr': '', 'writeObjectAttr': 'payViewCount'}, 'delay': {}}) to ('localhost', 35333)
[2016-12-05 19:27:59] <Coordinator1>received ('READ_COORDINATOR_INITIAL', {'action': 'view', 'mightReadAttr': {'readObjectAttr': 'paymentDone', 'writeObjectAttr': ''}, 'writeObjectId': '102', 'client': <Client('localhost', 30267)>, 'defReadAttr': {'readObjectAttr': '', 'writeObjectAttr': 'viewCount'}, 'readObjectId': '2', 'mightWriteObj': '2', 'mightWriteAttr': {'readObjectAttr': '', 'writeObjectAttr': 'payViewCount'}, 'delay': {}}) from ('localhost', 30267)
[2016-12-05 19:27:59] request assigned Id fNBOmAYWIW
[2016-12-05 19:27:59] get cached updates at timeStamp
[2016-12-05 19:27:59] request fNBOmAYWIW is read-write request
[2016-12-05 19:27:59] request fNBOmAYWIWis being to sent to writeObject Coord('localhost', 35333)
[2016-12-05 19:27:59] <Coordinator1>received ('WRITE_COORDINATOR_INITIAL',{'mightWriteObj': '2', 'timeStamp': 1480984079.9189832, 'writeObjectId': '102', 'client': <Client('localhost', 30267)>, 'defReadAttr': {'readObjectAttr': '', 'writeObjectAttr': 'viewCount'}, 'delay': {}, 'mightWriteAttr': {'readObjectAttr': '', 'writeObjectAttr': 'payViewCount'}, 'action': 'view', 'mightReadAttr': {'readObjectAttr': 'paymentDone', 'writeObjectAttr': ''}, 'cachedUpdate': {'readObject': {}}, 'readObjectId': '2', 'requestId': 'fNBOmAYWIW'}) from ('localhost', 35333)
[2016-12-05 19:27:59] get cached updates at timeStamp
[2016-12-05 19:27:59] request fNBOmAYWIW is read-write request
[2016-12-05 19:27:59] request fNBOmAYWIWis being sent to worker('localhost', 20286)
[2016-12-05 19:27:59] <Worker ('localhost', 20286)> received ('WORKER_INITIAL', ('localhost', 20286)) from('localhost', 35333)
[2016-12-05 19:27:59] <Worker ('localhost', 20286)> received read-write request fNBOmAYWIW
[2016-12-05 19:27:59] <Worker ('localhost', 20286)> sending ('QUERY_READ_WRITE_OBJECT', {'mightWriteObj': '2', 'timeStamp': 1480984079.9189832, 'writeObjectId': '102', 'client': <Client('localhost', 30267)>, 'defReadAttr': {'readObjectAttr': '', 'writeObjectAttr': 'viewCount'}, 'delay': {}, 'mightWriteAttr': {'readObjectAttr': '', 'writeObjectAttr': 'payViewCount'}, 'action': 'view', 'mightReadAttr': {'readObjectAttr': 'paymentDone', 'writeObjectAttr': ''}, 'cachedUpdate': {'readObject': {}, 'writeObject': {}}, 'readObjectId': '2', 'requestId': 'fNBOmAYWIW'}) to {<DatabaseEmulator('localhost', 10929)>}
[2016-12-05 19:27:59] <Database> received ('QUERY_READ_WRITE_OBJECT', {'mightWriteObj': '2', 'timeStamp': 1480984079.9189832, 'writeObjectId': '102', 'client': <Client('localhost', 30267)>, 'defReadAttr': {'readObjectAttr': '', 'writeObjectAttr': 'viewCount'}, 'delay': {}, 'mightWriteAttr': {'readObjectAttr': '', 'writeObjectAttr': 'payViewCount'}, 'action': 'view', 'mightReadAttr': {'readObjectAttr': 'paymentDone', 'writeObjectAttr': ''}, 'cachedUpdate': {'readObject': {}, 'writeObject': {}}, 'readObjectId': '2', 'requestId': 'fNBOmAYWIW'}) from ('localhost', 20286)
[2016-12-05 19:27:59] <Database> sending ('ANSWER_READ_WRITE_OBJECT', {'mightWriteObj': '2', 'timeStamp': 1480984079.9189832, 'writeObjectId': '102', 'client': <Client('localhost', 30267)>, 'defReadAttr': {'readObjectAttr': '', 'writeObjectAttr': 'viewCount'}, 'delay': {}, 'mightWriteAttr': {'readObjectAttr': '', 'writeObjectAttr': 'payViewCount'}, 'action': 'view', 'mightReadAttr': {'readObjectAttr': 'paymentDone', 'writeObjectAttr': ''}, 'cachedUpdate': {'readObject': {}, 'writeObject': {}}, 'readObjectId': '2', 'requestId': 'fNBOmAYWIW'}, {'readObject': {'name': 'Shikhar', 'moviesWatched': 5, 'objectId': '2', 'paymentDone': True}, 'writeObject': {'name': 'Shawshank Redemption', 'viewCount': 40, 'payViewCount': 0, 'objectId': '102', 'watched': 'true'}}) to ('localhost', 20286)
[2016-12-05 19:27:59] <Worker ('localhost', 20286)>received ('ANSWER_READ_WRITE_OBJECT', {'mightWriteObj': '2', 'timeStamp': 1480984079.9189832, 'writeObjectId': '102', 'client': <Client('localhost', 30267)>, 'defReadAttr': {'readObjectAttr': '', 'writeObjectAttr': 'viewCount'}, 'delay': {}, 'mightWriteAttr': {'readObjectAttr': '', 'writeObjectAttr': 'payViewCount'}, 'action': 'view', 'mightReadAttr': {'readObjectAttr': 'paymentDone', 'writeObjectAttr': ''}, 'cachedUpdate': {'readObject': {}, 'writeObject': {}}, 'readObjectId': '2', 'requestId': 'fNBOmAYWIW'}, fNBOmAYWIW, {'readObject': {'name': 'Shikhar', 'moviesWatched': 5, 'objectId': '2', 'paymentDone': True}, 'writeObject': {'name': 'Shawshank Redemption', 'viewCount': 40, 'payViewCount': 0, 'objectId': '102', 'watched': 'true'}}) from('localhost', 10929)
[2016-12-05 19:27:59] request fNBOmAYWIW is read write request 
[2016-12-05 19:27:59] sending request fNBOmAYWIW to ('localhost', 35333)
[2016-12-05 19:27:59] <Coordinator1>received ('RESULT',{'mightWriteObj': '2', 'timeStamp': 1480984079.9189832, 'writeObjectId': '102', 'client': <Client('localhost', 30267)>, 'defReadAttr': {'readObjectAttr': '', 'writeObjectAttr': 'viewCount'}, 'delay': {}, 'updatedObj': '102', 'mightWriteAttr': {'readObjectAttr': '', 'writeObjectAttr': 'payViewCount'}, 'updates': {'readObject': {'id': '2'}, 'writeObject': {'viewCount': 41, 'id': '102'}}, 'action': 'view', 'mightReadAttr': {'readObjectAttr': 'paymentDone', 'writeObjectAttr': ''}, 'result': True, 'readAttr': {'readObject': {}, 'writeObject': {'viewCount': 40}}, 'cachedUpdate': {'readObject': {}, 'writeObject': {}}, 'readObjectId': '2', 'requestId': 'fNBOmAYWIW', 'readObj': '2'}) from ('localhost', 20286)
[2016-12-05 19:27:59] <Coordinator1>sending updates to database
[2016-12-05 19:27:59] <Database> received ('UPDATE_OBJECT', {'viewCount': 41, 'id': '102'}, 1480984079.9189832) from ('localhost', 35333)
[2016-12-05 19:27:59] <Database> sending ('UPDATE_OBJECT_SUCCESS', {'viewCount': 41, 'id': '102'}) to ('localhost', 35333)
[2016-12-05 19:27:59] caching updates......
[2016-12-05 19:27:59] caching updates.....completed
[2016-12-05 19:27:59] sending decision to client for request fNBOmAYWIW
[2016-12-05 19:27:59] sending message READ_ATTR to ('localhost', 35333)for request : fNBOmAYWIW
[2016-12-05 19:27:59] <Client ('localhost', 30267)> received ('CLIENT_DECISION', {'mightWriteObj': '2', 'timeStamp': 1480984079.9189832, 'writeObjectId': '102', 'client': <Client('localhost', 30267)>, 'defReadAttr': {'readObjectAttr': '', 'writeObjectAttr': 'viewCount'}, 'delay': {}, 'updatedObj': '102', 'mightWriteAttr': {'readObjectAttr': '', 'writeObjectAttr': 'payViewCount'}, 'updates': {'readObject': {'id': '2'}, 'writeObject': {'viewCount': 41, 'id': '102'}}, 'action': 'view', 'mightReadAttr': {'readObjectAttr': 'paymentDone', 'writeObjectAttr': ''}, 'result': True, 'readAttr': {'readObject': {}, 'writeObject': {'viewCount': 40}}, 'cachedUpdate': {'readObject': {}, 'writeObject': {}}, 'readObjectId': '2', 'requestId': 'fNBOmAYWIW', 'readObj': '2'}) from ('localhost', 35333)DECISION :True
[2016-12-05 19:27:59] <Client ('localhost', 30267)>sending ('CLIENT_DONE') to ('localhost', 16919)
[2016-12-05 19:27:59] <Master> received ('CLIENT_DONE') from ('localhost', 30267)
[2016-12-05 19:27:59] All clients done
[2016-12-05 19:28:00] <Coordinator1>received ('READ_ATTR',{'mightWriteObj': '2', 'timeStamp': 1480984079.9189832, 'writeObjectId': '102', 'client': <Client('localhost', 30267)>, 'defReadAttr': {'readObjectAttr': '', 'writeObjectAttr': 'viewCount'}, 'delay': {}, 'updatedObj': '102', 'mightWriteAttr': {'readObjectAttr': '', 'writeObjectAttr': 'payViewCount'}, 'updates': {'readObject': {'id': '2'}, 'writeObject': {'viewCount': 41, 'id': '102'}}, 'action': 'view', 'mightReadAttr': {'readObjectAttr': 'paymentDone', 'writeObjectAttr': ''}, 'result': True, 'readAttr': {'readObject': {}, 'writeObject': {'viewCount': 40}}, 'cachedUpdate': {'readObject': {}, 'writeObject': {}}, 'readObjectId': '2', 'requestId': 'fNBOmAYWIW', 'readObj': '2'}, 1) from ('localhost', 35333)
[2016-12-05 19:28:02] <Database> received ('DUMP_DATABASE', '../db/database1b.txt') from ('localhost', 16919)
[2016-12-05 19:28:02] <Database> sending ('DUMP_DATABASE_SUCCESS) to ('localhost', 16919)
[2016-12-05 19:28:02] <Master> received ('DUMP_DATABASE_SUCCESS') from ('localhost', 10929)
