[2016-12-05 19:27:06] dbLatency : 1
[2016-12-05 19:27:06] database setup started
[2016-12-05 19:27:06] database Latency : 1
[2016-12-05 19:27:06] <Master> sending ('QUERY_TOTAL_RECORDS') to {<DatabaseEmulator('localhost', 37514)>}
[2016-12-05 19:27:06] Database Content: 
[2016-12-05 19:27:06] Database Record : [{'name': 'Siddharth', 'moviesWatched': 9, 'objectId': '1', 'paymentDone': True}, {'name': 'Shikhar', 'moviesWatched': 5, 'objectId': '2', 'paymentDone': True}, {'name': 'Dexter', 'moviesWatched': 10, 'objectId': '3', 'paymentDone': True}, {'watched': 'false', 'name': 'The Matrix', 'payViewCount': 0, 'objectId': '101', 'viewCount': 49}, {'watched': 'true', 'name': 'Shawshank Redemption', 'payViewCount': 0, 'objectId': '102', 'viewCount': 40}]
[2016-12-05 19:27:06] Database List : ['1', '2', '3', '101', '102']
[2016-12-05 19:27:06] version Info : {('2', 'paymentDone'): [<Version.DBVersion object at 0x7fc79e9dce48>], ('102', 'viewCount'): [<Version.DBVersion object at 0x7fc79e9e0198>], ('101', 'name'): [<Version.DBVersion object at 0x7fc79e9dcf98>], ('101', 'payViewCount'): [<Version.DBVersion object at 0x7fc79e9dcfd0>], ('1', 'paymentDone'): [<Version.DBVersion object at 0x7fc79e9dcd68>], ('2', 'objectId'): [<Version.DBVersion object at 0x7fc79e9dce10>], ('2', 'name'): [<Version.DBVersion object at 0x7fc79e9dcda0>], ('102', 'name'): [<Version.DBVersion object at 0x7fc79e9e00f0>], ('1', 'name'): [<Version.DBVersion object at 0x7fc79e9dccc0>], ('1', 'moviesWatched'): [<Version.DBVersion object at 0x7fc79e9dccf8>], ('2', 'moviesWatched'): [<Version.DBVersion object at 0x7fc79e9dcdd8>], ('3', 'moviesWatched'): [<Version.DBVersion object at 0x7fc79e9dceb8>], ('1', 'objectId'): [<Version.DBVersion object at 0x7fc79e9dcd30>], ('101', 'objectId'): [<Version.DBVersion object at 0x7fc79e9e0048>], ('102', 'objectId'): [<Version.DBVersion object at 0x7fc79e9e0160>], ('101', 'watched'): [<Version.DBVersion object at 0x7fc79e9dcf60>], ('102', 'payViewCount'): [<Version.DBVersion object at 0x7fc79e9e0128>], ('101', 'viewCount'): [<Version.DBVersion object at 0x7fc79e9e0080>], ('3', 'objectId'): [<Version.DBVersion object at 0x7fc79e9dcef0>], ('102', 'watched'): [<Version.DBVersion object at 0x7fc79e9e00b8>], ('3', 'paymentDone'): [<Version.DBVersion object at 0x7fc79e9dcf28>], ('3', 'name'): [<Version.DBVersion object at 0x7fc79e9dce80>]}
[2016-12-05 19:27:06] <Database> received ('QUERY_TOTAL_RECORDS', ('localhost', 20397))
[2016-12-05 19:27:06] <Database> sending ('ANSWER_TOTAL_OBJECTS', ['1', '2', '3', '101', '102']) to ('localhost', 20397)
[2016-12-05 19:27:06] <Master> received('ANSWER_TOTAL_OBJECTS', ['1', '2', '3', '101', '102'])
[2016-12-05 19:27:06] Starting Workers
[2016-12-05 19:27:06] <Coordinator1> is actually('localhost', 24170)
[2016-12-05 19:27:06] <Coordinator0> is actually('localhost', 38207)
[2016-12-05 19:27:06] <Coordinator1>: responsible object list['1']
[2016-12-05 19:27:06] <Coordinator0>: responsible object list['2', '101', '102']
[2016-12-05 19:27:06] <Coordinator1>sending ('COORDINATOR_TO_WORKER_INIT', 1) to ('localhost', 35417)
[2016-12-05 19:27:06] <Coordinator0>sending ('COORDINATOR_TO_WORKER_INIT', 0) to ('localhost', 39398)
[2016-12-05 19:27:06] <Coordinator2> is actually('localhost', 39547)
[2016-12-05 19:27:06] <Coordinator2>: responsible object list['3']
[2016-12-05 19:27:06] <Coordinator2>sending ('COORDINATOR_TO_WORKER_INIT', 2) to ('localhost', 15340)
[2016-12-05 19:27:06] <Worker ('localhost', 39398)> is up
[2016-12-05 19:27:06] <Worker ('localhost', 15340)> is up
[2016-12-05 19:27:06] <Worker ('localhost', 35417)> is up
[2016-12-05 19:27:06] <Worker ('localhost', 15340)> received ('COORDINATOR_TO_WORKER_INIT', ('localhost', 39547))
[2016-12-05 19:27:06] <Worker ('localhost', 35417)> received ('COORDINATOR_TO_WORKER_INIT', ('localhost', 24170))
[2016-12-05 19:27:06] <Worker ('localhost', 39398)> received ('COORDINATOR_TO_WORKER_INIT', ('localhost', 38207))
[2016-12-05 19:27:06] <Worker ('localhost', 39398)> sending ('COORDINATOR_TO_WORKER_INT_ACK', ('localhost', 39398)) to ('localhost', 38207)
[2016-12-05 19:27:06] <Worker ('localhost', 15340)> sending ('COORDINATOR_TO_WORKER_INT_ACK', ('localhost', 15340)) to ('localhost', 39547)
[2016-12-05 19:27:06] <Worker ('localhost', 35417)> sending ('COORDINATOR_TO_WORKER_INT_ACK', ('localhost', 35417)) to ('localhost', 24170)
[2016-12-05 19:27:06] Client is up
[2016-12-05 19:27:06] contents of requests : [{'writeObjectId': '102', 'mightWriteAttr': {'readObjectAttr': '', 'writeObjectAttr': ''}, 'defReadAttr': {'readObjectAttr': 'moviesWatched', 'writeObjectAttr': 'viewCount'}, 'action': 'stat', 'mightWriteObj': '0', 'readObjectId': '2', 'mightReadAttr': {'readObjectAttr': '', 'writeObjectAttr': ''}, 'delay': {}}]
[2016-12-05 19:27:06] Client sending ('READ_COORDINATOR_INITIAL',{'writeObjectId': '102', 'mightWriteAttr': {'readObjectAttr': '', 'writeObjectAttr': ''}, 'defReadAttr': {'readObjectAttr': 'moviesWatched', 'writeObjectAttr': 'viewCount'}, 'action': 'stat', 'client': <Client('localhost', 19699)>, 'mightWriteObj': '0', 'readObjectId': '2', 'mightReadAttr': {'readObjectAttr': '', 'writeObjectAttr': ''}, 'delay': {}}) to ('localhost', 38207)
[2016-12-05 19:27:06] <Coordinator0>received ('READ_COORDINATOR_INITIAL', {'writeObjectId': '102', 'mightWriteAttr': {'readObjectAttr': '', 'writeObjectAttr': ''}, 'mightWriteObj': '0', 'action': 'stat', 'client': <Client('localhost', 19699)>, 'defReadAttr': {'readObjectAttr': 'moviesWatched', 'writeObjectAttr': 'viewCount'}, 'readObjectId': '2', 'mightReadAttr': {'readObjectAttr': '', 'writeObjectAttr': ''}, 'delay': {}}) from ('localhost', 19699)
[2016-12-05 19:27:06] request assigned Id lLHgTESPiI
[2016-12-05 19:27:06] get cached updates at timeStamp
[2016-12-05 19:27:06] request lLHgTESPiI is read-read request
[2016-12-05 19:27:06] request lLHgTESPiIis being to sent to writeObject Coord('localhost', 38207)
[2016-12-05 19:27:06] <Coordinator0>received ('WRITE_COORDINATOR_INITIAL',{'writeObjectId': '102', 'cachedUpdate': {'readObject': {}}, 'timeStamp': 1480984026.1577344, 'client': <Client('localhost', 19699)>, 'readObjectId': '2', 'mightReadAttr': {'readObjectAttr': '', 'writeObjectAttr': ''}, 'requestId': 'lLHgTESPiI', 'mightWriteAttr': {'readObjectAttr': '', 'writeObjectAttr': ''}, 'mightWriteObj': '0', 'action': 'stat', 'defReadAttr': {'readObjectAttr': 'moviesWatched', 'writeObjectAttr': 'viewCount'}, 'delay': {}}) from ('localhost', 38207)
[2016-12-05 19:27:06] get cached updates at timeStamp
[2016-12-05 19:27:06] request lLHgTESPiI is read-read request
[2016-12-05 19:27:06] request lLHgTESPiIis being sent to worker('localhost', 39398)
[2016-12-05 19:27:06] <Worker ('localhost', 39398)> received ('WORKER_INITIAL', ('localhost', 39398)) from('localhost', 38207)
[2016-12-05 19:27:06] <Worker ('localhost', 39398)>received read-read requestlLHgTESPiI
[2016-12-05 19:27:06] <Worker ('localhost', 39398)> sending ('QUERY_READ_WRITE_OBJECT', {'writeObjectId': '102', 'cachedUpdate': {'readObject': {}, 'writeObject': {}}, 'timeStamp': 1480984026.1577344, 'client': <Client('localhost', 19699)>, 'readObjectId': '2', 'mightReadAttr': {'readObjectAttr': '', 'writeObjectAttr': ''}, 'requestId': 'lLHgTESPiI', 'mightWriteAttr': {'readObjectAttr': '', 'writeObjectAttr': ''}, 'mightWriteObj': '0', 'action': 'stat', 'defReadAttr': {'readObjectAttr': 'moviesWatched', 'writeObjectAttr': 'viewCount'}, 'delay': {}}) to {<DatabaseEmulator('localhost', 37514)>}
[2016-12-05 19:27:06] <Database> received ('QUERY_READ_WRITE_OBJECT', {'writeObjectId': '102', 'cachedUpdate': {'readObject': {}, 'writeObject': {}}, 'timeStamp': 1480984026.1577344, 'client': <Client('localhost', 19699)>, 'readObjectId': '2', 'mightReadAttr': {'readObjectAttr': '', 'writeObjectAttr': ''}, 'requestId': 'lLHgTESPiI', 'mightWriteAttr': {'readObjectAttr': '', 'writeObjectAttr': ''}, 'mightWriteObj': '0', 'action': 'stat', 'defReadAttr': {'readObjectAttr': 'moviesWatched', 'writeObjectAttr': 'viewCount'}, 'delay': {}}) from ('localhost', 39398)
[2016-12-05 19:27:06] <Database> sending ('ANSWER_READ_WRITE_OBJECT', {'writeObjectId': '102', 'cachedUpdate': {'readObject': {}, 'writeObject': {}}, 'timeStamp': 1480984026.1577344, 'client': <Client('localhost', 19699)>, 'readObjectId': '2', 'mightReadAttr': {'readObjectAttr': '', 'writeObjectAttr': ''}, 'requestId': 'lLHgTESPiI', 'mightWriteAttr': {'readObjectAttr': '', 'writeObjectAttr': ''}, 'mightWriteObj': '0', 'action': 'stat', 'defReadAttr': {'readObjectAttr': 'moviesWatched', 'writeObjectAttr': 'viewCount'}, 'delay': {}}, {'readObject': {'name': 'Shikhar', 'moviesWatched': 5, 'objectId': '2', 'paymentDone': True}, 'writeObject': {'watched': 'true', 'viewCount': 40, 'payViewCount': 0, 'name': 'Shawshank Redemption', 'objectId': '102'}}) to ('localhost', 39398)
[2016-12-05 19:27:06] <Worker ('localhost', 39398)>received ('ANSWER_READ_WRITE_OBJECT', {'writeObjectId': '102', 'cachedUpdate': {'readObject': {}, 'writeObject': {}}, 'timeStamp': 1480984026.1577344, 'client': <Client('localhost', 19699)>, 'readObjectId': '2', 'mightReadAttr': {'readObjectAttr': '', 'writeObjectAttr': ''}, 'requestId': 'lLHgTESPiI', 'mightWriteAttr': {'readObjectAttr': '', 'writeObjectAttr': ''}, 'mightWriteObj': '0', 'action': 'stat', 'defReadAttr': {'readObjectAttr': 'moviesWatched', 'writeObjectAttr': 'viewCount'}, 'delay': {}}, lLHgTESPiI, {'readObject': {'name': 'Shikhar', 'moviesWatched': 5, 'objectId': '2', 'paymentDone': True}, 'writeObject': {'watched': 'true', 'viewCount': 40, 'objectId': '102', 'name': 'Shawshank Redemption', 'payViewCount': 0}}) from('localhost', 37514)
[2016-12-05 19:27:06] request lLHgTESPiI is read only request 
[2016-12-05 19:27:06] sending decision to client for request lLHgTESPiI
[2016-12-05 19:27:06] sending request ('READ_ATTR', {'writeObjectId': '102', 'cachedUpdate': {'readObject': {}, 'writeObject': {}}, 'timeStamp': 1480984026.1577344, 'client': <Client('localhost', 19699)>, 'readObj': -1, 'updatedObj': -1, 'readObjectId': '2', 'mightReadAttr': {'readObjectAttr': '', 'writeObjectAttr': ''}, 'readAttr': {'readObject': {'moviesWatched': 5}, 'writeObject': {'viewCount': 40}}, 'requestId': 'lLHgTESPiI', 'mightWriteAttr': {'readObjectAttr': '', 'writeObjectAttr': ''}, 'mightWriteObj': '0', 'action': 'stat', 'updates': {'readObject': {'id': '2'}, 'writeObject': {'id': '102'}}, 'defReadAttr': {'readObjectAttr': 'moviesWatched', 'writeObjectAttr': 'viewCount'}, 'result': True, 'delay': {}}, 1) to ('localhost', 38207)
[2016-12-05 19:27:06] <Coordinator0>received ('READ_ATTR',{'writeObjectId': '102', 'cachedUpdate': {'readObject': {}, 'writeObject': {}}, 'timeStamp': 1480984026.1577344, 'client': <Client('localhost', 19699)>, 'updatedObj': -1, 'readObjectId': '2', 'mightReadAttr': {'readObjectAttr': '', 'writeObjectAttr': ''}, 'readAttr': {'readObject': {'moviesWatched': 5}, 'writeObject': {'viewCount': 40}}, 'requestId': 'lLHgTESPiI', 'mightWriteObj': '0', 'mightWriteAttr': {'readObjectAttr': '', 'writeObjectAttr': ''}, 'defReadAttr': {'readObjectAttr': 'moviesWatched', 'writeObjectAttr': 'viewCount'}, 'action': 'stat', 'updates': {'readObject': {'id': '2'}, 'writeObject': {'id': '102'}}, 'readObj': -1, 'result': True, 'delay': {}}, 1) from ('localhost', 39398)
[2016-12-05 19:27:06] sending request ('READ_ATTR', {'writeObjectId': '102', 'cachedUpdate': {'readObject': {}, 'writeObject': {}}, 'timeStamp': 1480984026.1577344, 'client': <Client('localhost', 19699)>, 'readObj': -1, 'updatedObj': -1, 'readObjectId': '2', 'mightReadAttr': {'readObjectAttr': '', 'writeObjectAttr': ''}, 'readAttr': {'readObject': {'moviesWatched': 5}, 'writeObject': {'viewCount': 40}}, 'requestId': 'lLHgTESPiI', 'mightWriteAttr': {'readObjectAttr': '', 'writeObjectAttr': ''}, 'mightWriteObj': '0', 'action': 'stat', 'updates': {'readObject': {'id': '2'}, 'writeObject': {'id': '102'}}, 'defReadAttr': {'readObjectAttr': 'moviesWatched', 'writeObjectAttr': 'viewCount'}, 'result': True, 'delay': {}}, 2) to ('localhost', 38207)
[2016-12-05 19:27:06] <Coordinator0>received ('READ_ATTR',{'writeObjectId': '102', 'cachedUpdate': {'readObject': {}, 'writeObject': {}}, 'timeStamp': 1480984026.1577344, 'client': <Client('localhost', 19699)>, 'updatedObj': -1, 'readObjectId': '2', 'mightReadAttr': {'readObjectAttr': '', 'writeObjectAttr': ''}, 'readAttr': {'readObject': {'moviesWatched': 5}, 'writeObject': {'viewCount': 40}}, 'requestId': 'lLHgTESPiI', 'mightWriteObj': '0', 'mightWriteAttr': {'readObjectAttr': '', 'writeObjectAttr': ''}, 'defReadAttr': {'readObjectAttr': 'moviesWatched', 'writeObjectAttr': 'viewCount'}, 'action': 'stat', 'updates': {'readObject': {'id': '2'}, 'writeObject': {'id': '102'}}, 'readObj': -1, 'result': True, 'delay': {}}, 2) from ('localhost', 39398)
[2016-12-05 19:27:06] <Client ('localhost', 19699)> received ('CLIENT_DECISION', {'writeObjectId': '102', 'cachedUpdate': {'readObject': {}, 'writeObject': {}}, 'timeStamp': 1480984026.1577344, 'client': <Client('localhost', 19699)>, 'updatedObj': -1, 'readObjectId': '2', 'mightReadAttr': {'readObjectAttr': '', 'writeObjectAttr': ''}, 'readAttr': {'readObject': {'moviesWatched': 5}, 'writeObject': {'viewCount': 40}}, 'requestId': 'lLHgTESPiI', 'mightWriteObj': '0', 'mightWriteAttr': {'readObjectAttr': '', 'writeObjectAttr': ''}, 'defReadAttr': {'readObjectAttr': 'moviesWatched', 'writeObjectAttr': 'viewCount'}, 'action': 'stat', 'updates': {'readObject': {'id': '2'}, 'writeObject': {'id': '102'}}, 'readObj': -1, 'result': True, 'delay': {}}) from ('localhost', 39398)DECISION :True
[2016-12-05 19:27:06] <Client ('localhost', 19699)>sending ('CLIENT_DONE') to ('localhost', 20397)
[2016-12-05 19:27:06] <Master> received ('CLIENT_DONE') from ('localhost', 19699)
[2016-12-05 19:27:06] All clients done
[2016-12-05 19:27:09] <Database> received ('DUMP_DATABASE', '../db/database1a.txt') from ('localhost', 20397)
[2016-12-05 19:27:09] <Database> sending ('DUMP_DATABASE_SUCCESS) to ('localhost', 20397)
[2016-12-05 19:27:09] <Master> received ('DUMP_DATABASE_SUCCESS') from ('localhost', 37514)
