[2016-12-05 19:57:33] dbLatency : 1
[2016-12-05 19:57:33] database setup started
[2016-12-05 19:57:33] <Master> sending ('QUERY_TOTAL_RECORDS') to {<DatabaseEmulator('localhost', 31490)>}
[2016-12-05 19:57:33] database Latency : 1
[2016-12-05 19:57:33] Database Content: 
[2016-12-05 19:57:33] Database Record : [{'paymentDone': True, 'name': 'Siddharth', 'moviesWatched': 9, 'objectId': '1'}, {'paymentDone': True, 'name': 'Shikhar', 'moviesWatched': 5, 'objectId': '2'}, {'paymentDone': True, 'name': 'Dexter', 'moviesWatched': 10, 'objectId': '3'}, {'watched': 'false', 'payViewCount': 0, 'name': 'The Matrix', 'viewCount': 49, 'objectId': '101'}, {'watched': 'true', 'payViewCount': 0, 'name': 'Shawshank Redemption', 'viewCount': 40, 'objectId': '102'}]
[2016-12-05 19:57:33] Database List : ['1', '2', '3', '101', '102']
[2016-12-05 19:57:33] version Info : {('101', 'name'): [<Version.DBVersion object at 0x7f88c01aaa20>], ('2', 'paymentDone'): [<Version.DBVersion object at 0x7f88c01aa7f0>], ('1', 'name'): [<Version.DBVersion object at 0x7f88c01aa748>], ('2', 'name'): [<Version.DBVersion object at 0x7f88c01aa828>], ('101', 'viewCount'): [<Version.DBVersion object at 0x7f88c01aaa58>], ('1', 'moviesWatched'): [<Version.DBVersion object at 0x7f88c01aa780>], ('3', 'objectId'): [<Version.DBVersion object at 0x7f88c01aa978>], ('101', 'objectId'): [<Version.DBVersion object at 0x7f88c01aaa90>], ('101', 'watched'): [<Version.DBVersion object at 0x7f88c01aa9b0>], ('3', 'paymentDone'): [<Version.DBVersion object at 0x7f88c01aa8d0>], ('1', 'objectId'): [<Version.DBVersion object at 0x7f88c01aa7b8>], ('102', 'objectId'): [<Version.DBVersion object at 0x7f88c01aaba8>], ('3', 'name'): [<Version.DBVersion object at 0x7f88c01aa908>], ('2', 'objectId'): [<Version.DBVersion object at 0x7f88c01aa898>], ('101', 'payViewCount'): [<Version.DBVersion object at 0x7f88c01aa9e8>], ('102', 'watched'): [<Version.DBVersion object at 0x7f88c01aaac8>], ('1', 'paymentDone'): [<Version.DBVersion object at 0x7f88c01aa710>], ('3', 'moviesWatched'): [<Version.DBVersion object at 0x7f88c01aa940>], ('102', 'name'): [<Version.DBVersion object at 0x7f88c01aab38>], ('2', 'moviesWatched'): [<Version.DBVersion object at 0x7f88c01aa860>], ('102', 'viewCount'): [<Version.DBVersion object at 0x7f88c01aab70>], ('102', 'payViewCount'): [<Version.DBVersion object at 0x7f88c01aab00>]}
[2016-12-05 19:57:33] <Database> received ('QUERY_TOTAL_RECORDS', ('localhost', 10986))
[2016-12-05 19:57:33] <Database> sending ('ANSWER_TOTAL_OBJECTS', ['1', '2', '3', '101', '102']) to ('localhost', 10986)
[2016-12-05 19:57:33] <Master> received('ANSWER_TOTAL_OBJECTS', ['1', '2', '3', '101', '102'])
[2016-12-05 19:57:33] Starting Workers
[2016-12-05 19:57:33] <Worker ('localhost', 11022)> is up
[2016-12-05 19:57:33] <Worker ('localhost', 17323)> is up
[2016-12-05 19:57:33] <Worker ('localhost', 32660)> is up
[2016-12-05 19:57:33] <Worker ('localhost', 25373)> is up
[2016-12-05 19:57:33] <Worker ('localhost', 15504)> is up
[2016-12-05 19:57:33] <Worker ('localhost', 26213)> is up
[2016-12-05 19:57:33] <Worker ('localhost', 29963)> is up
[2016-12-05 19:57:33] <Worker ('localhost', 30570)> is up
[2016-12-05 19:57:33] <Worker ('localhost', 22066)> is up
[2016-12-05 19:57:33] <Worker ('localhost', 37905)> is up
[2016-12-05 19:57:34] <Worker ('localhost', 33766)> is up
[2016-12-05 19:57:34] <Worker ('localhost', 12186)> is up
[2016-12-05 19:57:34] <Worker ('localhost', 10446)> is up
[2016-12-05 19:57:34] <Worker ('localhost', 24920)> is up
[2016-12-05 19:57:34] <Worker ('localhost', 21175)> is up
[2016-12-05 19:57:34] <Worker ('localhost', 12372)> is up
[2016-12-05 19:57:34] <Worker ('localhost', 19251)> is up
[2016-12-05 19:57:34] <Worker ('localhost', 23655)> is up
[2016-12-05 19:57:34] <Worker ('localhost', 15866)> is up
[2016-12-05 19:57:34] <Worker ('localhost', 20654)> is up
[2016-12-05 19:57:34] <Worker ('localhost', 39693)> is up
[2016-12-05 19:57:34] <Worker ('localhost', 29847)> is up
[2016-12-05 19:57:34] <Worker ('localhost', 25898)> is up
[2016-12-05 19:57:34] <Worker ('localhost', 22130)> is up
[2016-12-05 19:57:34] <Worker ('localhost', 15270)> is up
[2016-12-05 19:57:34] <Coordinator0> is actually('localhost', 10631)
[2016-12-05 19:57:34] <Coordinator0>: responsible object list[]
[2016-12-05 19:57:34] <Coordinator0>sending ('COORDINATOR_TO_WORKER_INIT', 0) to ('localhost', 11022)
[2016-12-05 19:57:34] <Coordinator0>sending ('COORDINATOR_TO_WORKER_INIT', 0) to ('localhost', 17323)
[2016-12-05 19:57:34] <Worker ('localhost', 11022)> received ('COORDINATOR_TO_WORKER_INIT', ('localhost', 10631))
[2016-12-05 19:57:34] <Worker ('localhost', 11022)> sending ('COORDINATOR_TO_WORKER_INT_ACK', ('localhost', 11022)) to ('localhost', 10631)
[2016-12-05 19:57:34] <Worker ('localhost', 17323)> received ('COORDINATOR_TO_WORKER_INIT', ('localhost', 10631))
[2016-12-05 19:57:34] <Worker ('localhost', 17323)> sending ('COORDINATOR_TO_WORKER_INT_ACK', ('localhost', 17323)) to ('localhost', 10631)
[2016-12-05 19:57:34] <Coordinator0>sending ('COORDINATOR_TO_WORKER_INIT', 0) to ('localhost', 32660)
[2016-12-05 19:57:34] <Worker ('localhost', 32660)> received ('COORDINATOR_TO_WORKER_INIT', ('localhost', 10631))
[2016-12-05 19:57:34] <Worker ('localhost', 32660)> sending ('COORDINATOR_TO_WORKER_INT_ACK', ('localhost', 32660)) to ('localhost', 10631)
[2016-12-05 19:57:34] <Coordinator0>sending ('COORDINATOR_TO_WORKER_INIT', 0) to ('localhost', 25373)
[2016-12-05 19:57:34] <Worker ('localhost', 25373)> received ('COORDINATOR_TO_WORKER_INIT', ('localhost', 10631))
[2016-12-05 19:57:34] <Worker ('localhost', 25373)> sending ('COORDINATOR_TO_WORKER_INT_ACK', ('localhost', 25373)) to ('localhost', 10631)
[2016-12-05 19:57:34] <Coordinator0>sending ('COORDINATOR_TO_WORKER_INIT', 0) to ('localhost', 15504)
[2016-12-05 19:57:34] <Worker ('localhost', 15504)> received ('COORDINATOR_TO_WORKER_INIT', ('localhost', 10631))
[2016-12-05 19:57:34] <Worker ('localhost', 15504)> sending ('COORDINATOR_TO_WORKER_INT_ACK', ('localhost', 15504)) to ('localhost', 10631)
[2016-12-05 19:57:34] <Coordinator1> is actually('localhost', 15886)
[2016-12-05 19:57:34] <Coordinator1>: responsible object list['2']
[2016-12-05 19:57:34] <Coordinator1>sending ('COORDINATOR_TO_WORKER_INIT', 1) to ('localhost', 26213)
[2016-12-05 19:57:34] <Coordinator1>sending ('COORDINATOR_TO_WORKER_INIT', 1) to ('localhost', 29963)
[2016-12-05 19:57:34] <Worker ('localhost', 29963)> received ('COORDINATOR_TO_WORKER_INIT', ('localhost', 15886))
[2016-12-05 19:57:34] <Worker ('localhost', 29963)> sending ('COORDINATOR_TO_WORKER_INT_ACK', ('localhost', 29963)) to ('localhost', 15886)
[2016-12-05 19:57:34] <Worker ('localhost', 26213)> received ('COORDINATOR_TO_WORKER_INIT', ('localhost', 15886))
[2016-12-05 19:57:34] <Worker ('localhost', 26213)> sending ('COORDINATOR_TO_WORKER_INT_ACK', ('localhost', 26213)) to ('localhost', 15886)
[2016-12-05 19:57:34] <Coordinator1>sending ('COORDINATOR_TO_WORKER_INIT', 1) to ('localhost', 30570)
[2016-12-05 19:57:34] <Worker ('localhost', 30570)> received ('COORDINATOR_TO_WORKER_INIT', ('localhost', 15886))
[2016-12-05 19:57:34] <Worker ('localhost', 30570)> sending ('COORDINATOR_TO_WORKER_INT_ACK', ('localhost', 30570)) to ('localhost', 15886)
[2016-12-05 19:57:34] <Coordinator1>sending ('COORDINATOR_TO_WORKER_INIT', 1) to ('localhost', 22066)
[2016-12-05 19:57:34] <Worker ('localhost', 22066)> received ('COORDINATOR_TO_WORKER_INIT', ('localhost', 15886))
[2016-12-05 19:57:34] <Worker ('localhost', 22066)> sending ('COORDINATOR_TO_WORKER_INT_ACK', ('localhost', 22066)) to ('localhost', 15886)
[2016-12-05 19:57:34] <Coordinator1>sending ('COORDINATOR_TO_WORKER_INIT', 1) to ('localhost', 37905)
[2016-12-05 19:57:34] <Worker ('localhost', 37905)> received ('COORDINATOR_TO_WORKER_INIT', ('localhost', 15886))
[2016-12-05 19:57:34] <Worker ('localhost', 37905)> sending ('COORDINATOR_TO_WORKER_INT_ACK', ('localhost', 37905)) to ('localhost', 15886)
[2016-12-05 19:57:34] <Coordinator2> is actually('localhost', 13179)
[2016-12-05 19:57:34] <Coordinator2>: responsible object list['3']
[2016-12-05 19:57:34] <Coordinator2>sending ('COORDINATOR_TO_WORKER_INIT', 2) to ('localhost', 33766)
[2016-12-05 19:57:34] <Worker ('localhost', 33766)> received ('COORDINATOR_TO_WORKER_INIT', ('localhost', 13179))
[2016-12-05 19:57:34] <Worker ('localhost', 33766)> sending ('COORDINATOR_TO_WORKER_INT_ACK', ('localhost', 33766)) to ('localhost', 13179)
[2016-12-05 19:57:34] <Coordinator2>sending ('COORDINATOR_TO_WORKER_INIT', 2) to ('localhost', 12186)
[2016-12-05 19:57:34] <Worker ('localhost', 12186)> received ('COORDINATOR_TO_WORKER_INIT', ('localhost', 13179))
[2016-12-05 19:57:34] <Worker ('localhost', 12186)> sending ('COORDINATOR_TO_WORKER_INT_ACK', ('localhost', 12186)) to ('localhost', 13179)
[2016-12-05 19:57:34] <Coordinator2>sending ('COORDINATOR_TO_WORKER_INIT', 2) to ('localhost', 10446)
[2016-12-05 19:57:34] <Worker ('localhost', 10446)> received ('COORDINATOR_TO_WORKER_INIT', ('localhost', 13179))
[2016-12-05 19:57:34] <Worker ('localhost', 10446)> sending ('COORDINATOR_TO_WORKER_INT_ACK', ('localhost', 10446)) to ('localhost', 13179)
[2016-12-05 19:57:34] <Coordinator2>sending ('COORDINATOR_TO_WORKER_INIT', 2) to ('localhost', 24920)
[2016-12-05 19:57:34] <Worker ('localhost', 24920)> received ('COORDINATOR_TO_WORKER_INIT', ('localhost', 13179))
[2016-12-05 19:57:34] <Worker ('localhost', 24920)> sending ('COORDINATOR_TO_WORKER_INT_ACK', ('localhost', 24920)) to ('localhost', 13179)
[2016-12-05 19:57:34] <Coordinator2>sending ('COORDINATOR_TO_WORKER_INIT', 2) to ('localhost', 21175)
[2016-12-05 19:57:34] <Worker ('localhost', 21175)> received ('COORDINATOR_TO_WORKER_INIT', ('localhost', 13179))
[2016-12-05 19:57:34] <Worker ('localhost', 21175)> sending ('COORDINATOR_TO_WORKER_INT_ACK', ('localhost', 21175)) to ('localhost', 13179)
[2016-12-05 19:57:34] <Coordinator3> is actually('localhost', 39249)
[2016-12-05 19:57:34] <Coordinator3>: responsible object list['1', '101']
[2016-12-05 19:57:34] <Coordinator3>sending ('COORDINATOR_TO_WORKER_INIT', 3) to ('localhost', 12372)
[2016-12-05 19:57:34] <Coordinator3>sending ('COORDINATOR_TO_WORKER_INIT', 3) to ('localhost', 19251)
[2016-12-05 19:57:34] <Worker ('localhost', 19251)> received ('COORDINATOR_TO_WORKER_INIT', ('localhost', 39249))
[2016-12-05 19:57:34] <Worker ('localhost', 12372)> received ('COORDINATOR_TO_WORKER_INIT', ('localhost', 39249))
[2016-12-05 19:57:34] <Worker ('localhost', 19251)> sending ('COORDINATOR_TO_WORKER_INT_ACK', ('localhost', 19251)) to ('localhost', 39249)
[2016-12-05 19:57:34] <Worker ('localhost', 12372)> sending ('COORDINATOR_TO_WORKER_INT_ACK', ('localhost', 12372)) to ('localhost', 39249)
[2016-12-05 19:57:34] <Coordinator3>sending ('COORDINATOR_TO_WORKER_INIT', 3) to ('localhost', 23655)
[2016-12-05 19:57:34] <Worker ('localhost', 23655)> received ('COORDINATOR_TO_WORKER_INIT', ('localhost', 39249))
[2016-12-05 19:57:34] <Worker ('localhost', 23655)> sending ('COORDINATOR_TO_WORKER_INT_ACK', ('localhost', 23655)) to ('localhost', 39249)
[2016-12-05 19:57:34] <Coordinator3>sending ('COORDINATOR_TO_WORKER_INIT', 3) to ('localhost', 15866)
[2016-12-05 19:57:34] <Worker ('localhost', 15866)> received ('COORDINATOR_TO_WORKER_INIT', ('localhost', 39249))
[2016-12-05 19:57:34] <Worker ('localhost', 15866)> sending ('COORDINATOR_TO_WORKER_INT_ACK', ('localhost', 15866)) to ('localhost', 39249)
[2016-12-05 19:57:34] <Coordinator3>sending ('COORDINATOR_TO_WORKER_INIT', 3) to ('localhost', 20654)
[2016-12-05 19:57:34] <Worker ('localhost', 20654)> received ('COORDINATOR_TO_WORKER_INIT', ('localhost', 39249))
[2016-12-05 19:57:34] <Worker ('localhost', 20654)> sending ('COORDINATOR_TO_WORKER_INT_ACK', ('localhost', 20654)) to ('localhost', 39249)
[2016-12-05 19:57:34] <Coordinator4> is actually('localhost', 28215)
[2016-12-05 19:57:34] <Coordinator4>: responsible object list['102']
[2016-12-05 19:57:34] <Coordinator4>sending ('COORDINATOR_TO_WORKER_INIT', 4) to ('localhost', 39693)
[2016-12-05 19:57:34] <Coordinator4>sending ('COORDINATOR_TO_WORKER_INIT', 4) to ('localhost', 29847)
[2016-12-05 19:57:34] <Worker ('localhost', 29847)> received ('COORDINATOR_TO_WORKER_INIT', ('localhost', 28215))
[2016-12-05 19:57:34] <Worker ('localhost', 29847)> sending ('COORDINATOR_TO_WORKER_INT_ACK', ('localhost', 29847)) to ('localhost', 28215)
[2016-12-05 19:57:34] <Worker ('localhost', 39693)> received ('COORDINATOR_TO_WORKER_INIT', ('localhost', 28215))
[2016-12-05 19:57:34] <Worker ('localhost', 39693)> sending ('COORDINATOR_TO_WORKER_INT_ACK', ('localhost', 39693)) to ('localhost', 28215)
[2016-12-05 19:57:34] <Coordinator4>sending ('COORDINATOR_TO_WORKER_INIT', 4) to ('localhost', 25898)
[2016-12-05 19:57:34] <Worker ('localhost', 25898)> received ('COORDINATOR_TO_WORKER_INIT', ('localhost', 28215))
[2016-12-05 19:57:34] <Worker ('localhost', 25898)> sending ('COORDINATOR_TO_WORKER_INT_ACK', ('localhost', 25898)) to ('localhost', 28215)
[2016-12-05 19:57:34] <Coordinator4>sending ('COORDINATOR_TO_WORKER_INIT', 4) to ('localhost', 22130)
[2016-12-05 19:57:34] <Worker ('localhost', 22130)> received ('COORDINATOR_TO_WORKER_INIT', ('localhost', 28215))
[2016-12-05 19:57:34] <Worker ('localhost', 22130)> sending ('COORDINATOR_TO_WORKER_INT_ACK', ('localhost', 22130)) to ('localhost', 28215)
[2016-12-05 19:57:34] <Coordinator4>sending ('COORDINATOR_TO_WORKER_INIT', 4) to ('localhost', 15270)
[2016-12-05 19:57:34] <Worker ('localhost', 15270)> received ('COORDINATOR_TO_WORKER_INIT', ('localhost', 28215))
[2016-12-05 19:57:34] <Worker ('localhost', 15270)> sending ('COORDINATOR_TO_WORKER_INT_ACK', ('localhost', 15270)) to ('localhost', 28215)
[2016-12-05 19:57:34] Client is up
[2016-12-05 19:57:34] contents of requests : [{'mightWriteObj': '0', 'defReadAttr': {'writeObjectAttr': '', 'readObjectAttr': 'moviesWatched'}, 'action': 'stat', 'mightReadAttr': {'writeObjectAttr': 'viewCount', 'readObjectAttr': ''}, 'mightWriteAttr': {'writeObjectAttr': '', 'readObjectAttr': ''}, 'writeObjectId': '102', 'delay': {'WORKER_INITIAL': '6'}, 'readObjectId': '2'}, {'mightWriteObj': '2', 'defReadAttr': {'writeObjectAttr': '', 'readObjectAttr': ''}, 'action': 'view', 'mightReadAttr': {'writeObjectAttr': 'viewCount', 'readObjectAttr': 'paymentDone'}, 'mightWriteAttr': {'writeObjectAttr': 'payViewCount', 'readObjectAttr': ''}, 'writeObjectId': '102', 'delay': {'CLIENT': '1'}, 'readObjectId': '2'}, {'mightWriteObj': '0', 'defReadAttr': {'writeObjectAttr': 'moviesWatched', 'readObjectAttr': ''}, 'action': 'stat', 'mightReadAttr': {'writeObjectAttr': '', 'readObjectAttr': 'viewCount'}, 'mightWriteAttr': {'writeObjectAttr': '', 'readObjectAttr': ''}, 'writeObjectId': '2', 'delay': {'CLIENT': '4'}, 'readObjectId': '102'}]
[2016-12-05 19:57:34] Client sending ('READ_COORDINATOR_INITIAL',{'mightWriteObj': '0', 'client': <Client('localhost', 30183)>, 'defReadAttr': {'writeObjectAttr': '', 'readObjectAttr': 'moviesWatched'}, 'action': 'stat', 'mightReadAttr': {'writeObjectAttr': 'viewCount', 'readObjectAttr': ''}, 'mightWriteAttr': {'writeObjectAttr': '', 'readObjectAttr': ''}, 'writeObjectId': '102', 'delay': {'WORKER_INITIAL': '6'}, 'readObjectId': '2'}) to ('localhost', 15886)
[2016-12-05 19:57:34] <Coordinator1>received ('READ_COORDINATOR_INITIAL', {'mightWriteObj': '0', 'client': <Client('localhost', 30183)>, 'mightReadAttr': {'writeObjectAttr': 'viewCount', 'readObjectAttr': ''}, 'action': 'stat', 'readObjectId': '2', 'mightWriteAttr': {'writeObjectAttr': '', 'readObjectAttr': ''}, 'writeObjectId': '102', 'delay': {'WORKER_INITIAL': '6'}, 'defReadAttr': {'writeObjectAttr': '', 'readObjectAttr': 'moviesWatched'}}) from ('localhost', 30183)
[2016-12-05 19:57:34] request assigned Id OqCYYHcwRM
[2016-12-05 19:57:34] get cached updates at timeStamp
[2016-12-05 19:57:34] request OqCYYHcwRM is read-read request
[2016-12-05 19:57:34] request OqCYYHcwRMis being to sent to writeObject Coord('localhost', 28215)
[2016-12-05 19:57:34] <Coordinator4>received ('WRITE_COORDINATOR_INITIAL',{'client': <Client('localhost', 30183)>, 'action': 'stat', 'readObjectId': '2', 'mightReadAttr': {'writeObjectAttr': 'viewCount', 'readObjectAttr': ''}, 'timeStamp': 1480985854.1906173, 'requestId': 'OqCYYHcwRM', 'mightWriteObj': '0', 'cachedUpdate': {'readObject': {}}, 'mightWriteAttr': {'writeObjectAttr': '', 'readObjectAttr': ''}, 'writeObjectId': '102', 'delay': {'WORKER_INITIAL': '6'}, 'defReadAttr': {'writeObjectAttr': '', 'readObjectAttr': 'moviesWatched'}}) from ('localhost', 15886)
[2016-12-05 19:57:34] get cached updates at timeStamp
[2016-12-05 19:57:34] request OqCYYHcwRM is read-read request
[2016-12-05 19:57:34] request OqCYYHcwRMis being sent to worker('localhost', 39693)
[2016-12-05 19:57:34] <Worker ('localhost', 39693)> received ('WORKER_INITIAL', ('localhost', 39693)) from('localhost', 28215)
[2016-12-05 19:57:34] <Worker ('localhost', 39693)> sleeping for 6 second(s)
[2016-12-05 19:57:34] <Client ('localhost', 30183)> sleeping for 1 second(s)
[2016-12-05 19:57:35] <Client ('localhost', 30183)> resumed from sleeping
[2016-12-05 19:57:35] Client sending ('READ_COORDINATOR_INITIAL',{'mightWriteObj': '2', 'client': <Client('localhost', 30183)>, 'defReadAttr': {'writeObjectAttr': '', 'readObjectAttr': ''}, 'action': 'view', 'mightReadAttr': {'writeObjectAttr': 'viewCount', 'readObjectAttr': 'paymentDone'}, 'mightWriteAttr': {'writeObjectAttr': 'payViewCount', 'readObjectAttr': ''}, 'writeObjectId': '102', 'delay': {'CLIENT': '1'}, 'readObjectId': '2'}) to ('localhost', 15886)
[2016-12-05 19:57:35] <Coordinator1>received ('READ_COORDINATOR_INITIAL', {'mightWriteObj': '2', 'client': <Client('localhost', 30183)>, 'mightReadAttr': {'writeObjectAttr': 'viewCount', 'readObjectAttr': 'paymentDone'}, 'action': 'view', 'readObjectId': '2', 'mightWriteAttr': {'writeObjectAttr': 'payViewCount', 'readObjectAttr': ''}, 'writeObjectId': '102', 'delay': {'CLIENT': '1'}, 'defReadAttr': {'writeObjectAttr': '', 'readObjectAttr': ''}}) from ('localhost', 30183)
[2016-12-05 19:57:35] request assigned Id ykRuZxMadb
[2016-12-05 19:57:35] get cached updates at timeStamp
[2016-12-05 19:57:35] request ykRuZxMadb is read-write request
[2016-12-05 19:57:35] request ykRuZxMadbis being to sent to writeObject Coord('localhost', 28215)
[2016-12-05 19:57:35] <Coordinator4>received ('WRITE_COORDINATOR_INITIAL',{'client': <Client('localhost', 30183)>, 'action': 'view', 'readObjectId': '2', 'mightReadAttr': {'writeObjectAttr': 'viewCount', 'readObjectAttr': 'paymentDone'}, 'timeStamp': 1480985855.2043164, 'requestId': 'ykRuZxMadb', 'mightWriteObj': '2', 'cachedUpdate': {'readObject': {}}, 'mightWriteAttr': {'writeObjectAttr': 'payViewCount', 'readObjectAttr': ''}, 'writeObjectId': '102', 'delay': {'CLIENT': '1'}, 'defReadAttr': {'writeObjectAttr': '', 'readObjectAttr': ''}}) from ('localhost', 15886)
[2016-12-05 19:57:35] get cached updates at timeStamp
[2016-12-05 19:57:35] request ykRuZxMadb is read-write request
[2016-12-05 19:57:35] request ykRuZxMadbis being sent to worker('localhost', 22130)
[2016-12-05 19:57:35] <Worker ('localhost', 22130)> received ('WORKER_INITIAL', ('localhost', 22130)) from('localhost', 28215)
[2016-12-05 19:57:35] <Worker ('localhost', 22130)> received read-write request ykRuZxMadb
[2016-12-05 19:57:35] <Worker ('localhost', 22130)> sending ('QUERY_READ_WRITE_OBJECT', {'client': <Client('localhost', 30183)>, 'action': 'view', 'timeStamp': 1480985855.2043164, 'mightReadAttr': {'writeObjectAttr': 'viewCount', 'readObjectAttr': 'paymentDone'}, 'readObjectId': '2', 'requestId': 'ykRuZxMadb', 'mightWriteObj': '2', 'cachedUpdate': {'readObject': {}, 'writeObject': {}}, 'mightWriteAttr': {'writeObjectAttr': 'payViewCount', 'readObjectAttr': ''}, 'writeObjectId': '102', 'delay': {'CLIENT': '1'}, 'defReadAttr': {'writeObjectAttr': '', 'readObjectAttr': ''}}) to {<DatabaseEmulator('localhost', 31490)>}
[2016-12-05 19:57:35] <Database> received ('QUERY_READ_WRITE_OBJECT', {'client': <Client('localhost', 30183)>, 'action': 'view', 'timeStamp': 1480985855.2043164, 'mightReadAttr': {'writeObjectAttr': 'viewCount', 'readObjectAttr': 'paymentDone'}, 'readObjectId': '2', 'requestId': 'ykRuZxMadb', 'mightWriteObj': '2', 'cachedUpdate': {'readObject': {}, 'writeObject': {}}, 'mightWriteAttr': {'writeObjectAttr': 'payViewCount', 'readObjectAttr': ''}, 'writeObjectId': '102', 'delay': {'CLIENT': '1'}, 'defReadAttr': {'writeObjectAttr': '', 'readObjectAttr': ''}}) from ('localhost', 22130)
[2016-12-05 19:57:35] <Database> sending ('ANSWER_READ_WRITE_OBJECT', {'client': <Client('localhost', 30183)>, 'action': 'view', 'timeStamp': 1480985855.2043164, 'mightReadAttr': {'writeObjectAttr': 'viewCount', 'readObjectAttr': 'paymentDone'}, 'readObjectId': '2', 'requestId': 'ykRuZxMadb', 'mightWriteObj': '2', 'cachedUpdate': {'readObject': {}, 'writeObject': {}}, 'mightWriteAttr': {'writeObjectAttr': 'payViewCount', 'readObjectAttr': ''}, 'writeObjectId': '102', 'delay': {'CLIENT': '1'}, 'defReadAttr': {'writeObjectAttr': '', 'readObjectAttr': ''}}, {'readObject': {'name': 'Shikhar', 'paymentDone': True, 'moviesWatched': 5, 'objectId': '2'}, 'writeObject': {'watched': 'true', 'payViewCount': 0, 'name': 'Shawshank Redemption', 'viewCount': 40, 'objectId': '102'}}) to ('localhost', 22130)
[2016-12-05 19:57:35] <Worker ('localhost', 22130)>received ('ANSWER_READ_WRITE_OBJECT', {'client': <Client('localhost', 30183)>, 'action': 'view', 'timeStamp': 1480985855.2043164, 'mightReadAttr': {'writeObjectAttr': 'viewCount', 'readObjectAttr': 'paymentDone'}, 'readObjectId': '2', 'requestId': 'ykRuZxMadb', 'mightWriteObj': '2', 'cachedUpdate': {'readObject': {}, 'writeObject': {}}, 'mightWriteAttr': {'writeObjectAttr': 'payViewCount', 'readObjectAttr': ''}, 'writeObjectId': '102', 'delay': {'CLIENT': '1'}, 'defReadAttr': {'writeObjectAttr': '', 'readObjectAttr': ''}}, ykRuZxMadb, {'readObject': {'name': 'Shikhar', 'paymentDone': True, 'moviesWatched': 5, 'objectId': '2'}, 'writeObject': {'watched': 'true', 'payViewCount': 0, 'name': 'Shawshank Redemption', 'viewCount': 40, 'objectId': '102'}}) from('localhost', 31490)
[2016-12-05 19:57:35] request ykRuZxMadb is read write request 
[2016-12-05 19:57:35] sending request ykRuZxMadb to ('localhost', 28215)
[2016-12-05 19:57:35] <Coordinator4>received ('RESULT',{'readObjectId': '2', 'client': <Client('localhost', 30183)>, 'action': 'view', 'timeStamp': 1480985855.2043164, 'mightReadAttr': {'writeObjectAttr': 'viewCount', 'readObjectAttr': 'paymentDone'}, 'updatedObj': '102', 'updates': {'readObject': {'id': '2'}, 'writeObject': {'id': '102', 'viewCount': 41}}, 'mightWriteObj': '2', 'result': True, 'cachedUpdate': {'readObject': {}, 'writeObject': {}}, 'readObj': '2', 'readAttr': {'readObject': {}, 'writeObject': {'viewCount': 40}}, 'mightWriteAttr': {'writeObjectAttr': 'payViewCount', 'readObjectAttr': ''}, 'writeObjectId': '102', 'delay': {'CLIENT': '1'}, 'defReadAttr': {'writeObjectAttr': '', 'readObjectAttr': ''}, 'requestId': 'ykRuZxMadb'}) from ('localhost', 22130)
[2016-12-05 19:57:35] pendingMightRead non empty; adding request ykRuZxMadb to write request queue
[2016-12-05 19:57:35] <Client ('localhost', 30183)> sleeping for 4 second(s)
[2016-12-05 19:57:39] <Client ('localhost', 30183)> resumed from sleeping
[2016-12-05 19:57:39] Client sending ('READ_COORDINATOR_INITIAL',{'mightWriteObj': '0', 'client': <Client('localhost', 30183)>, 'defReadAttr': {'writeObjectAttr': 'moviesWatched', 'readObjectAttr': ''}, 'action': 'stat', 'mightReadAttr': {'writeObjectAttr': '', 'readObjectAttr': 'viewCount'}, 'mightWriteAttr': {'writeObjectAttr': '', 'readObjectAttr': ''}, 'writeObjectId': '2', 'delay': {'CLIENT': '4'}, 'readObjectId': '102'}) to ('localhost', 28215)
[2016-12-05 19:57:39] <Coordinator4>received ('READ_COORDINATOR_INITIAL', {'mightWriteObj': '0', 'client': <Client('localhost', 30183)>, 'mightReadAttr': {'writeObjectAttr': '', 'readObjectAttr': 'viewCount'}, 'action': 'stat', 'readObjectId': '102', 'mightWriteAttr': {'writeObjectAttr': '', 'readObjectAttr': ''}, 'writeObjectId': '2', 'delay': {'CLIENT': '4'}, 'defReadAttr': {'writeObjectAttr': 'moviesWatched', 'readObjectAttr': ''}}) from ('localhost', 30183)
[2016-12-05 19:57:39] request assigned Id MQyQmRCxOl
[2016-12-05 19:57:39] get cached updates at timeStamp
[2016-12-05 19:57:39] request MQyQmRCxOl is read-read request
[2016-12-05 19:57:39] Write request in write queue. Checking if request had dependency
[2016-12-05 19:57:39] Starvation Prevention: This read request is going to read updates which will be written by waiting writeRequest ykRuZxMadb
[2016-12-05 19:57:39] Putting request MQyQmRCxOl in read wait queue 
[2016-12-05 19:57:40] <Worker ('localhost', 39693)> resumed from sleeping
[2016-12-05 19:57:40] <Worker ('localhost', 39693)>received read-read request OqCYYHcwRM
[2016-12-05 19:57:40] <Worker ('localhost', 39693)> sending ('QUERY_READ_WRITE_OBJECT', {'client': <Client('localhost', 30183)>, 'action': 'stat', 'timeStamp': 1480985854.1906173, 'mightReadAttr': {'writeObjectAttr': 'viewCount', 'readObjectAttr': ''}, 'readObjectId': '2', 'requestId': 'OqCYYHcwRM', 'mightWriteObj': '0', 'cachedUpdate': {'readObject': {}, 'writeObject': {}}, 'mightWriteAttr': {'writeObjectAttr': '', 'readObjectAttr': ''}, 'writeObjectId': '102', 'delay': {'WORKER_INITIAL': '6'}, 'defReadAttr': {'writeObjectAttr': '', 'readObjectAttr': 'moviesWatched'}}) to {<DatabaseEmulator('localhost', 31490)>}
[2016-12-05 19:57:40] <Database> received ('QUERY_READ_WRITE_OBJECT', {'client': <Client('localhost', 30183)>, 'action': 'stat', 'timeStamp': 1480985854.1906173, 'mightReadAttr': {'writeObjectAttr': 'viewCount', 'readObjectAttr': ''}, 'readObjectId': '2', 'requestId': 'OqCYYHcwRM', 'mightWriteObj': '0', 'cachedUpdate': {'readObject': {}, 'writeObject': {}}, 'mightWriteAttr': {'writeObjectAttr': '', 'readObjectAttr': ''}, 'writeObjectId': '102', 'delay': {'WORKER_INITIAL': '6'}, 'defReadAttr': {'writeObjectAttr': '', 'readObjectAttr': 'moviesWatched'}}) from ('localhost', 39693)
[2016-12-05 19:57:40] <Database> sending ('ANSWER_READ_WRITE_OBJECT', {'client': <Client('localhost', 30183)>, 'action': 'stat', 'timeStamp': 1480985854.1906173, 'mightReadAttr': {'writeObjectAttr': 'viewCount', 'readObjectAttr': ''}, 'readObjectId': '2', 'requestId': 'OqCYYHcwRM', 'mightWriteObj': '0', 'cachedUpdate': {'readObject': {}, 'writeObject': {}}, 'mightWriteAttr': {'writeObjectAttr': '', 'readObjectAttr': ''}, 'writeObjectId': '102', 'delay': {'WORKER_INITIAL': '6'}, 'defReadAttr': {'writeObjectAttr': '', 'readObjectAttr': 'moviesWatched'}}, {'readObject': {'name': 'Shikhar', 'paymentDone': True, 'moviesWatched': 5, 'objectId': '2'}, 'writeObject': {'watched': 'true', 'payViewCount': 0, 'name': 'Shawshank Redemption', 'viewCount': 40, 'objectId': '102'}}) to ('localhost', 39693)
[2016-12-05 19:57:40] <Worker ('localhost', 39693)>received ('ANSWER_READ_WRITE_OBJECT', {'client': <Client('localhost', 30183)>, 'action': 'stat', 'timeStamp': 1480985854.1906173, 'mightReadAttr': {'writeObjectAttr': 'viewCount', 'readObjectAttr': ''}, 'readObjectId': '2', 'requestId': 'OqCYYHcwRM', 'mightWriteObj': '0', 'cachedUpdate': {'readObject': {}, 'writeObject': {}}, 'mightWriteAttr': {'writeObjectAttr': '', 'readObjectAttr': ''}, 'writeObjectId': '102', 'delay': {'WORKER_INITIAL': '6'}, 'defReadAttr': {'writeObjectAttr': '', 'readObjectAttr': 'moviesWatched'}}, OqCYYHcwRM, {'readObject': {'name': 'Shikhar', 'paymentDone': True, 'moviesWatched': 5, 'objectId': '2'}, 'writeObject': {'watched': 'true', 'payViewCount': 0, 'name': 'Shawshank Redemption', 'viewCount': 40, 'objectId': '102'}}) from('localhost', 31490)
[2016-12-05 19:57:40] request OqCYYHcwRM is read only request 
[2016-12-05 19:57:40] sending decision to client for request OqCYYHcwRM
[2016-12-05 19:57:40] <Client ('localhost', 30183)> received ('CLIENT_DECISION', {'readObjectId': '2', 'client': <Client('localhost', 30183)>, 'action': 'stat', 'timeStamp': 1480985854.1906173, 'mightReadAttr': {'writeObjectAttr': 'viewCount', 'readObjectAttr': ''}, 'updatedObj': -1, 'updates': {'readObject': {'id': '2'}, 'writeObject': {'id': '102'}}, 'mightWriteObj': '0', 'result': True, 'cachedUpdate': {'readObject': {}, 'writeObject': {}}, 'readObj': -1, 'readAttr': {'readObject': {'moviesWatched': 5}, 'writeObject': {'viewCount': 40}}, 'mightWriteAttr': {'writeObjectAttr': '', 'readObjectAttr': ''}, 'writeObjectId': '102', 'delay': {'WORKER_INITIAL': '6'}, 'defReadAttr': {'writeObjectAttr': '', 'readObjectAttr': 'moviesWatched'}, 'requestId': 'OqCYYHcwRM'}) from ('localhost', 39693)DECISION :True
[2016-12-05 19:57:40] sending request ('READ_ATTR', {'client': <Client('localhost', 30183)>, 'action': 'stat', 'timeStamp': 1480985854.1906173, 'mightReadAttr': {'writeObjectAttr': 'viewCount', 'readObjectAttr': ''}, 'readObjectId': '2', 'requestId': 'OqCYYHcwRM', 'mightWriteObj': '0', 'result': True, 'cachedUpdate': {'readObject': {}, 'writeObject': {}}, 'updates': {'readObject': {'id': '2'}, 'writeObject': {'id': '102'}}, 'readObj': -1, 'readAttr': {'readObject': {'moviesWatched': 5}, 'writeObject': {'viewCount': 40}}, 'mightWriteAttr': {'writeObjectAttr': '', 'readObjectAttr': ''}, 'writeObjectId': '102', 'delay': {'WORKER_INITIAL': '6'}, 'defReadAttr': {'writeObjectAttr': '', 'readObjectAttr': 'moviesWatched'}, 'updatedObj': -1}, 1) to ('localhost', 15886)
[2016-12-05 19:57:40] <Coordinator1>received ('READ_ATTR',{'readObjectId': '2', 'client': <Client('localhost', 30183)>, 'action': 'stat', 'timeStamp': 1480985854.1906173, 'mightReadAttr': {'writeObjectAttr': 'viewCount', 'readObjectAttr': ''}, 'updatedObj': -1, 'updates': {'readObject': {'id': '2'}, 'writeObject': {'id': '102'}}, 'mightWriteObj': '0', 'result': True, 'cachedUpdate': {'readObject': {}, 'writeObject': {}}, 'readObj': -1, 'readAttr': {'readObject': {'moviesWatched': 5}, 'writeObject': {'viewCount': 40}}, 'mightWriteAttr': {'writeObjectAttr': '', 'readObjectAttr': ''}, 'writeObjectId': '102', 'delay': {'WORKER_INITIAL': '6'}, 'defReadAttr': {'writeObjectAttr': '', 'readObjectAttr': 'moviesWatched'}, 'requestId': 'OqCYYHcwRM'}, 1) from ('localhost', 39693)
[2016-12-05 19:57:40] sending request ('READ_ATTR', {'client': <Client('localhost', 30183)>, 'action': 'stat', 'timeStamp': 1480985854.1906173, 'mightReadAttr': {'writeObjectAttr': 'viewCount', 'readObjectAttr': ''}, 'readObjectId': '2', 'requestId': 'OqCYYHcwRM', 'mightWriteObj': '0', 'result': True, 'cachedUpdate': {'readObject': {}, 'writeObject': {}}, 'updates': {'readObject': {'id': '2'}, 'writeObject': {'id': '102'}}, 'readObj': -1, 'readAttr': {'readObject': {'moviesWatched': 5}, 'writeObject': {'viewCount': 40}}, 'mightWriteAttr': {'writeObjectAttr': '', 'readObjectAttr': ''}, 'writeObjectId': '102', 'delay': {'WORKER_INITIAL': '6'}, 'defReadAttr': {'writeObjectAttr': '', 'readObjectAttr': 'moviesWatched'}, 'updatedObj': -1}, 2) to ('localhost', 28215)
[2016-12-05 19:57:40] <Coordinator4>received ('READ_ATTR',{'readObjectId': '2', 'client': <Client('localhost', 30183)>, 'action': 'stat', 'timeStamp': 1480985854.1906173, 'mightReadAttr': {'writeObjectAttr': 'viewCount', 'readObjectAttr': ''}, 'updatedObj': -1, 'updates': {'readObject': {'id': '2'}, 'writeObject': {'id': '102'}}, 'mightWriteObj': '0', 'result': True, 'cachedUpdate': {'readObject': {}, 'writeObject': {}}, 'readObj': -1, 'readAttr': {'readObject': {'moviesWatched': 5}, 'writeObject': {'viewCount': 40}}, 'mightWriteAttr': {'writeObjectAttr': '', 'readObjectAttr': ''}, 'writeObjectId': '102', 'delay': {'WORKER_INITIAL': '6'}, 'defReadAttr': {'writeObjectAttr': '', 'readObjectAttr': 'moviesWatched'}, 'requestId': 'OqCYYHcwRM'}, 2) from ('localhost', 39693)
[2016-12-05 19:57:40] Resending waiting request ykRuZxMadb to ('localhost', 28215)
[2016-12-05 19:57:40] <Coordinator4>received ('RESULT',{'client': <Client('localhost', 30183)>, 'action': 'view', 'readObjectId': '2', 'mightReadAttr': {'writeObjectAttr': 'viewCount', 'readObjectAttr': 'paymentDone'}, 'updatedObj': '102', 'timeStamp': 1480985855.2043164, 'updates': {'readObject': {'id': '2'}, 'writeObject': {'id': '102', 'viewCount': 41}}, 'mightWriteObj': '2', 'result': True, 'cachedUpdate': {'readObject': {}, 'writeObject': {}}, 'readObj': '2', 'readAttr': {'readObject': {}, 'writeObject': {'viewCount': 40}}, 'mightWriteAttr': {'writeObjectAttr': 'payViewCount', 'readObjectAttr': ''}, 'writeObjectId': '102', 'delay': {'CLIENT': '1'}, 'defReadAttr': {'writeObjectAttr': '', 'readObjectAttr': ''}, 'requestId': 'ykRuZxMadb'}) from ('localhost', 28215)
[2016-12-05 19:57:40] <Coordinator4>sending updates to database
[2016-12-05 19:57:40] <Database> received ('UPDATE_OBJECT', {'id': '102', 'viewCount': 41}, 1480985855.2043164) from ('localhost', 28215)
[2016-12-05 19:57:40] <Database> sending ('UPDATE_OBJECT_SUCCESS', {'id': '102', 'viewCount': 41}) to ('localhost', 28215)
[2016-12-05 19:57:40] caching updates......
[2016-12-05 19:57:40] caching updates.....completed
[2016-12-05 19:57:40] sending decision to client for request ykRuZxMadb
[2016-12-05 19:57:40] <Client ('localhost', 30183)> received ('CLIENT_DECISION', {'client': <Client('localhost', 30183)>, 'action': 'view', 'readObjectId': '2', 'mightReadAttr': {'writeObjectAttr': 'viewCount', 'readObjectAttr': 'paymentDone'}, 'updatedObj': '102', 'timeStamp': 1480985855.2043164, 'updates': {'readObject': {'id': '2'}, 'writeObject': {'id': '102', 'viewCount': 41}}, 'mightWriteObj': '2', 'result': True, 'cachedUpdate': {'readObject': {}, 'writeObject': {}}, 'readObj': '2', 'readAttr': {'readObject': {}, 'writeObject': {'viewCount': 40}}, 'mightWriteAttr': {'writeObjectAttr': 'payViewCount', 'readObjectAttr': ''}, 'writeObjectId': '102', 'delay': {'CLIENT': '1'}, 'defReadAttr': {'writeObjectAttr': '', 'readObjectAttr': ''}, 'requestId': 'ykRuZxMadb'}) from ('localhost', 28215)DECISION :True
[2016-12-05 19:57:40] sending message READ_ATTR to ('localhost', 15886)for request : ykRuZxMadb
[2016-12-05 19:57:40] <Coordinator1>received ('READ_ATTR',{'client': <Client('localhost', 30183)>, 'action': 'view', 'readObjectId': '2', 'mightReadAttr': {'writeObjectAttr': 'viewCount', 'readObjectAttr': 'paymentDone'}, 'updatedObj': '102', 'timeStamp': 1480985855.2043164, 'updates': {'readObject': {'id': '2'}, 'writeObject': {'id': '102', 'viewCount': 41}}, 'mightWriteObj': '2', 'result': True, 'cachedUpdate': {'readObject': {}, 'writeObject': {}}, 'readObj': '2', 'readAttr': {'readObject': {}, 'writeObject': {'viewCount': 40}}, 'mightWriteAttr': {'writeObjectAttr': 'payViewCount', 'readObjectAttr': ''}, 'writeObjectId': '102', 'delay': {'CLIENT': '1'}, 'defReadAttr': {'writeObjectAttr': '', 'readObjectAttr': ''}, 'requestId': 'ykRuZxMadb'}, 1) from ('localhost', 28215)
[2016-12-05 19:57:41] waking up read request{'client': <Client('localhost', 30183)>, 'action': 'view', 'readObjectId': '2', 'mightReadAttr': {'writeObjectAttr': 'viewCount', 'readObjectAttr': 'paymentDone'}, 'updatedObj': '102', 'timeStamp': 1480985855.2043164, 'updates': {'readObject': {'id': '2'}, 'writeObject': {'id': '102', 'viewCount': 41}}, 'mightWriteObj': '2', 'result': True, 'cachedUpdate': {'readObject': {}, 'writeObject': {}}, 'readObj': '2', 'readAttr': {'readObject': {}, 'writeObject': {'viewCount': 40}}, 'mightWriteAttr': {'writeObjectAttr': 'payViewCount', 'readObjectAttr': ''}, 'writeObjectId': '102', 'delay': {'CLIENT': '1'}, 'defReadAttr': {'writeObjectAttr': '', 'readObjectAttr': ''}, 'requestId': 'ykRuZxMadb'}
[2016-12-05 19:57:41] <Coordinator4>received ('READ_COORDINATOR_INITIAL', {'client': <Client('localhost', 30183)>, 'action': 'stat', 'readObjectId': '102', 'mightReadAttr': {'writeObjectAttr': '', 'readObjectAttr': 'viewCount'}, 'timeStamp': 1480985859.2259288, 'requestId': 'MQyQmRCxOl', 'mightWriteObj': '0', 'cachedUpdate': {'readObject': {}}, 'mightWriteAttr': {'writeObjectAttr': '', 'readObjectAttr': ''}, 'writeObjectId': '2', 'delay': {'CLIENT': '4'}, 'defReadAttr': {'writeObjectAttr': 'moviesWatched', 'readObjectAttr': ''}}) from ('localhost', 28215)
[2016-12-05 19:57:41] request assigned Id aIsjnSWRYW
[2016-12-05 19:57:41] get cached updates at timeStamp
[2016-12-05 19:57:41] request aIsjnSWRYW is read-read request
[2016-12-05 19:57:41] request aIsjnSWRYWis being to sent to writeObject Coord('localhost', 15886)
[2016-12-05 19:57:41] <Coordinator1>received ('WRITE_COORDINATOR_INITIAL',{'client': <Client('localhost', 30183)>, 'action': 'stat', 'timeStamp': 1480985861.252435, 'mightReadAttr': {'writeObjectAttr': '', 'readObjectAttr': 'viewCount'}, 'readObjectId': '102', 'requestId': 'aIsjnSWRYW', 'mightWriteObj': '0', 'cachedUpdate': {'readObject': {'id': '102', 'viewCount': 41}}, 'mightWriteAttr': {'writeObjectAttr': '', 'readObjectAttr': ''}, 'writeObjectId': '2', 'delay': {'CLIENT': '4'}, 'defReadAttr': {'writeObjectAttr': 'moviesWatched', 'readObjectAttr': ''}}) from ('localhost', 28215)
[2016-12-05 19:57:41] get cached updates at timeStamp
[2016-12-05 19:57:41] request aIsjnSWRYW is read-read request
[2016-12-05 19:57:41] request aIsjnSWRYWis being sent to worker('localhost', 37905)
[2016-12-05 19:57:41] <Worker ('localhost', 37905)> received ('WORKER_INITIAL', ('localhost', 37905)) from('localhost', 15886)
[2016-12-05 19:57:41] <Worker ('localhost', 37905)>received read-read request aIsjnSWRYW
[2016-12-05 19:57:41] <Worker ('localhost', 37905)> sending ('QUERY_READ_WRITE_OBJECT', {'client': <Client('localhost', 30183)>, 'action': 'stat', 'timeStamp': 1480985861.252435, 'mightReadAttr': {'writeObjectAttr': '', 'readObjectAttr': 'viewCount'}, 'readObjectId': '102', 'requestId': 'aIsjnSWRYW', 'mightWriteObj': '0', 'cachedUpdate': {'readObject': {'id': '102', 'viewCount': 41}, 'writeObject': {}}, 'mightWriteAttr': {'writeObjectAttr': '', 'readObjectAttr': ''}, 'writeObjectId': '2', 'delay': {'CLIENT': '4'}, 'defReadAttr': {'writeObjectAttr': 'moviesWatched', 'readObjectAttr': ''}}) to {<DatabaseEmulator('localhost', 31490)>}
[2016-12-05 19:57:41] <Database> received ('QUERY_READ_WRITE_OBJECT', {'client': <Client('localhost', 30183)>, 'action': 'stat', 'timeStamp': 1480985861.252435, 'mightReadAttr': {'writeObjectAttr': '', 'readObjectAttr': 'viewCount'}, 'readObjectId': '102', 'requestId': 'aIsjnSWRYW', 'mightWriteObj': '0', 'cachedUpdate': {'readObject': {'id': '102', 'viewCount': 41}, 'writeObject': {}}, 'mightWriteAttr': {'writeObjectAttr': '', 'readObjectAttr': ''}, 'writeObjectId': '2', 'delay': {'CLIENT': '4'}, 'defReadAttr': {'writeObjectAttr': 'moviesWatched', 'readObjectAttr': ''}}) from ('localhost', 37905)
[2016-12-05 19:57:41] <Database> sending ('ANSWER_READ_WRITE_OBJECT', {'client': <Client('localhost', 30183)>, 'action': 'stat', 'timeStamp': 1480985861.252435, 'mightReadAttr': {'writeObjectAttr': '', 'readObjectAttr': 'viewCount'}, 'readObjectId': '102', 'requestId': 'aIsjnSWRYW', 'mightWriteObj': '0', 'cachedUpdate': {'readObject': {'id': '102', 'viewCount': 41}, 'writeObject': {}}, 'mightWriteAttr': {'writeObjectAttr': '', 'readObjectAttr': ''}, 'writeObjectId': '2', 'delay': {'CLIENT': '4'}, 'defReadAttr': {'writeObjectAttr': 'moviesWatched', 'readObjectAttr': ''}}, {'readObject': {'watched': 'true', 'payViewCount': 0, 'name': 'Shawshank Redemption', 'viewCount': 40, 'objectId': '102'}, 'writeObject': {'name': 'Shikhar', 'paymentDone': True, 'moviesWatched': 5, 'objectId': '2'}}) to ('localhost', 37905)
[2016-12-05 19:57:41] <Worker ('localhost', 37905)>received ('ANSWER_READ_WRITE_OBJECT', {'client': <Client('localhost', 30183)>, 'action': 'stat', 'timeStamp': 1480985861.252435, 'mightReadAttr': {'writeObjectAttr': '', 'readObjectAttr': 'viewCount'}, 'readObjectId': '102', 'requestId': 'aIsjnSWRYW', 'mightWriteObj': '0', 'cachedUpdate': {'readObject': {'id': '102', 'viewCount': 41}, 'writeObject': {}}, 'mightWriteAttr': {'writeObjectAttr': '', 'readObjectAttr': ''}, 'writeObjectId': '2', 'delay': {'CLIENT': '4'}, 'defReadAttr': {'writeObjectAttr': 'moviesWatched', 'readObjectAttr': ''}}, aIsjnSWRYW, {'readObject': {'watched': 'true', 'payViewCount': 0, 'name': 'Shawshank Redemption', 'viewCount': 40, 'objectId': '102'}, 'writeObject': {'name': 'Shikhar', 'paymentDone': True, 'moviesWatched': 5, 'objectId': '2'}}) from('localhost', 31490)
[2016-12-05 19:57:41] request aIsjnSWRYW is read only request 
[2016-12-05 19:57:41] sending decision to client for request aIsjnSWRYW
[2016-12-05 19:57:41] <Client ('localhost', 30183)> received ('CLIENT_DECISION', {'readObjectId': '102', 'client': <Client('localhost', 30183)>, 'action': 'stat', 'timeStamp': 1480985861.252435, 'mightReadAttr': {'writeObjectAttr': '', 'readObjectAttr': 'viewCount'}, 'updatedObj': -1, 'updates': {'readObject': {'id': '102'}, 'writeObject': {'id': '2'}}, 'mightWriteObj': '0', 'result': True, 'cachedUpdate': {'readObject': {'id': '102', 'viewCount': 41}, 'writeObject': {}}, 'readObj': -1, 'readAttr': {'readObject': {'viewCount': 41}, 'writeObject': {'moviesWatched': 5}}, 'mightWriteAttr': {'writeObjectAttr': '', 'readObjectAttr': ''}, 'writeObjectId': '2', 'delay': {'CLIENT': '4'}, 'defReadAttr': {'writeObjectAttr': 'moviesWatched', 'readObjectAttr': ''}, 'requestId': 'aIsjnSWRYW'}) from ('localhost', 37905)DECISION :True
[2016-12-05 19:57:41] <Client ('localhost', 30183)>sending ('CLIENT_DONE') to ('localhost', 10986)
[2016-12-05 19:57:41] <Master> received ('CLIENT_DONE') from ('localhost', 30183)
[2016-12-05 19:57:41] All clients done
[2016-12-05 19:57:41] sending request ('READ_ATTR', {'client': <Client('localhost', 30183)>, 'action': 'stat', 'timeStamp': 1480985861.252435, 'mightReadAttr': {'writeObjectAttr': '', 'readObjectAttr': 'viewCount'}, 'readObjectId': '102', 'requestId': 'aIsjnSWRYW', 'mightWriteObj': '0', 'result': True, 'cachedUpdate': {'readObject': {'id': '102', 'viewCount': 41}, 'writeObject': {}}, 'updates': {'readObject': {'id': '102'}, 'writeObject': {'id': '2'}}, 'readObj': -1, 'readAttr': {'readObject': {'viewCount': 41}, 'writeObject': {'moviesWatched': 5}}, 'mightWriteAttr': {'writeObjectAttr': '', 'readObjectAttr': ''}, 'writeObjectId': '2', 'delay': {'CLIENT': '4'}, 'defReadAttr': {'writeObjectAttr': 'moviesWatched', 'readObjectAttr': ''}, 'updatedObj': -1}, 1) to ('localhost', 28215)
[2016-12-05 19:57:41] <Coordinator4>received ('READ_ATTR',{'readObjectId': '102', 'client': <Client('localhost', 30183)>, 'action': 'stat', 'timeStamp': 1480985861.252435, 'mightReadAttr': {'writeObjectAttr': '', 'readObjectAttr': 'viewCount'}, 'updatedObj': -1, 'updates': {'readObject': {'id': '102'}, 'writeObject': {'id': '2'}}, 'mightWriteObj': '0', 'result': True, 'cachedUpdate': {'readObject': {'id': '102', 'viewCount': 41}, 'writeObject': {}}, 'readObj': -1, 'readAttr': {'readObject': {'viewCount': 41}, 'writeObject': {'moviesWatched': 5}}, 'mightWriteAttr': {'writeObjectAttr': '', 'readObjectAttr': ''}, 'writeObjectId': '2', 'delay': {'CLIENT': '4'}, 'defReadAttr': {'writeObjectAttr': 'moviesWatched', 'readObjectAttr': ''}, 'requestId': 'aIsjnSWRYW'}, 1) from ('localhost', 37905)
[2016-12-05 19:57:41] sending request ('READ_ATTR', {'client': <Client('localhost', 30183)>, 'action': 'stat', 'timeStamp': 1480985861.252435, 'mightReadAttr': {'writeObjectAttr': '', 'readObjectAttr': 'viewCount'}, 'readObjectId': '102', 'requestId': 'aIsjnSWRYW', 'mightWriteObj': '0', 'result': True, 'cachedUpdate': {'readObject': {'id': '102', 'viewCount': 41}, 'writeObject': {}}, 'updates': {'readObject': {'id': '102'}, 'writeObject': {'id': '2'}}, 'readObj': -1, 'readAttr': {'readObject': {'viewCount': 41}, 'writeObject': {'moviesWatched': 5}}, 'mightWriteAttr': {'writeObjectAttr': '', 'readObjectAttr': ''}, 'writeObjectId': '2', 'delay': {'CLIENT': '4'}, 'defReadAttr': {'writeObjectAttr': 'moviesWatched', 'readObjectAttr': ''}, 'updatedObj': -1}, 2) to ('localhost', 15886)
[2016-12-05 19:57:41] <Coordinator1>received ('READ_ATTR',{'readObjectId': '102', 'client': <Client('localhost', 30183)>, 'action': 'stat', 'timeStamp': 1480985861.252435, 'mightReadAttr': {'writeObjectAttr': '', 'readObjectAttr': 'viewCount'}, 'updatedObj': -1, 'updates': {'readObject': {'id': '102'}, 'writeObject': {'id': '2'}}, 'mightWriteObj': '0', 'result': True, 'cachedUpdate': {'readObject': {'id': '102', 'viewCount': 41}, 'writeObject': {}}, 'readObj': -1, 'readAttr': {'readObject': {'viewCount': 41}, 'writeObject': {'moviesWatched': 5}}, 'mightWriteAttr': {'writeObjectAttr': '', 'readObjectAttr': ''}, 'writeObjectId': '2', 'delay': {'CLIENT': '4'}, 'defReadAttr': {'writeObjectAttr': 'moviesWatched', 'readObjectAttr': ''}, 'requestId': 'aIsjnSWRYW'}, 2) from ('localhost', 37905)
[2016-12-05 19:57:44] <Database> received ('DUMP_DATABASE', '../db/database7.txt') from ('localhost', 10986)
[2016-12-05 19:57:44] <Database> sending ('DUMP_DATABASE_SUCCESS) to ('localhost', 10986)
[2016-12-05 19:57:44] <Master> received ('DUMP_DATABASE_SUCCESS') from ('localhost', 31490)
