[2016-12-05 19:38:20] dbLatency : 2
[2016-12-05 19:38:20] database setup started
[2016-12-05 19:38:20] database Latency : 2
[2016-12-05 19:38:20] Database Content: 
[2016-12-05 19:38:20] Database Record : [{'objectId': '1', 'name': 'Siddharth', 'moviesWatched': 9, 'paymentDone': True}, {'objectId': '2', 'name': 'Shikhar', 'moviesWatched': 5, 'paymentDone': True}, {'objectId': '3', 'name': 'Dexter', 'moviesWatched': 10, 'paymentDone': True}, {'objectId': '101', 'name': 'The Matrix', 'payViewCount': 0, 'watched': 'false', 'viewCount': 49}, {'objectId': '102', 'name': 'Shawshank Redemption', 'payViewCount': 0, 'watched': 'true', 'viewCount': 40}]
[2016-12-05 19:38:20] Database List : ['1', '2', '3', '101', '102']
[2016-12-05 19:38:20] version Info : {('102', 'watched'): [<Version.DBVersion object at 0x7fcfcc01f0f0>], ('102', 'viewCount'): [<Version.DBVersion object at 0x7fcfcc01f128>], ('102', 'objectId'): [<Version.DBVersion object at 0x7fcfcc01f048>], ('101', 'payViewCount'): [<Version.DBVersion object at 0x7fcfcc01bf60>], ('2', 'moviesWatched'): [<Version.DBVersion object at 0x7fcfcc01bda0>], ('1', 'paymentDone'): [<Version.DBVersion object at 0x7fcfcc01bcf8>], ('1', 'objectId'): [<Version.DBVersion object at 0x7fcfcc01bc50>], ('3', 'name'): [<Version.DBVersion object at 0x7fcfcc01be48>], ('101', 'name'): [<Version.DBVersion object at 0x7fcfcc01bf28>], ('102', 'payViewCount'): [<Version.DBVersion object at 0x7fcfcc01f0b8>], ('102', 'name'): [<Version.DBVersion object at 0x7fcfcc01f080>], ('3', 'moviesWatched'): [<Version.DBVersion object at 0x7fcfcc01be80>], ('101', 'watched'): [<Version.DBVersion object at 0x7fcfcc01bf98>], ('2', 'name'): [<Version.DBVersion object at 0x7fcfcc01bd68>], ('1', 'moviesWatched'): [<Version.DBVersion object at 0x7fcfcc01bcc0>], ('3', 'objectId'): [<Version.DBVersion object at 0x7fcfcc01be10>], ('101', 'objectId'): [<Version.DBVersion object at 0x7fcfcc01bef0>], ('101', 'viewCount'): [<Version.DBVersion object at 0x7fcfcc01bfd0>], ('3', 'paymentDone'): [<Version.DBVersion object at 0x7fcfcc01beb8>], ('1', 'name'): [<Version.DBVersion object at 0x7fcfcc01bc88>], ('2', 'paymentDone'): [<Version.DBVersion object at 0x7fcfcc01bdd8>], ('2', 'objectId'): [<Version.DBVersion object at 0x7fcfcc01bd30>]}
[2016-12-05 19:38:20] <Master> sending ('QUERY_TOTAL_RECORDS') to {<DatabaseEmulator('localhost', 37710)>}
[2016-12-05 19:38:20] <Database> received ('QUERY_TOTAL_RECORDS', ('localhost', 13274))
[2016-12-05 19:38:20] <Database> sending ('ANSWER_TOTAL_OBJECTS', ['1', '2', '3', '101', '102']) to ('localhost', 13274)
[2016-12-05 19:38:20] <Master> received('ANSWER_TOTAL_OBJECTS', ['1', '2', '3', '101', '102'])
[2016-12-05 19:38:20] Starting Workers
[2016-12-05 19:38:20] <Worker ('localhost', 19331)> is up
[2016-12-05 19:38:20] <Worker ('localhost', 34702)> is up
[2016-12-05 19:38:20] <Worker ('localhost', 19739)> is up
[2016-12-05 19:38:20] <Worker ('localhost', 21144)> is up
[2016-12-05 19:38:20] <Worker ('localhost', 31160)> is up
[2016-12-05 19:38:20] <Worker ('localhost', 19321)> is up
[2016-12-05 19:38:20] <Worker ('localhost', 13311)> is up
[2016-12-05 19:38:20] <Worker ('localhost', 25243)> is up
[2016-12-05 19:38:20] <Worker ('localhost', 33137)> is up
[2016-12-05 19:38:20] <Worker ('localhost', 34908)> is up
[2016-12-05 19:38:20] <Worker ('localhost', 17163)> is up
[2016-12-05 19:38:20] <Worker ('localhost', 20118)> is up
[2016-12-05 19:38:20] <Worker ('localhost', 31197)> is up
[2016-12-05 19:38:20] <Worker ('localhost', 14505)> is up
[2016-12-05 19:38:20] <Coordinator0> is actually('localhost', 19196)
[2016-12-05 19:38:20] <Coordinator0>: responsible object list['2', '102']
[2016-12-05 19:38:20] <Coordinator0>sending ('COORDINATOR_TO_WORKER_INIT', 0) to ('localhost', 19331)
[2016-12-05 19:38:20] <Worker ('localhost', 19331)> received ('COORDINATOR_TO_WORKER_INIT', ('localhost', 19196))
[2016-12-05 19:38:20] <Worker ('localhost', 19331)> sending ('COORDINATOR_TO_WORKER_INT_ACK', ('localhost', 19331)) to ('localhost', 19196)
[2016-12-05 19:38:20] <Coordinator0>sending ('COORDINATOR_TO_WORKER_INIT', 0) to ('localhost', 34702)
[2016-12-05 19:38:20] <Worker ('localhost', 34702)> received ('COORDINATOR_TO_WORKER_INIT', ('localhost', 19196))
[2016-12-05 19:38:20] <Worker ('localhost', 34702)> sending ('COORDINATOR_TO_WORKER_INT_ACK', ('localhost', 34702)) to ('localhost', 19196)
[2016-12-05 19:38:20] <Coordinator0>sending ('COORDINATOR_TO_WORKER_INIT', 0) to ('localhost', 19739)
[2016-12-05 19:38:20] <Worker ('localhost', 19739)> received ('COORDINATOR_TO_WORKER_INIT', ('localhost', 19196))
[2016-12-05 19:38:20] <Worker ('localhost', 19739)> sending ('COORDINATOR_TO_WORKER_INT_ACK', ('localhost', 19739)) to ('localhost', 19196)
[2016-12-05 19:38:20] <Coordinator0>sending ('COORDINATOR_TO_WORKER_INIT', 0) to ('localhost', 25243)
[2016-12-05 19:38:20] <Coordinator0>sending ('COORDINATOR_TO_WORKER_INIT', 0) to ('localhost', 21144)
[2016-12-05 19:38:20] <Worker ('localhost', 21144)> received ('COORDINATOR_TO_WORKER_INIT', ('localhost', 19196))
[2016-12-05 19:38:20] <Worker ('localhost', 21144)> sending ('COORDINATOR_TO_WORKER_INT_ACK', ('localhost', 21144)) to ('localhost', 19196)
[2016-12-05 19:38:20] <Coordinator0>sending ('COORDINATOR_TO_WORKER_INIT', 0) to ('localhost', 31160)
[2016-12-05 19:38:20] <Worker ('localhost', 31160)> received ('COORDINATOR_TO_WORKER_INIT', ('localhost', 19196))
[2016-12-05 19:38:20] <Worker ('localhost', 31160)> sending ('COORDINATOR_TO_WORKER_INT_ACK', ('localhost', 31160)) to ('localhost', 19196)
[2016-12-05 19:38:20] <Worker ('localhost', 25243)> received ('COORDINATOR_TO_WORKER_INIT', ('localhost', 19196))
[2016-12-05 19:38:20] <Worker ('localhost', 25243)> sending ('COORDINATOR_TO_WORKER_INT_ACK', ('localhost', 25243)) to ('localhost', 19196)
[2016-12-05 19:38:20] <Coordinator1> is actually('localhost', 12806)
[2016-12-05 19:38:20] <Coordinator1>: responsible object list['1', '3', '101']
[2016-12-05 19:38:20] <Coordinator1>sending ('COORDINATOR_TO_WORKER_INIT', 1) to ('localhost', 13311)
[2016-12-05 19:38:20] <Coordinator1>sending ('COORDINATOR_TO_WORKER_INIT', 1) to ('localhost', 33137)
[2016-12-05 19:38:20] <Worker ('localhost', 33137)> received ('COORDINATOR_TO_WORKER_INIT', ('localhost', 12806))
[2016-12-05 19:38:20] <Worker ('localhost', 33137)> sending ('COORDINATOR_TO_WORKER_INT_ACK', ('localhost', 33137)) to ('localhost', 12806)
[2016-12-05 19:38:20] <Worker ('localhost', 13311)> received ('COORDINATOR_TO_WORKER_INIT', ('localhost', 12806))
[2016-12-05 19:38:20] <Worker ('localhost', 13311)> sending ('COORDINATOR_TO_WORKER_INT_ACK', ('localhost', 13311)) to ('localhost', 12806)
[2016-12-05 19:38:20] <Coordinator1>sending ('COORDINATOR_TO_WORKER_INIT', 1) to ('localhost', 34908)
[2016-12-05 19:38:20] <Worker ('localhost', 34908)> received ('COORDINATOR_TO_WORKER_INIT', ('localhost', 12806))
[2016-12-05 19:38:20] <Worker ('localhost', 34908)> sending ('COORDINATOR_TO_WORKER_INT_ACK', ('localhost', 34908)) to ('localhost', 12806)
[2016-12-05 19:38:20] <Coordinator1>sending ('COORDINATOR_TO_WORKER_INIT', 1) to ('localhost', 17163)
[2016-12-05 19:38:20] <Worker ('localhost', 17163)> received ('COORDINATOR_TO_WORKER_INIT', ('localhost', 12806))
[2016-12-05 19:38:20] <Worker ('localhost', 17163)> sending ('COORDINATOR_TO_WORKER_INT_ACK', ('localhost', 17163)) to ('localhost', 12806)
[2016-12-05 19:38:20] <Coordinator1>sending ('COORDINATOR_TO_WORKER_INIT', 1) to ('localhost', 20118)
[2016-12-05 19:38:20] <Worker ('localhost', 20118)> received ('COORDINATOR_TO_WORKER_INIT', ('localhost', 12806))
[2016-12-05 19:38:20] <Worker ('localhost', 20118)> sending ('COORDINATOR_TO_WORKER_INT_ACK', ('localhost', 20118)) to ('localhost', 12806)
[2016-12-05 19:38:20] <Coordinator1>sending ('COORDINATOR_TO_WORKER_INIT', 1) to ('localhost', 31197)
[2016-12-05 19:38:20] <Worker ('localhost', 31197)> received ('COORDINATOR_TO_WORKER_INIT', ('localhost', 12806))
[2016-12-05 19:38:20] <Worker ('localhost', 31197)> sending ('COORDINATOR_TO_WORKER_INT_ACK', ('localhost', 31197)) to ('localhost', 12806)
[2016-12-05 19:38:20] <Coordinator1>sending ('COORDINATOR_TO_WORKER_INIT', 1) to ('localhost', 14505)
[2016-12-05 19:38:20] <Worker ('localhost', 14505)> received ('COORDINATOR_TO_WORKER_INIT', ('localhost', 12806))
[2016-12-05 19:38:20] <Worker ('localhost', 14505)> sending ('COORDINATOR_TO_WORKER_INT_ACK', ('localhost', 14505)) to ('localhost', 12806)
[2016-12-05 19:38:20] <Coordinator0>sending ('COORDINATOR_TO_WORKER_INIT', 0) to ('localhost', 19321)
[2016-12-05 19:38:20] <Worker ('localhost', 19321)> received ('COORDINATOR_TO_WORKER_INIT', ('localhost', 19196))
[2016-12-05 19:38:20] <Worker ('localhost', 19321)> sending ('COORDINATOR_TO_WORKER_INT_ACK', ('localhost', 19321)) to ('localhost', 19196)
[2016-12-05 19:38:20] Client is up
[2016-12-05 19:38:20] contents of requests : [{'mightWriteObj': '2', 'readObjectId': '2', 'delay': {'WORKER_INITIAL': '2'}, 'action': 'view', 'mightWriteAttr': {'writeObjectAttr': 'payViewCount', 'readObjectAttr': ''}, 'writeObjectId': '102', 'defReadAttr': {'readObjectAttr': '', 'writeObjectAttr': 'viewCount'}, 'mightReadAttr': {'readObjectAttr': 'paymentDone', 'writeObjectAttr': ''}}, {'mightWriteObj': '0', 'readObjectId': '2', 'delay': {}, 'action': 'stat2', 'mightWriteAttr': {'writeObjectAttr': '', 'readObjectAttr': ''}, 'writeObjectId': '102', 'defReadAttr': {'readObjectAttr': '', 'writeObjectAttr': ''}, 'mightReadAttr': {'readObjectAttr': 'paymentDone', 'writeObjectAttr': ''}}]
[2016-12-05 19:38:20] Client sending ('READ_COORDINATOR_INITIAL',{'mightWriteObj': '2', 'readObjectId': '2', 'delay': {'WORKER_INITIAL': '2'}, 'action': 'view', 'client': <Client('localhost', 19352)>, 'mightWriteAttr': {'writeObjectAttr': 'payViewCount', 'readObjectAttr': ''}, 'writeObjectId': '102', 'defReadAttr': {'readObjectAttr': '', 'writeObjectAttr': 'viewCount'}, 'mightReadAttr': {'readObjectAttr': 'paymentDone', 'writeObjectAttr': ''}}) to ('localhost', 19196)
[2016-12-05 19:38:20] <Coordinator0>received ('READ_COORDINATOR_INITIAL', {'mightWriteObj': '2', 'delay': {'WORKER_INITIAL': '2'}, 'action': 'view', 'client': <Client('localhost', 19352)>, 'mightWriteAttr': {'writeObjectAttr': 'payViewCount', 'readObjectAttr': ''}, 'writeObjectId': '102', 'readObjectId': '2', 'mightReadAttr': {'readObjectAttr': 'paymentDone', 'writeObjectAttr': ''}, 'defReadAttr': {'readObjectAttr': '', 'writeObjectAttr': 'viewCount'}}) from ('localhost', 19352)
[2016-12-05 19:38:20] request assigned Id iHRlCXnhHO
[2016-12-05 19:38:20] get cached updates at timeStamp
[2016-12-05 19:38:20] request iHRlCXnhHO is read-write request
[2016-12-05 19:38:20] request iHRlCXnhHOis being to sent to writeObject Coord('localhost', 19196)
[2016-12-05 19:38:20] <Coordinator0>received ('WRITE_COORDINATOR_INITIAL',{'readObjectId': '2', 'action': 'view', 'cachedUpdate': {'readObject': {}}, 'client': <Client('localhost', 19352)>, 'writeObjectId': '102', 'timeStamp': 1480984700.3120334, 'defReadAttr': {'readObjectAttr': '', 'writeObjectAttr': 'viewCount'}, 'mightWriteObj': '2', 'requestId': 'iHRlCXnhHO', 'mightReadAttr': {'readObjectAttr': 'paymentDone', 'writeObjectAttr': ''}, 'delay': {'WORKER_INITIAL': '2'}, 'mightWriteAttr': {'writeObjectAttr': 'payViewCount', 'readObjectAttr': ''}}) from ('localhost', 19196)
[2016-12-05 19:38:20] Client sending ('READ_COORDINATOR_INITIAL',{'mightWriteObj': '0', 'readObjectId': '2', 'delay': {}, 'action': 'stat2', 'client': <Client('localhost', 19352)>, 'mightWriteAttr': {'writeObjectAttr': '', 'readObjectAttr': ''}, 'writeObjectId': '102', 'defReadAttr': {'readObjectAttr': '', 'writeObjectAttr': ''}, 'mightReadAttr': {'readObjectAttr': 'paymentDone', 'writeObjectAttr': ''}}) to ('localhost', 19196)
[2016-12-05 19:38:20] get cached updates at timeStamp
[2016-12-05 19:38:20] request iHRlCXnhHO is read-write request
[2016-12-05 19:38:20] request iHRlCXnhHOis being sent to worker('localhost', 21144)
[2016-12-05 19:38:20] <Worker ('localhost', 21144)> received ('WORKER_INITIAL', ('localhost', 21144)) from('localhost', 19196)
[2016-12-05 19:38:20] <Worker ('localhost', 21144)> sleeping for 2 second(s)
[2016-12-05 19:38:20] <Coordinator0>received ('READ_COORDINATOR_INITIAL', {'mightWriteObj': '0', 'delay': {}, 'action': 'stat2', 'client': <Client('localhost', 19352)>, 'mightWriteAttr': {'writeObjectAttr': '', 'readObjectAttr': ''}, 'writeObjectId': '102', 'readObjectId': '2', 'mightReadAttr': {'readObjectAttr': 'paymentDone', 'writeObjectAttr': ''}, 'defReadAttr': {'readObjectAttr': '', 'writeObjectAttr': ''}}) from ('localhost', 19352)
[2016-12-05 19:38:20] request assigned Id ZrgcwyksbM
[2016-12-05 19:38:20] get cached updates at timeStamp
[2016-12-05 19:38:20] request ZrgcwyksbM is read-read request
[2016-12-05 19:38:20] request ZrgcwyksbMis being to sent to writeObject Coord('localhost', 19196)
[2016-12-05 19:38:20] <Coordinator0>received ('WRITE_COORDINATOR_INITIAL',{'readObjectId': '2', 'action': 'stat2', 'cachedUpdate': {'readObject': {}}, 'client': <Client('localhost', 19352)>, 'writeObjectId': '102', 'timeStamp': 1480984700.3198123, 'defReadAttr': {'readObjectAttr': '', 'writeObjectAttr': ''}, 'mightWriteObj': '0', 'requestId': 'ZrgcwyksbM', 'mightReadAttr': {'readObjectAttr': 'paymentDone', 'writeObjectAttr': ''}, 'delay': {}, 'mightWriteAttr': {'writeObjectAttr': '', 'readObjectAttr': ''}}) from ('localhost', 19196)
[2016-12-05 19:38:20] get cached updates at timeStamp
[2016-12-05 19:38:20] request ZrgcwyksbM is read-read request
[2016-12-05 19:38:20] request ZrgcwyksbMis being sent to worker('localhost', 19331)
[2016-12-05 19:38:20] <Worker ('localhost', 19331)> received ('WORKER_INITIAL', ('localhost', 19331)) from('localhost', 19196)
[2016-12-05 19:38:20] <Worker ('localhost', 19331)>received read-read requestZrgcwyksbM
[2016-12-05 19:38:20] <Worker ('localhost', 19331)> sending ('QUERY_READ_WRITE_OBJECT', {'readObjectId': '2', 'action': 'stat2', 'cachedUpdate': {'writeObject': {}, 'readObject': {}}, 'client': <Client('localhost', 19352)>, 'writeObjectId': '102', 'timeStamp': 1480984700.3198123, 'defReadAttr': {'readObjectAttr': '', 'writeObjectAttr': ''}, 'mightWriteObj': '0', 'requestId': 'ZrgcwyksbM', 'mightReadAttr': {'readObjectAttr': 'paymentDone', 'writeObjectAttr': ''}, 'delay': {}, 'mightWriteAttr': {'writeObjectAttr': '', 'readObjectAttr': ''}}) to {<DatabaseEmulator('localhost', 37710)>}
[2016-12-05 19:38:20] <Database> received ('QUERY_READ_WRITE_OBJECT', {'readObjectId': '2', 'action': 'stat2', 'cachedUpdate': {'writeObject': {}, 'readObject': {}}, 'client': <Client('localhost', 19352)>, 'writeObjectId': '102', 'timeStamp': 1480984700.3198123, 'defReadAttr': {'readObjectAttr': '', 'writeObjectAttr': ''}, 'mightWriteObj': '0', 'requestId': 'ZrgcwyksbM', 'mightReadAttr': {'readObjectAttr': 'paymentDone', 'writeObjectAttr': ''}, 'delay': {}, 'mightWriteAttr': {'writeObjectAttr': '', 'readObjectAttr': ''}}) from ('localhost', 19331)
[2016-12-05 19:38:20] <Database> sending ('ANSWER_READ_WRITE_OBJECT', {'readObjectId': '2', 'action': 'stat2', 'cachedUpdate': {'writeObject': {}, 'readObject': {}}, 'client': <Client('localhost', 19352)>, 'writeObjectId': '102', 'timeStamp': 1480984700.3198123, 'defReadAttr': {'readObjectAttr': '', 'writeObjectAttr': ''}, 'mightWriteObj': '0', 'requestId': 'ZrgcwyksbM', 'mightReadAttr': {'readObjectAttr': 'paymentDone', 'writeObjectAttr': ''}, 'delay': {}, 'mightWriteAttr': {'writeObjectAttr': '', 'readObjectAttr': ''}}, {'writeObject': {'objectId': '102', 'viewCount': 40, 'name': 'Shawshank Redemption', 'watched': 'true', 'payViewCount': 0}, 'readObject': {'objectId': '2', 'name': 'Shikhar', 'moviesWatched': 5, 'paymentDone': True}}) to ('localhost', 19331)
[2016-12-05 19:38:20] <Worker ('localhost', 19331)>received ('ANSWER_READ_WRITE_OBJECT', {'readObjectId': '2', 'action': 'stat2', 'cachedUpdate': {'writeObject': {}, 'readObject': {}}, 'client': <Client('localhost', 19352)>, 'writeObjectId': '102', 'timeStamp': 1480984700.3198123, 'defReadAttr': {'readObjectAttr': '', 'writeObjectAttr': ''}, 'mightWriteObj': '0', 'requestId': 'ZrgcwyksbM', 'mightReadAttr': {'readObjectAttr': 'paymentDone', 'writeObjectAttr': ''}, 'delay': {}, 'mightWriteAttr': {'writeObjectAttr': '', 'readObjectAttr': ''}}, ZrgcwyksbM, {'writeObject': {'objectId': '102', 'viewCount': 40, 'name': 'Shawshank Redemption', 'watched': 'true', 'payViewCount': 0}, 'readObject': {'objectId': '2', 'name': 'Shikhar', 'moviesWatched': 5, 'paymentDone': True}}) from('localhost', 37710)
[2016-12-05 19:38:20] request ZrgcwyksbM is read only request 
[2016-12-05 19:38:20] sending decision to client for request ZrgcwyksbM
[2016-12-05 19:38:20] sending request ('READ_ATTR', {'readObjectId': '2', 'action': 'stat2', 'cachedUpdate': {'writeObject': {}, 'readObject': {}}, 'updatedObj': -1, 'client': <Client('localhost', 19352)>, 'writeObjectId': '102', 'timeStamp': 1480984700.3198123, 'defReadAttr': {'readObjectAttr': '', 'writeObjectAttr': ''}, 'mightWriteObj': '0', 'requestId': 'ZrgcwyksbM', 'mightReadAttr': {'readObjectAttr': 'paymentDone', 'writeObjectAttr': ''}, 'readAttr': {'writeObject': {}, 'readObject': {}}, 'readObj': -1, 'updates': {'writeObject': {'id': '102'}, 'readObject': {'id': '2'}}, 'delay': {}, 'mightWriteAttr': {'writeObjectAttr': '', 'readObjectAttr': ''}, 'result': True}, 1) to ('localhost', 19196)
[2016-12-05 19:38:20] <Client ('localhost', 19352)> received ('CLIENT_DECISION', {'readObjectId': '2', 'mightReadAttr': {'readObjectAttr': 'paymentDone', 'writeObjectAttr': ''}, 'action': 'stat2', 'cachedUpdate': {'writeObject': {}, 'readObject': {}}, 'client': <Client('localhost', 19352)>, 'writeObjectId': '102', 'defReadAttr': {'readObjectAttr': '', 'writeObjectAttr': ''}, 'timeStamp': 1480984700.3198123, 'mightWriteObj': '0', 'requestId': 'ZrgcwyksbM', 'result': True, 'readAttr': {'writeObject': {}, 'readObject': {}}, 'readObj': -1, 'updates': {'writeObject': {'id': '102'}, 'readObject': {'id': '2'}}, 'delay': {}, 'mightWriteAttr': {'writeObjectAttr': '', 'readObjectAttr': ''}, 'updatedObj': -1}) from ('localhost', 19331)DECISION :True
[2016-12-05 19:38:20] sending request ('READ_ATTR', {'readObjectId': '2', 'action': 'stat2', 'cachedUpdate': {'writeObject': {}, 'readObject': {}}, 'updatedObj': -1, 'client': <Client('localhost', 19352)>, 'writeObjectId': '102', 'timeStamp': 1480984700.3198123, 'defReadAttr': {'readObjectAttr': '', 'writeObjectAttr': ''}, 'mightWriteObj': '0', 'requestId': 'ZrgcwyksbM', 'mightReadAttr': {'readObjectAttr': 'paymentDone', 'writeObjectAttr': ''}, 'readAttr': {'writeObject': {}, 'readObject': {}}, 'readObj': -1, 'updates': {'writeObject': {'id': '102'}, 'readObject': {'id': '2'}}, 'delay': {}, 'mightWriteAttr': {'writeObjectAttr': '', 'readObjectAttr': ''}, 'result': True}, 2) to ('localhost', 19196)
[2016-12-05 19:38:20] <Coordinator0>received ('READ_ATTR',{'readObjectId': '2', 'mightReadAttr': {'readObjectAttr': 'paymentDone', 'writeObjectAttr': ''}, 'action': 'stat2', 'cachedUpdate': {'writeObject': {}, 'readObject': {}}, 'client': <Client('localhost', 19352)>, 'writeObjectId': '102', 'defReadAttr': {'readObjectAttr': '', 'writeObjectAttr': ''}, 'timeStamp': 1480984700.3198123, 'mightWriteObj': '0', 'requestId': 'ZrgcwyksbM', 'result': True, 'readAttr': {'writeObject': {}, 'readObject': {}}, 'readObj': -1, 'updates': {'writeObject': {'id': '102'}, 'readObject': {'id': '2'}}, 'delay': {}, 'mightWriteAttr': {'writeObjectAttr': '', 'readObjectAttr': ''}, 'updatedObj': -1}, 1) from ('localhost', 19331)
[2016-12-05 19:38:20] <Coordinator0>received ('READ_ATTR',{'readObjectId': '2', 'mightReadAttr': {'readObjectAttr': 'paymentDone', 'writeObjectAttr': ''}, 'action': 'stat2', 'cachedUpdate': {'writeObject': {}, 'readObject': {}}, 'client': <Client('localhost', 19352)>, 'writeObjectId': '102', 'defReadAttr': {'readObjectAttr': '', 'writeObjectAttr': ''}, 'timeStamp': 1480984700.3198123, 'mightWriteObj': '0', 'requestId': 'ZrgcwyksbM', 'result': True, 'readAttr': {'writeObject': {}, 'readObject': {}}, 'readObj': -1, 'updates': {'writeObject': {'id': '102'}, 'readObject': {'id': '2'}}, 'delay': {}, 'mightWriteAttr': {'writeObjectAttr': '', 'readObjectAttr': ''}, 'updatedObj': -1}, 2) from ('localhost', 19331)
[2016-12-05 19:38:22] <Worker ('localhost', 21144)> resumed from sleeping
[2016-12-05 19:38:22] <Worker ('localhost', 21144)> received read-write request iHRlCXnhHO
[2016-12-05 19:38:22] <Worker ('localhost', 21144)> sending ('QUERY_READ_WRITE_OBJECT', {'readObjectId': '2', 'action': 'view', 'cachedUpdate': {'writeObject': {}, 'readObject': {}}, 'client': <Client('localhost', 19352)>, 'writeObjectId': '102', 'timeStamp': 1480984700.3120334, 'defReadAttr': {'readObjectAttr': '', 'writeObjectAttr': 'viewCount'}, 'mightWriteObj': '2', 'requestId': 'iHRlCXnhHO', 'mightReadAttr': {'readObjectAttr': 'paymentDone', 'writeObjectAttr': ''}, 'delay': {'WORKER_INITIAL': '2'}, 'mightWriteAttr': {'writeObjectAttr': 'payViewCount', 'readObjectAttr': ''}}) to {<DatabaseEmulator('localhost', 37710)>}
[2016-12-05 19:38:22] <Database> received ('QUERY_READ_WRITE_OBJECT', {'readObjectId': '2', 'action': 'view', 'cachedUpdate': {'writeObject': {}, 'readObject': {}}, 'client': <Client('localhost', 19352)>, 'writeObjectId': '102', 'timeStamp': 1480984700.3120334, 'defReadAttr': {'readObjectAttr': '', 'writeObjectAttr': 'viewCount'}, 'mightWriteObj': '2', 'requestId': 'iHRlCXnhHO', 'mightReadAttr': {'readObjectAttr': 'paymentDone', 'writeObjectAttr': ''}, 'delay': {'WORKER_INITIAL': '2'}, 'mightWriteAttr': {'writeObjectAttr': 'payViewCount', 'readObjectAttr': ''}}) from ('localhost', 21144)
[2016-12-05 19:38:22] <Database> sending ('ANSWER_READ_WRITE_OBJECT', {'readObjectId': '2', 'action': 'view', 'cachedUpdate': {'writeObject': {}, 'readObject': {}}, 'client': <Client('localhost', 19352)>, 'writeObjectId': '102', 'timeStamp': 1480984700.3120334, 'defReadAttr': {'readObjectAttr': '', 'writeObjectAttr': 'viewCount'}, 'mightWriteObj': '2', 'requestId': 'iHRlCXnhHO', 'mightReadAttr': {'readObjectAttr': 'paymentDone', 'writeObjectAttr': ''}, 'delay': {'WORKER_INITIAL': '2'}, 'mightWriteAttr': {'writeObjectAttr': 'payViewCount', 'readObjectAttr': ''}}, {'writeObject': {'objectId': '102', 'viewCount': 40, 'name': 'Shawshank Redemption', 'watched': 'true', 'payViewCount': 0}, 'readObject': {'objectId': '2', 'name': 'Shikhar', 'moviesWatched': 5, 'paymentDone': True}}) to ('localhost', 21144)
[2016-12-05 19:38:22] <Worker ('localhost', 21144)>received ('ANSWER_READ_WRITE_OBJECT', {'readObjectId': '2', 'action': 'view', 'cachedUpdate': {'writeObject': {}, 'readObject': {}}, 'client': <Client('localhost', 19352)>, 'writeObjectId': '102', 'timeStamp': 1480984700.3120334, 'defReadAttr': {'readObjectAttr': '', 'writeObjectAttr': 'viewCount'}, 'mightWriteObj': '2', 'requestId': 'iHRlCXnhHO', 'mightReadAttr': {'readObjectAttr': 'paymentDone', 'writeObjectAttr': ''}, 'delay': {'WORKER_INITIAL': '2'}, 'mightWriteAttr': {'writeObjectAttr': 'payViewCount', 'readObjectAttr': ''}}, iHRlCXnhHO, {'writeObject': {'objectId': '102', 'viewCount': 40, 'name': 'Shawshank Redemption', 'watched': 'true', 'payViewCount': 0}, 'readObject': {'objectId': '2', 'name': 'Shikhar', 'moviesWatched': 5, 'paymentDone': True}}) from('localhost', 37710)
[2016-12-05 19:38:22] request iHRlCXnhHO is read write request 
[2016-12-05 19:38:22] sending request iHRlCXnhHO to ('localhost', 19196)
[2016-12-05 19:38:22] <Coordinator0>received ('RESULT',{'readObjectId': '2', 'mightReadAttr': {'readObjectAttr': 'paymentDone', 'writeObjectAttr': ''}, 'action': 'view', 'cachedUpdate': {'writeObject': {}, 'readObject': {}}, 'client': <Client('localhost', 19352)>, 'writeObjectId': '102', 'defReadAttr': {'readObjectAttr': '', 'writeObjectAttr': 'viewCount'}, 'timeStamp': 1480984700.3120334, 'mightWriteObj': '2', 'requestId': 'iHRlCXnhHO', 'result': True, 'readAttr': {'writeObject': {'viewCount': 40}, 'readObject': {}}, 'readObj': '2', 'updates': {'writeObject': {'viewCount': 41, 'id': '102'}, 'readObject': {'id': '2'}}, 'delay': {'WORKER_INITIAL': '2'}, 'mightWriteAttr': {'writeObjectAttr': 'payViewCount', 'readObjectAttr': ''}, 'updatedObj': '102'}) from ('localhost', 21144)
[2016-12-05 19:38:22] <Coordinator0>sending updates to database
[2016-12-05 19:38:22] <Database> received ('UPDATE_OBJECT', {'viewCount': 41, 'id': '102'}, 1480984700.3120334) from ('localhost', 19196)
[2016-12-05 19:38:22] <Database> sending ('UPDATE_OBJECT_SUCCESS', {'viewCount': 41, 'id': '102'}) to ('localhost', 19196)
[2016-12-05 19:38:22] caching updates......
[2016-12-05 19:38:22] caching updates.....completed
[2016-12-05 19:38:22] sending decision to client for request iHRlCXnhHO
[2016-12-05 19:38:22] <Client ('localhost', 19352)> received ('CLIENT_DECISION', {'readObjectId': '2', 'mightReadAttr': {'readObjectAttr': 'paymentDone', 'writeObjectAttr': ''}, 'action': 'view', 'cachedUpdate': {'writeObject': {}, 'readObject': {}}, 'client': <Client('localhost', 19352)>, 'writeObjectId': '102', 'defReadAttr': {'readObjectAttr': '', 'writeObjectAttr': 'viewCount'}, 'timeStamp': 1480984700.3120334, 'mightWriteObj': '2', 'requestId': 'iHRlCXnhHO', 'result': True, 'readAttr': {'writeObject': {'viewCount': 40}, 'readObject': {}}, 'readObj': '2', 'updates': {'writeObject': {'viewCount': 41, 'id': '102'}, 'readObject': {'id': '2'}}, 'delay': {'WORKER_INITIAL': '2'}, 'mightWriteAttr': {'writeObjectAttr': 'payViewCount', 'readObjectAttr': ''}, 'updatedObj': '102'}) from ('localhost', 19196)DECISION :True
[2016-12-05 19:38:22] <Client ('localhost', 19352)>sending ('CLIENT_DONE') to ('localhost', 13274)
[2016-12-05 19:38:22] <Master> received ('CLIENT_DONE') from ('localhost', 19352)
[2016-12-05 19:38:22] All clients done
[2016-12-05 19:38:22] sending message READ_ATTR to ('localhost', 19196)for request : iHRlCXnhHO
[2016-12-05 19:38:23] <Coordinator0>received ('READ_ATTR',{'readObjectId': '2', 'mightReadAttr': {'readObjectAttr': 'paymentDone', 'writeObjectAttr': ''}, 'action': 'view', 'cachedUpdate': {'writeObject': {}, 'readObject': {}}, 'client': <Client('localhost', 19352)>, 'writeObjectId': '102', 'defReadAttr': {'readObjectAttr': '', 'writeObjectAttr': 'viewCount'}, 'timeStamp': 1480984700.3120334, 'mightWriteObj': '2', 'requestId': 'iHRlCXnhHO', 'result': True, 'readAttr': {'writeObject': {'viewCount': 40}, 'readObject': {}}, 'readObj': '2', 'updates': {'writeObject': {'viewCount': 41, 'id': '102'}, 'readObject': {'id': '2'}}, 'delay': {'WORKER_INITIAL': '2'}, 'mightWriteAttr': {'writeObjectAttr': 'payViewCount', 'readObjectAttr': ''}, 'updatedObj': '102'}, 1) from ('localhost', 19196)
[2016-12-05 19:38:25] <Database> received ('DUMP_DATABASE', '../db/database1c.txt') from ('localhost', 13274)
[2016-12-05 19:38:25] <Database> sending ('DUMP_DATABASE_SUCCESS) to ('localhost', 13274)
[2016-12-05 19:38:25] <Master> received ('DUMP_DATABASE_SUCCESS') from ('localhost', 37710)
