[2016-12-05 19:49:07] dbLatency : 1
[2016-12-05 19:49:07] database setup started
[2016-12-05 19:49:07] <Master> sending ('QUERY_TOTAL_RECORDS') to {<DatabaseEmulator('localhost', 22182)>}
[2016-12-05 19:49:07] database Latency : 1
[2016-12-05 19:49:07] Database Content: 
[2016-12-05 19:49:07] Database Record : [{'paymentDone': True, 'moviesWatched': 9, 'objectId': '1', 'name': 'Siddharth'}, {'paymentDone': True, 'moviesWatched': 5, 'objectId': '2', 'name': 'Shikhar'}, {'paymentDone': True, 'moviesWatched': 10, 'objectId': '3', 'name': 'Dexter'}, {'payViewCount': 0, 'watched': 'false', 'viewCount': 49, 'objectId': '101', 'name': 'The Matrix'}, {'payViewCount': 0, 'watched': 'true', 'viewCount': 40, 'objectId': '102', 'name': 'Shawshank Redemption'}]
[2016-12-05 19:49:07] Database List : ['1', '2', '3', '101', '102']
[2016-12-05 19:49:07] version Info : {('2', 'objectId'): [<Version.DBVersion object at 0x7fe80b9d6dd8>], ('3', 'paymentDone'): [<Version.DBVersion object at 0x7fe80b9d6e48>], ('3', 'moviesWatched'): [<Version.DBVersion object at 0x7fe80b9d6e80>], ('2', 'moviesWatched'): [<Version.DBVersion object at 0x7fe80b9d6da0>], ('101', 'payViewCount'): [<Version.DBVersion object at 0x7fe80b9d6f28>], ('102', 'watched'): [<Version.DBVersion object at 0x7fe80b9da0b8>], ('3', 'objectId'): [<Version.DBVersion object at 0x7fe80b9d6eb8>], ('2', 'paymentDone'): [<Version.DBVersion object at 0x7fe80b9d6d68>], ('102', 'name'): [<Version.DBVersion object at 0x7fe80b9da160>], ('101', 'watched'): [<Version.DBVersion object at 0x7fe80b9d6f60>], ('102', 'payViewCount'): [<Version.DBVersion object at 0x7fe80b9da080>], ('101', 'viewCount'): [<Version.DBVersion object at 0x7fe80b9d6f98>], ('101', 'objectId'): [<Version.DBVersion object at 0x7fe80b9d6fd0>], ('1', 'objectId'): [<Version.DBVersion object at 0x7fe80b9d6cf8>], ('102', 'objectId'): [<Version.DBVersion object at 0x7fe80b9da128>], ('102', 'viewCount'): [<Version.DBVersion object at 0x7fe80b9da0f0>], ('1', 'moviesWatched'): [<Version.DBVersion object at 0x7fe80b9d6cc0>], ('1', 'paymentDone'): [<Version.DBVersion object at 0x7fe80b9d6c88>], ('2', 'name'): [<Version.DBVersion object at 0x7fe80b9d6e10>], ('101', 'name'): [<Version.DBVersion object at 0x7fe80b9da048>], ('3', 'name'): [<Version.DBVersion object at 0x7fe80b9d6ef0>], ('1', 'name'): [<Version.DBVersion object at 0x7fe80b9d6d30>]}
[2016-12-05 19:49:07] <Database> received ('QUERY_TOTAL_RECORDS', ('localhost', 11157))
[2016-12-05 19:49:07] <Database> sending ('ANSWER_TOTAL_OBJECTS', ['1', '2', '3', '101', '102']) to ('localhost', 11157)
[2016-12-05 19:49:07] <Master> received('ANSWER_TOTAL_OBJECTS', ['1', '2', '3', '101', '102'])
[2016-12-05 19:49:07] Starting Workers
[2016-12-05 19:49:07] <Worker ('localhost', 37968)> is up
[2016-12-05 19:49:07] <Worker ('localhost', 32875)> is up
[2016-12-05 19:49:07] <Worker ('localhost', 21062)> is up
[2016-12-05 19:49:07] <Worker ('localhost', 22128)> is up
[2016-12-05 19:49:07] <Worker ('localhost', 35436)> is up
[2016-12-05 19:49:07] <Worker ('localhost', 21607)> is up
[2016-12-05 19:49:07] <Worker ('localhost', 29058)> is up
[2016-12-05 19:49:07] <Worker ('localhost', 30381)> is up
[2016-12-05 19:49:07] <Worker ('localhost', 33427)> is up
[2016-12-05 19:49:07] <Worker ('localhost', 32825)> is up
[2016-12-05 19:49:07] <Worker ('localhost', 23540)> is up
[2016-12-05 19:49:07] <Worker ('localhost', 37500)> is up
[2016-12-05 19:49:07] <Worker ('localhost', 21685)> is up
[2016-12-05 19:49:07] <Worker ('localhost', 13410)> is up
[2016-12-05 19:49:07] <Coordinator0> is actually('localhost', 18558)
[2016-12-05 19:49:07] <Coordinator0>: responsible object list[]
[2016-12-05 19:49:07] <Coordinator0>sending ('COORDINATOR_TO_WORKER_INIT', 0) to ('localhost', 37968)
[2016-12-05 19:49:07] <Worker ('localhost', 37968)> received ('COORDINATOR_TO_WORKER_INIT', ('localhost', 18558))
[2016-12-05 19:49:07] <Worker ('localhost', 37968)> sending ('COORDINATOR_TO_WORKER_INT_ACK', ('localhost', 37968)) to ('localhost', 18558)
[2016-12-05 19:49:07] <Coordinator0>sending ('COORDINATOR_TO_WORKER_INIT', 0) to ('localhost', 32875)
[2016-12-05 19:49:07] <Worker ('localhost', 32875)> received ('COORDINATOR_TO_WORKER_INIT', ('localhost', 18558))
[2016-12-05 19:49:07] <Worker ('localhost', 32875)> sending ('COORDINATOR_TO_WORKER_INT_ACK', ('localhost', 32875)) to ('localhost', 18558)
[2016-12-05 19:49:07] <Coordinator0>sending ('COORDINATOR_TO_WORKER_INIT', 0) to ('localhost', 21062)
[2016-12-05 19:49:07] <Worker ('localhost', 21062)> received ('COORDINATOR_TO_WORKER_INIT', ('localhost', 18558))
[2016-12-05 19:49:07] <Worker ('localhost', 21062)> sending ('COORDINATOR_TO_WORKER_INT_ACK', ('localhost', 21062)) to ('localhost', 18558)
[2016-12-05 19:49:07] <Worker ('localhost', 33123)> is up
[2016-12-05 19:49:07] <Coordinator1> is actually('localhost', 29862)
[2016-12-05 19:49:07] <Coordinator1>: responsible object list[]
[2016-12-05 19:49:07] <Coordinator1>sending ('COORDINATOR_TO_WORKER_INIT', 1) to ('localhost', 22128)
[2016-12-05 19:49:07] <Worker ('localhost', 22128)> received ('COORDINATOR_TO_WORKER_INIT', ('localhost', 29862))
[2016-12-05 19:49:07] <Worker ('localhost', 22128)> sending ('COORDINATOR_TO_WORKER_INT_ACK', ('localhost', 22128)) to ('localhost', 29862)
[2016-12-05 19:49:07] <Coordinator1>sending ('COORDINATOR_TO_WORKER_INIT', 1) to ('localhost', 35436)
[2016-12-05 19:49:07] <Worker ('localhost', 35436)> received ('COORDINATOR_TO_WORKER_INIT', ('localhost', 29862))
[2016-12-05 19:49:07] <Worker ('localhost', 35436)> sending ('COORDINATOR_TO_WORKER_INT_ACK', ('localhost', 35436)) to ('localhost', 29862)
[2016-12-05 19:49:07] <Coordinator1>sending ('COORDINATOR_TO_WORKER_INIT', 1) to ('localhost', 21607)
[2016-12-05 19:49:07] <Worker ('localhost', 21607)> received ('COORDINATOR_TO_WORKER_INIT', ('localhost', 29862))
[2016-12-05 19:49:07] <Worker ('localhost', 21607)> sending ('COORDINATOR_TO_WORKER_INT_ACK', ('localhost', 21607)) to ('localhost', 29862)
[2016-12-05 19:49:07] <Coordinator2> is actually('localhost', 26719)
[2016-12-05 19:49:07] <Coordinator2>: responsible object list['2', '101']
[2016-12-05 19:49:07] <Coordinator2>sending ('COORDINATOR_TO_WORKER_INIT', 2) to ('localhost', 29058)
[2016-12-05 19:49:07] <Worker ('localhost', 29058)> received ('COORDINATOR_TO_WORKER_INIT', ('localhost', 26719))
[2016-12-05 19:49:07] <Worker ('localhost', 29058)> sending ('COORDINATOR_TO_WORKER_INT_ACK', ('localhost', 29058)) to ('localhost', 26719)
[2016-12-05 19:49:07] <Coordinator2>sending ('COORDINATOR_TO_WORKER_INIT', 2) to ('localhost', 30381)
[2016-12-05 19:49:07] <Worker ('localhost', 30381)> received ('COORDINATOR_TO_WORKER_INIT', ('localhost', 26719))
[2016-12-05 19:49:07] <Worker ('localhost', 30381)> sending ('COORDINATOR_TO_WORKER_INT_ACK', ('localhost', 30381)) to ('localhost', 26719)
[2016-12-05 19:49:07] <Coordinator2>sending ('COORDINATOR_TO_WORKER_INIT', 2) to ('localhost', 33427)
[2016-12-05 19:49:07] <Worker ('localhost', 33427)> received ('COORDINATOR_TO_WORKER_INIT', ('localhost', 26719))
[2016-12-05 19:49:07] <Worker ('localhost', 33427)> sending ('COORDINATOR_TO_WORKER_INT_ACK', ('localhost', 33427)) to ('localhost', 26719)
[2016-12-05 19:49:07] <Coordinator3> is actually('localhost', 23558)
[2016-12-05 19:49:07] <Coordinator3>: responsible object list['1', '3']
[2016-12-05 19:49:07] <Coordinator3>sending ('COORDINATOR_TO_WORKER_INIT', 3) to ('localhost', 32825)
[2016-12-05 19:49:07] <Worker ('localhost', 32825)> received ('COORDINATOR_TO_WORKER_INIT', ('localhost', 23558))
[2016-12-05 19:49:07] <Worker ('localhost', 32825)> sending ('COORDINATOR_TO_WORKER_INT_ACK', ('localhost', 32825)) to ('localhost', 23558)
[2016-12-05 19:49:07] <Coordinator3>sending ('COORDINATOR_TO_WORKER_INIT', 3) to ('localhost', 23540)
[2016-12-05 19:49:07] <Worker ('localhost', 23540)> received ('COORDINATOR_TO_WORKER_INIT', ('localhost', 23558))
[2016-12-05 19:49:07] <Worker ('localhost', 23540)> sending ('COORDINATOR_TO_WORKER_INT_ACK', ('localhost', 23540)) to ('localhost', 23558)
[2016-12-05 19:49:07] <Coordinator3>sending ('COORDINATOR_TO_WORKER_INIT', 3) to ('localhost', 21685)
[2016-12-05 19:49:07] <Worker ('localhost', 21685)> received ('COORDINATOR_TO_WORKER_INIT', ('localhost', 23558))
[2016-12-05 19:49:07] <Worker ('localhost', 21685)> sending ('COORDINATOR_TO_WORKER_INT_ACK', ('localhost', 21685)) to ('localhost', 23558)
[2016-12-05 19:49:07] <Coordinator4> is actually('localhost', 36725)
[2016-12-05 19:49:07] <Coordinator4>: responsible object list['102']
[2016-12-05 19:49:07] <Coordinator4>sending ('COORDINATOR_TO_WORKER_INIT', 4) to ('localhost', 37500)
[2016-12-05 19:49:07] <Worker ('localhost', 37500)> received ('COORDINATOR_TO_WORKER_INIT', ('localhost', 36725))
[2016-12-05 19:49:07] <Worker ('localhost', 37500)> sending ('COORDINATOR_TO_WORKER_INT_ACK', ('localhost', 37500)) to ('localhost', 36725)
[2016-12-05 19:49:07] <Coordinator4>sending ('COORDINATOR_TO_WORKER_INIT', 4) to ('localhost', 13410)
[2016-12-05 19:49:07] <Worker ('localhost', 13410)> received ('COORDINATOR_TO_WORKER_INIT', ('localhost', 36725))
[2016-12-05 19:49:07] <Worker ('localhost', 13410)> sending ('COORDINATOR_TO_WORKER_INT_ACK', ('localhost', 13410)) to ('localhost', 36725)
[2016-12-05 19:49:07] <Coordinator4>sending ('COORDINATOR_TO_WORKER_INIT', 4) to ('localhost', 33123)
[2016-12-05 19:49:07] <Worker ('localhost', 33123)> received ('COORDINATOR_TO_WORKER_INIT', ('localhost', 36725))
[2016-12-05 19:49:07] <Worker ('localhost', 33123)> sending ('COORDINATOR_TO_WORKER_INT_ACK', ('localhost', 33123)) to ('localhost', 36725)
[2016-12-05 19:49:07] Client is up
[2016-12-05 19:49:07] contents of requests : [{'mightReadAttr': {'writeObjectAttr': '', 'readObjectAttr': 'paymentDone'}, 'mightWriteAttr': {'writeObjectAttr': 'payViewCount', 'readObjectAttr': ''}, 'defReadAttr': {'writeObjectAttr': 'viewCount', 'readObjectAttr': ''}, 'action': 'view', 'delay': {'WORKER_INITIAL': '2'}, 'readObjectId': '2', 'writeObjectId': '102', 'mightWriteObj': '2'}, {'mightReadAttr': {'writeObjectAttr': 'viewCount', 'readObjectAttr': ''}, 'mightWriteAttr': {'writeObjectAttr': '', 'readObjectAttr': ''}, 'defReadAttr': {'writeObjectAttr': '', 'readObjectAttr': 'moviesWatched'}, 'action': 'stat', 'delay': {'CLIENT': '1', 'WORKER_INITIAL': '3'}, 'readObjectId': '2', 'writeObjectId': '102', 'mightWriteObj': '0'}]
[2016-12-05 19:49:07] Client sending ('READ_COORDINATOR_INITIAL',{'mightReadAttr': {'writeObjectAttr': '', 'readObjectAttr': 'paymentDone'}, 'mightWriteAttr': {'writeObjectAttr': 'payViewCount', 'readObjectAttr': ''}, 'defReadAttr': {'writeObjectAttr': 'viewCount', 'readObjectAttr': ''}, 'action': 'view', 'client': <Client('localhost', 31254)>, 'delay': {'WORKER_INITIAL': '2'}, 'readObjectId': '2', 'writeObjectId': '102', 'mightWriteObj': '2'}) to ('localhost', 26719)
[2016-12-05 19:49:07] <Coordinator2>received ('READ_COORDINATOR_INITIAL', {'mightReadAttr': {'writeObjectAttr': '', 'readObjectAttr': 'paymentDone'}, 'mightWriteAttr': {'writeObjectAttr': 'payViewCount', 'readObjectAttr': ''}, 'defReadAttr': {'writeObjectAttr': 'viewCount', 'readObjectAttr': ''}, 'action': 'view', 'client': <Client('localhost', 31254)>, 'delay': {'WORKER_INITIAL': '2'}, 'readObjectId': '2', 'writeObjectId': '102', 'mightWriteObj': '2'}) from ('localhost', 31254)
[2016-12-05 19:49:07] request assigned Id aKafeoBJIb
[2016-12-05 19:49:07] get cached updates at timeStamp
[2016-12-05 19:49:07] request aKafeoBJIb is read-write request
[2016-12-05 19:49:07] request aKafeoBJIbis being to sent to writeObject Coord('localhost', 36725)
[2016-12-05 19:49:07] <Coordinator4>received ('WRITE_COORDINATOR_INITIAL',{'mightReadAttr': {'writeObjectAttr': '', 'readObjectAttr': 'paymentDone'}, 'defReadAttr': {'writeObjectAttr': 'viewCount', 'readObjectAttr': ''}, 'action': 'view', 'delay': {'WORKER_INITIAL': '2'}, 'writeObjectId': '102', 'cachedUpdate': {'readObject': {}}, 'mightWriteAttr': {'writeObjectAttr': 'payViewCount', 'readObjectAttr': ''}, 'mightWriteObj': '2', 'timeStamp': 1480985347.697737, 'readObjectId': '2', 'client': <Client('localhost', 31254)>, 'requestId': 'aKafeoBJIb'}) from ('localhost', 26719)
[2016-12-05 19:49:07] get cached updates at timeStamp
[2016-12-05 19:49:07] request aKafeoBJIb is read-write request
[2016-12-05 19:49:07] request aKafeoBJIbis being sent to worker('localhost', 13410)
[2016-12-05 19:49:07] <Worker ('localhost', 13410)> received ('WORKER_INITIAL', ('localhost', 13410)) from('localhost', 36725)
[2016-12-05 19:49:07] <Worker ('localhost', 13410)> sleeping for 2 second(s)
[2016-12-05 19:49:07] <Client ('localhost', 31254)> sleeping for 1 second(s)
[2016-12-05 19:49:08] <Client ('localhost', 31254)> resumed from sleeping
[2016-12-05 19:49:08] Client sending ('READ_COORDINATOR_INITIAL',{'mightReadAttr': {'writeObjectAttr': 'viewCount', 'readObjectAttr': ''}, 'mightWriteAttr': {'writeObjectAttr': '', 'readObjectAttr': ''}, 'defReadAttr': {'writeObjectAttr': '', 'readObjectAttr': 'moviesWatched'}, 'action': 'stat', 'client': <Client('localhost', 31254)>, 'delay': {'CLIENT': '1', 'WORKER_INITIAL': '3'}, 'readObjectId': '2', 'writeObjectId': '102', 'mightWriteObj': '0'}) to ('localhost', 26719)
[2016-12-05 19:49:08] <Coordinator2>received ('READ_COORDINATOR_INITIAL', {'mightReadAttr': {'writeObjectAttr': 'viewCount', 'readObjectAttr': ''}, 'mightWriteAttr': {'writeObjectAttr': '', 'readObjectAttr': ''}, 'defReadAttr': {'writeObjectAttr': '', 'readObjectAttr': 'moviesWatched'}, 'action': 'stat', 'client': <Client('localhost', 31254)>, 'delay': {'CLIENT': '1', 'WORKER_INITIAL': '3'}, 'readObjectId': '2', 'writeObjectId': '102', 'mightWriteObj': '0'}) from ('localhost', 31254)
[2016-12-05 19:49:08] request assigned Id ojKOHFcYSj
[2016-12-05 19:49:08] get cached updates at timeStamp
[2016-12-05 19:49:08] request ojKOHFcYSj is read-read request
[2016-12-05 19:49:08] request ojKOHFcYSjis being to sent to writeObject Coord('localhost', 36725)
[2016-12-05 19:49:08] <Coordinator4>received ('WRITE_COORDINATOR_INITIAL',{'mightReadAttr': {'writeObjectAttr': 'viewCount', 'readObjectAttr': ''}, 'defReadAttr': {'writeObjectAttr': '', 'readObjectAttr': 'moviesWatched'}, 'action': 'stat', 'delay': {'CLIENT': '1', 'WORKER_INITIAL': '3'}, 'writeObjectId': '102', 'cachedUpdate': {'readObject': {}}, 'mightWriteAttr': {'writeObjectAttr': '', 'readObjectAttr': ''}, 'mightWriteObj': '0', 'timeStamp': 1480985348.707312, 'readObjectId': '2', 'client': <Client('localhost', 31254)>, 'requestId': 'ojKOHFcYSj'}) from ('localhost', 26719)
[2016-12-05 19:49:08] get cached updates at timeStamp
[2016-12-05 19:49:08] request ojKOHFcYSj is read-read request
[2016-12-05 19:49:08] request ojKOHFcYSjis being sent to worker('localhost', 33123)
[2016-12-05 19:49:08] <Worker ('localhost', 33123)> received ('WORKER_INITIAL', ('localhost', 33123)) from('localhost', 36725)
[2016-12-05 19:49:08] <Worker ('localhost', 33123)> sleeping for 3 second(s)
[2016-12-05 19:49:09] <Worker ('localhost', 13410)> resumed from sleeping
[2016-12-05 19:49:09] <Worker ('localhost', 13410)> received read-write request aKafeoBJIb
[2016-12-05 19:49:09] <Worker ('localhost', 13410)> sending ('QUERY_READ_WRITE_OBJECT', {'mightReadAttr': {'writeObjectAttr': '', 'readObjectAttr': 'paymentDone'}, 'defReadAttr': {'writeObjectAttr': 'viewCount', 'readObjectAttr': ''}, 'action': 'view', 'delay': {'WORKER_INITIAL': '2'}, 'writeObjectId': '102', 'cachedUpdate': {'readObject': {}, 'writeObject': {}}, 'mightWriteAttr': {'writeObjectAttr': 'payViewCount', 'readObjectAttr': ''}, 'mightWriteObj': '2', 'timeStamp': 1480985347.697737, 'readObjectId': '2', 'client': <Client('localhost', 31254)>, 'requestId': 'aKafeoBJIb'}) to {<DatabaseEmulator('localhost', 22182)>}
[2016-12-05 19:49:09] <Database> received ('QUERY_READ_WRITE_OBJECT', {'mightReadAttr': {'writeObjectAttr': '', 'readObjectAttr': 'paymentDone'}, 'defReadAttr': {'writeObjectAttr': 'viewCount', 'readObjectAttr': ''}, 'action': 'view', 'delay': {'WORKER_INITIAL': '2'}, 'writeObjectId': '102', 'cachedUpdate': {'readObject': {}, 'writeObject': {}}, 'mightWriteAttr': {'writeObjectAttr': 'payViewCount', 'readObjectAttr': ''}, 'mightWriteObj': '2', 'timeStamp': 1480985347.697737, 'readObjectId': '2', 'client': <Client('localhost', 31254)>, 'requestId': 'aKafeoBJIb'}) from ('localhost', 13410)
[2016-12-05 19:49:09] <Database> sending ('ANSWER_READ_WRITE_OBJECT', {'mightReadAttr': {'writeObjectAttr': '', 'readObjectAttr': 'paymentDone'}, 'defReadAttr': {'writeObjectAttr': 'viewCount', 'readObjectAttr': ''}, 'action': 'view', 'delay': {'WORKER_INITIAL': '2'}, 'writeObjectId': '102', 'cachedUpdate': {'readObject': {}, 'writeObject': {}}, 'mightWriteAttr': {'writeObjectAttr': 'payViewCount', 'readObjectAttr': ''}, 'mightWriteObj': '2', 'timeStamp': 1480985347.697737, 'readObjectId': '2', 'client': <Client('localhost', 31254)>, 'requestId': 'aKafeoBJIb'}, {'readObject': {'paymentDone': True, 'moviesWatched': 5, 'objectId': '2', 'name': 'Shikhar'}, 'writeObject': {'viewCount': 40, 'watched': 'true', 'payViewCount': 0, 'objectId': '102', 'name': 'Shawshank Redemption'}}) to ('localhost', 13410)
[2016-12-05 19:49:09] <Worker ('localhost', 13410)>received ('ANSWER_READ_WRITE_OBJECT', {'mightReadAttr': {'writeObjectAttr': '', 'readObjectAttr': 'paymentDone'}, 'defReadAttr': {'writeObjectAttr': 'viewCount', 'readObjectAttr': ''}, 'action': 'view', 'delay': {'WORKER_INITIAL': '2'}, 'writeObjectId': '102', 'cachedUpdate': {'readObject': {}, 'writeObject': {}}, 'mightWriteAttr': {'writeObjectAttr': 'payViewCount', 'readObjectAttr': ''}, 'mightWriteObj': '2', 'timeStamp': 1480985347.697737, 'readObjectId': '2', 'client': <Client('localhost', 31254)>, 'requestId': 'aKafeoBJIb'}, aKafeoBJIb, {'readObject': {'paymentDone': True, 'moviesWatched': 5, 'objectId': '2', 'name': 'Shikhar'}, 'writeObject': {'viewCount': 40, 'watched': 'true', 'payViewCount': 0, 'objectId': '102', 'name': 'Shawshank Redemption'}}) from('localhost', 22182)
[2016-12-05 19:49:09] request aKafeoBJIb is read write request 
[2016-12-05 19:49:09] sending request aKafeoBJIb to ('localhost', 36725)
[2016-12-05 19:49:09] <Coordinator4>received ('RESULT',{'mightReadAttr': {'writeObjectAttr': '', 'readObjectAttr': 'paymentDone'}, 'defReadAttr': {'writeObjectAttr': 'viewCount', 'readObjectAttr': ''}, 'readObj': '2', 'action': 'view', 'delay': {'WORKER_INITIAL': '2'}, 'writeObjectId': '102', 'cachedUpdate': {'readObject': {}, 'writeObject': {}}, 'readAttr': {'readObject': {}, 'writeObject': {'viewCount': 40}}, 'mightWriteAttr': {'writeObjectAttr': 'payViewCount', 'readObjectAttr': ''}, 'mightWriteObj': '2', 'updatedObj': '102', 'result': True, 'timeStamp': 1480985347.697737, 'readObjectId': '2', 'client': <Client('localhost', 31254)>, 'requestId': 'aKafeoBJIb', 'updates': {'readObject': {'id': '2'}, 'writeObject': {'viewCount': 41, 'id': '102'}}}) from ('localhost', 13410)
[2016-12-05 19:49:09] pendingMightRead non empty; adding request aKafeoBJIb to write request queue
[2016-12-05 19:49:11] <Worker ('localhost', 33123)> resumed from sleeping
[2016-12-05 19:49:11] <Worker ('localhost', 33123)>received read-read requestojKOHFcYSj
[2016-12-05 19:49:11] <Worker ('localhost', 33123)> sending ('QUERY_READ_WRITE_OBJECT', {'mightReadAttr': {'writeObjectAttr': 'viewCount', 'readObjectAttr': ''}, 'defReadAttr': {'writeObjectAttr': '', 'readObjectAttr': 'moviesWatched'}, 'action': 'stat', 'delay': {'CLIENT': '1', 'WORKER_INITIAL': '3'}, 'writeObjectId': '102', 'cachedUpdate': {'readObject': {}, 'writeObject': {}}, 'mightWriteAttr': {'writeObjectAttr': '', 'readObjectAttr': ''}, 'mightWriteObj': '0', 'timeStamp': 1480985348.707312, 'readObjectId': '2', 'client': <Client('localhost', 31254)>, 'requestId': 'ojKOHFcYSj'}) to {<DatabaseEmulator('localhost', 22182)>}
[2016-12-05 19:49:11] <Database> received ('QUERY_READ_WRITE_OBJECT', {'mightReadAttr': {'writeObjectAttr': 'viewCount', 'readObjectAttr': ''}, 'defReadAttr': {'writeObjectAttr': '', 'readObjectAttr': 'moviesWatched'}, 'action': 'stat', 'delay': {'CLIENT': '1', 'WORKER_INITIAL': '3'}, 'writeObjectId': '102', 'cachedUpdate': {'readObject': {}, 'writeObject': {}}, 'mightWriteAttr': {'writeObjectAttr': '', 'readObjectAttr': ''}, 'mightWriteObj': '0', 'timeStamp': 1480985348.707312, 'readObjectId': '2', 'client': <Client('localhost', 31254)>, 'requestId': 'ojKOHFcYSj'}) from ('localhost', 33123)
[2016-12-05 19:49:11] <Database> sending ('ANSWER_READ_WRITE_OBJECT', {'mightReadAttr': {'writeObjectAttr': 'viewCount', 'readObjectAttr': ''}, 'defReadAttr': {'writeObjectAttr': '', 'readObjectAttr': 'moviesWatched'}, 'action': 'stat', 'delay': {'CLIENT': '1', 'WORKER_INITIAL': '3'}, 'writeObjectId': '102', 'cachedUpdate': {'readObject': {}, 'writeObject': {}}, 'mightWriteAttr': {'writeObjectAttr': '', 'readObjectAttr': ''}, 'mightWriteObj': '0', 'timeStamp': 1480985348.707312, 'readObjectId': '2', 'client': <Client('localhost', 31254)>, 'requestId': 'ojKOHFcYSj'}, {'readObject': {'paymentDone': True, 'moviesWatched': 5, 'objectId': '2', 'name': 'Shikhar'}, 'writeObject': {'viewCount': 40, 'watched': 'true', 'payViewCount': 0, 'objectId': '102', 'name': 'Shawshank Redemption'}}) to ('localhost', 33123)
[2016-12-05 19:49:11] <Worker ('localhost', 33123)>received ('ANSWER_READ_WRITE_OBJECT', {'mightReadAttr': {'writeObjectAttr': 'viewCount', 'readObjectAttr': ''}, 'defReadAttr': {'writeObjectAttr': '', 'readObjectAttr': 'moviesWatched'}, 'action': 'stat', 'delay': {'CLIENT': '1', 'WORKER_INITIAL': '3'}, 'writeObjectId': '102', 'cachedUpdate': {'readObject': {}, 'writeObject': {}}, 'mightWriteAttr': {'writeObjectAttr': '', 'readObjectAttr': ''}, 'mightWriteObj': '0', 'timeStamp': 1480985348.707312, 'readObjectId': '2', 'client': <Client('localhost', 31254)>, 'requestId': 'ojKOHFcYSj'}, ojKOHFcYSj, {'readObject': {'paymentDone': True, 'moviesWatched': 5, 'objectId': '2', 'name': 'Shikhar'}, 'writeObject': {'viewCount': 40, 'watched': 'true', 'payViewCount': 0, 'objectId': '102', 'name': 'Shawshank Redemption'}}) from('localhost', 22182)
[2016-12-05 19:49:11] request ojKOHFcYSj is read only request 
[2016-12-05 19:49:11] sending decision to client for request ojKOHFcYSj
[2016-12-05 19:49:11] sending request ('READ_ATTR', {'mightReadAttr': {'writeObjectAttr': 'viewCount', 'readObjectAttr': ''}, 'defReadAttr': {'writeObjectAttr': '', 'readObjectAttr': 'moviesWatched'}, 'readObj': -1, 'action': 'stat', 'delay': {'CLIENT': '1', 'WORKER_INITIAL': '3'}, 'writeObjectId': '102', 'cachedUpdate': {'readObject': {}, 'writeObject': {}}, 'readAttr': {'readObject': {'moviesWatched': 5}, 'writeObject': {'viewCount': 40}}, 'mightWriteAttr': {'writeObjectAttr': '', 'readObjectAttr': ''}, 'mightWriteObj': '0', 'updatedObj': -1, 'result': True, 'timeStamp': 1480985348.707312, 'readObjectId': '2', 'client': <Client('localhost', 31254)>, 'requestId': 'ojKOHFcYSj', 'updates': {'readObject': {'id': '2'}, 'writeObject': {'id': '102'}}}, 1) to ('localhost', 26719)
[2016-12-05 19:49:11] <Coordinator2>received ('READ_ATTR',{'mightReadAttr': {'writeObjectAttr': 'viewCount', 'readObjectAttr': ''}, 'defReadAttr': {'writeObjectAttr': '', 'readObjectAttr': 'moviesWatched'}, 'readObj': -1, 'action': 'stat', 'delay': {'CLIENT': '1', 'WORKER_INITIAL': '3'}, 'writeObjectId': '102', 'cachedUpdate': {'readObject': {}, 'writeObject': {}}, 'readAttr': {'readObject': {'moviesWatched': 5}, 'writeObject': {'viewCount': 40}}, 'mightWriteAttr': {'writeObjectAttr': '', 'readObjectAttr': ''}, 'mightWriteObj': '0', 'updatedObj': -1, 'result': True, 'timeStamp': 1480985348.707312, 'readObjectId': '2', 'client': <Client('localhost', 31254)>, 'requestId': 'ojKOHFcYSj', 'updates': {'readObject': {'id': '2'}, 'writeObject': {'id': '102'}}}, 1) from ('localhost', 33123)
[2016-12-05 19:49:11] sending request ('READ_ATTR', {'mightReadAttr': {'writeObjectAttr': 'viewCount', 'readObjectAttr': ''}, 'defReadAttr': {'writeObjectAttr': '', 'readObjectAttr': 'moviesWatched'}, 'readObj': -1, 'action': 'stat', 'delay': {'CLIENT': '1', 'WORKER_INITIAL': '3'}, 'writeObjectId': '102', 'cachedUpdate': {'readObject': {}, 'writeObject': {}}, 'readAttr': {'readObject': {'moviesWatched': 5}, 'writeObject': {'viewCount': 40}}, 'mightWriteAttr': {'writeObjectAttr': '', 'readObjectAttr': ''}, 'mightWriteObj': '0', 'updatedObj': -1, 'result': True, 'timeStamp': 1480985348.707312, 'readObjectId': '2', 'client': <Client('localhost', 31254)>, 'requestId': 'ojKOHFcYSj', 'updates': {'readObject': {'id': '2'}, 'writeObject': {'id': '102'}}}, 2) to ('localhost', 36725)
[2016-12-05 19:49:11] <Client ('localhost', 31254)> received ('CLIENT_DECISION', {'mightReadAttr': {'writeObjectAttr': 'viewCount', 'readObjectAttr': ''}, 'defReadAttr': {'writeObjectAttr': '', 'readObjectAttr': 'moviesWatched'}, 'readObj': -1, 'action': 'stat', 'delay': {'CLIENT': '1', 'WORKER_INITIAL': '3'}, 'writeObjectId': '102', 'cachedUpdate': {'readObject': {}, 'writeObject': {}}, 'readAttr': {'readObject': {'moviesWatched': 5}, 'writeObject': {'viewCount': 40}}, 'mightWriteAttr': {'writeObjectAttr': '', 'readObjectAttr': ''}, 'mightWriteObj': '0', 'updatedObj': -1, 'result': True, 'timeStamp': 1480985348.707312, 'readObjectId': '2', 'client': <Client('localhost', 31254)>, 'requestId': 'ojKOHFcYSj', 'updates': {'readObject': {'id': '2'}, 'writeObject': {'id': '102'}}}) from ('localhost', 33123)DECISION :True
[2016-12-05 19:49:11] <Coordinator4>received ('READ_ATTR',{'mightReadAttr': {'writeObjectAttr': 'viewCount', 'readObjectAttr': ''}, 'defReadAttr': {'writeObjectAttr': '', 'readObjectAttr': 'moviesWatched'}, 'readObj': -1, 'action': 'stat', 'delay': {'CLIENT': '1', 'WORKER_INITIAL': '3'}, 'writeObjectId': '102', 'cachedUpdate': {'readObject': {}, 'writeObject': {}}, 'readAttr': {'readObject': {'moviesWatched': 5}, 'writeObject': {'viewCount': 40}}, 'mightWriteAttr': {'writeObjectAttr': '', 'readObjectAttr': ''}, 'mightWriteObj': '0', 'updatedObj': -1, 'result': True, 'timeStamp': 1480985348.707312, 'readObjectId': '2', 'client': <Client('localhost', 31254)>, 'requestId': 'ojKOHFcYSj', 'updates': {'readObject': {'id': '2'}, 'writeObject': {'id': '102'}}}, 2) from ('localhost', 33123)
[2016-12-05 19:49:11] Resending waiting request aKafeoBJIb to ('localhost', 36725)
[2016-12-05 19:49:11] <Coordinator4>received ('RESULT',{'mightReadAttr': {'writeObjectAttr': '', 'readObjectAttr': 'paymentDone'}, 'defReadAttr': {'writeObjectAttr': 'viewCount', 'readObjectAttr': ''}, 'readObj': '2', 'action': 'view', 'delay': {'WORKER_INITIAL': '2'}, 'writeObjectId': '102', 'cachedUpdate': {'readObject': {}, 'writeObject': {}}, 'readAttr': {'readObject': {}, 'writeObject': {'viewCount': 40}}, 'mightWriteAttr': {'writeObjectAttr': 'payViewCount', 'readObjectAttr': ''}, 'mightWriteObj': '2', 'updatedObj': '102', 'result': True, 'timeStamp': 1480985347.697737, 'readObjectId': '2', 'client': <Client('localhost', 31254)>, 'requestId': 'aKafeoBJIb', 'updates': {'readObject': {'id': '2'}, 'writeObject': {'viewCount': 41, 'id': '102'}}}) from ('localhost', 36725)
[2016-12-05 19:49:11] Conflict found for request aKafeoBJIb
[2016-12-05 19:49:11] Trying to Restart request aKafeoBJIb
[2016-12-05 19:49:11] <Coordinator4> sending ('RESTART, {'mightReadAttr': {'writeObjectAttr': '', 'readObjectAttr': 'paymentDone'}, 'defReadAttr': {'writeObjectAttr': 'viewCount', 'readObjectAttr': ''}, 'readObj': '2', 'action': 'view', 'delay': {'WORKER_INITIAL': '2'}, 'writeObjectId': '102', 'cachedUpdate': {'readObject': {}, 'writeObject': {}}, 'readAttr': {'readObject': {}, 'writeObject': {'viewCount': 40}}, 'mightWriteAttr': {'writeObjectAttr': 'payViewCount', 'readObjectAttr': ''}, 'mightWriteObj': '2', 'updatedObj': '102', 'result': True, 'timeStamp': 1480985347.697737, 'readObjectId': '2', 'client': <Client('localhost', 31254)>, 'requestId': 'aKafeoBJIb', 'updates': {'readObject': {'id': '2'}, 'writeObject': {'viewCount': 41, 'id': '102'}}}') to ('localhost', 26719)
[2016-12-05 19:49:11] <Coordinator2> received ('RESTART', {'mightReadAttr': {'writeObjectAttr': '', 'readObjectAttr': 'paymentDone'}, 'defReadAttr': {'writeObjectAttr': 'viewCount', 'readObjectAttr': ''}, 'readObj': '2', 'action': 'view', 'delay': {'WORKER_INITIAL': '2'}, 'writeObjectId': '102', 'cachedUpdate': {'readObject': {}, 'writeObject': {}}, 'readAttr': {'readObject': {}, 'writeObject': {'viewCount': 40}}, 'mightWriteAttr': {'writeObjectAttr': 'payViewCount', 'readObjectAttr': ''}, 'mightWriteObj': '2', 'updatedObj': '102', 'result': True, 'timeStamp': 1480985347.697737, 'readObjectId': '2', 'client': <Client('localhost', 31254)>, 'requestId': 'aKafeoBJIb', 'updates': {'readObject': {'id': '2'}, 'writeObject': {'viewCount': 41, 'id': '102'}}}) from ('localhost', 36725)
[2016-12-05 19:49:11] Restarting request aKafeoBJIb; sending ('READ_COORDINATOR_INITIAL',{'mightReadAttr': {'writeObjectAttr': '', 'readObjectAttr': 'paymentDone'}, 'defReadAttr': {'writeObjectAttr': 'viewCount', 'readObjectAttr': ''}, 'action': 'view', 'delay': {'WORKER_INITIAL': '2'}, 'writeObjectId': '102', 'mightWriteAttr': {'writeObjectAttr': 'payViewCount', 'readObjectAttr': ''}, 'mightWriteObj': '2', 'readObjectId': '2', 'client': <Client('localhost', 31254)>, 'requestId': 'aKafeoBJIb'}) to ('localhost', 26719)
[2016-12-05 19:49:11] <Coordinator2>received ('READ_COORDINATOR_INITIAL', {'mightReadAttr': {'writeObjectAttr': '', 'readObjectAttr': 'paymentDone'}, 'mightWriteAttr': {'writeObjectAttr': 'payViewCount', 'readObjectAttr': ''}, 'defReadAttr': {'writeObjectAttr': 'viewCount', 'readObjectAttr': ''}, 'action': 'view', 'writeObjectId': '102', 'delay': {'WORKER_INITIAL': '2'}, 'readObjectId': '2', 'client': <Client('localhost', 31254)>, 'requestId': 'aKafeoBJIb', 'mightWriteObj': '2'}) from ('localhost', 26719)
[2016-12-05 19:49:11] request assigned Id qkjKHVilsE
[2016-12-05 19:49:11] get cached updates at timeStamp
[2016-12-05 19:49:11] request qkjKHVilsE is read-write request
[2016-12-05 19:49:11] request qkjKHVilsEis being to sent to writeObject Coord('localhost', 36725)
[2016-12-05 19:49:11] <Coordinator4>received ('WRITE_COORDINATOR_INITIAL',{'mightReadAttr': {'writeObjectAttr': '', 'readObjectAttr': 'paymentDone'}, 'defReadAttr': {'writeObjectAttr': 'viewCount', 'readObjectAttr': ''}, 'action': 'view', 'delay': {'WORKER_INITIAL': '2'}, 'writeObjectId': '102', 'cachedUpdate': {'readObject': {}}, 'mightWriteAttr': {'writeObjectAttr': 'payViewCount', 'readObjectAttr': ''}, 'mightWriteObj': '2', 'timeStamp': 1480985351.7319186, 'readObjectId': '2', 'client': <Client('localhost', 31254)>, 'requestId': 'qkjKHVilsE'}) from ('localhost', 26719)
[2016-12-05 19:49:11] get cached updates at timeStamp
[2016-12-05 19:49:11] request qkjKHVilsE is read-write request
[2016-12-05 19:49:11] request qkjKHVilsEis being sent to worker('localhost', 13410)
[2016-12-05 19:49:11] <Worker ('localhost', 13410)> received ('WORKER_INITIAL', ('localhost', 13410)) from('localhost', 36725)
[2016-12-05 19:49:11] <Worker ('localhost', 13410)> sleeping for 2 second(s)
[2016-12-05 19:49:13] <Worker ('localhost', 13410)> resumed from sleeping
[2016-12-05 19:49:13] <Worker ('localhost', 13410)> received read-write request qkjKHVilsE
[2016-12-05 19:49:13] <Worker ('localhost', 13410)> sending ('QUERY_READ_WRITE_OBJECT', {'mightReadAttr': {'writeObjectAttr': '', 'readObjectAttr': 'paymentDone'}, 'defReadAttr': {'writeObjectAttr': 'viewCount', 'readObjectAttr': ''}, 'action': 'view', 'delay': {'WORKER_INITIAL': '2'}, 'writeObjectId': '102', 'cachedUpdate': {'readObject': {}, 'writeObject': {}}, 'mightWriteAttr': {'writeObjectAttr': 'payViewCount', 'readObjectAttr': ''}, 'mightWriteObj': '2', 'timeStamp': 1480985351.7319186, 'readObjectId': '2', 'client': <Client('localhost', 31254)>, 'requestId': 'qkjKHVilsE'}) to {<DatabaseEmulator('localhost', 22182)>}
[2016-12-05 19:49:13] <Database> received ('QUERY_READ_WRITE_OBJECT', {'mightReadAttr': {'writeObjectAttr': '', 'readObjectAttr': 'paymentDone'}, 'defReadAttr': {'writeObjectAttr': 'viewCount', 'readObjectAttr': ''}, 'action': 'view', 'delay': {'WORKER_INITIAL': '2'}, 'writeObjectId': '102', 'cachedUpdate': {'readObject': {}, 'writeObject': {}}, 'mightWriteAttr': {'writeObjectAttr': 'payViewCount', 'readObjectAttr': ''}, 'mightWriteObj': '2', 'timeStamp': 1480985351.7319186, 'readObjectId': '2', 'client': <Client('localhost', 31254)>, 'requestId': 'qkjKHVilsE'}) from ('localhost', 13410)
[2016-12-05 19:49:13] <Database> sending ('ANSWER_READ_WRITE_OBJECT', {'mightReadAttr': {'writeObjectAttr': '', 'readObjectAttr': 'paymentDone'}, 'defReadAttr': {'writeObjectAttr': 'viewCount', 'readObjectAttr': ''}, 'action': 'view', 'delay': {'WORKER_INITIAL': '2'}, 'writeObjectId': '102', 'cachedUpdate': {'readObject': {}, 'writeObject': {}}, 'mightWriteAttr': {'writeObjectAttr': 'payViewCount', 'readObjectAttr': ''}, 'mightWriteObj': '2', 'timeStamp': 1480985351.7319186, 'readObjectId': '2', 'client': <Client('localhost', 31254)>, 'requestId': 'qkjKHVilsE'}, {'readObject': {'paymentDone': True, 'moviesWatched': 5, 'objectId': '2', 'name': 'Shikhar'}, 'writeObject': {'viewCount': 40, 'watched': 'true', 'payViewCount': 0, 'objectId': '102', 'name': 'Shawshank Redemption'}}) to ('localhost', 13410)
[2016-12-05 19:49:13] <Worker ('localhost', 13410)>received ('ANSWER_READ_WRITE_OBJECT', {'mightReadAttr': {'writeObjectAttr': '', 'readObjectAttr': 'paymentDone'}, 'defReadAttr': {'writeObjectAttr': 'viewCount', 'readObjectAttr': ''}, 'action': 'view', 'delay': {'WORKER_INITIAL': '2'}, 'writeObjectId': '102', 'cachedUpdate': {'readObject': {}, 'writeObject': {}}, 'mightWriteAttr': {'writeObjectAttr': 'payViewCount', 'readObjectAttr': ''}, 'mightWriteObj': '2', 'timeStamp': 1480985351.7319186, 'readObjectId': '2', 'client': <Client('localhost', 31254)>, 'requestId': 'qkjKHVilsE'}, qkjKHVilsE, {'readObject': {'paymentDone': True, 'moviesWatched': 5, 'objectId': '2', 'name': 'Shikhar'}, 'writeObject': {'viewCount': 40, 'watched': 'true', 'payViewCount': 0, 'objectId': '102', 'name': 'Shawshank Redemption'}}) from('localhost', 22182)
[2016-12-05 19:49:13] request qkjKHVilsE is read write request 
[2016-12-05 19:49:13] sending request qkjKHVilsE to ('localhost', 36725)
[2016-12-05 19:49:13] <Coordinator4>received ('RESULT',{'mightReadAttr': {'writeObjectAttr': '', 'readObjectAttr': 'paymentDone'}, 'defReadAttr': {'writeObjectAttr': 'viewCount', 'readObjectAttr': ''}, 'readObj': '2', 'action': 'view', 'delay': {'WORKER_INITIAL': '2'}, 'writeObjectId': '102', 'cachedUpdate': {'readObject': {}, 'writeObject': {}}, 'readAttr': {'readObject': {}, 'writeObject': {'viewCount': 40}}, 'mightWriteAttr': {'writeObjectAttr': 'payViewCount', 'readObjectAttr': ''}, 'mightWriteObj': '2', 'updatedObj': '102', 'result': True, 'timeStamp': 1480985351.7319186, 'readObjectId': '2', 'client': <Client('localhost', 31254)>, 'requestId': 'qkjKHVilsE', 'updates': {'readObject': {'id': '2'}, 'writeObject': {'viewCount': 41, 'id': '102'}}}) from ('localhost', 13410)
[2016-12-05 19:49:13] <Coordinator4>sending updates to database
[2016-12-05 19:49:13] caching updates......
[2016-12-05 19:49:13] caching updates.....completed
[2016-12-05 19:49:13] sending decision to client for request qkjKHVilsE
[2016-12-05 19:49:13] <Client ('localhost', 31254)> received ('CLIENT_DECISION', {'mightReadAttr': {'writeObjectAttr': '', 'readObjectAttr': 'paymentDone'}, 'defReadAttr': {'writeObjectAttr': 'viewCount', 'readObjectAttr': ''}, 'readObj': '2', 'action': 'view', 'delay': {'WORKER_INITIAL': '2'}, 'writeObjectId': '102', 'cachedUpdate': {'readObject': {}, 'writeObject': {}}, 'readAttr': {'readObject': {}, 'writeObject': {'viewCount': 40}}, 'mightWriteAttr': {'writeObjectAttr': 'payViewCount', 'readObjectAttr': ''}, 'mightWriteObj': '2', 'updatedObj': '102', 'result': True, 'timeStamp': 1480985351.7319186, 'readObjectId': '2', 'client': <Client('localhost', 31254)>, 'requestId': 'qkjKHVilsE', 'updates': {'readObject': {'id': '2'}, 'writeObject': {'viewCount': 41, 'id': '102'}}}) from ('localhost', 36725)DECISION :True
[2016-12-05 19:49:13] <Client ('localhost', 31254)>sending ('CLIENT_DONE') to ('localhost', 11157)
[2016-12-05 19:49:13] <Master> received ('CLIENT_DONE') from ('localhost', 31254)
[2016-12-05 19:49:13] All clients done
[2016-12-05 19:49:13] <Database> received ('UPDATE_OBJECT', {'viewCount': 41, 'id': '102'}, 1480985351.7319186) from ('localhost', 36725)
[2016-12-05 19:49:13] <Database> sending ('UPDATE_OBJECT_SUCCESS', {'viewCount': 41, 'id': '102'}) to ('localhost', 36725)
[2016-12-05 19:49:13] sending message READ_ATTR to ('localhost', 26719)for request : qkjKHVilsE
[2016-12-05 19:49:13] <Coordinator2>received ('READ_ATTR',{'mightReadAttr': {'writeObjectAttr': '', 'readObjectAttr': 'paymentDone'}, 'defReadAttr': {'writeObjectAttr': 'viewCount', 'readObjectAttr': ''}, 'readObj': '2', 'action': 'view', 'delay': {'WORKER_INITIAL': '2'}, 'writeObjectId': '102', 'cachedUpdate': {'readObject': {}, 'writeObject': {}}, 'readAttr': {'readObject': {}, 'writeObject': {'viewCount': 40}}, 'mightWriteAttr': {'writeObjectAttr': 'payViewCount', 'readObjectAttr': ''}, 'mightWriteObj': '2', 'updatedObj': '102', 'result': True, 'timeStamp': 1480985351.7319186, 'readObjectId': '2', 'client': <Client('localhost', 31254)>, 'requestId': 'qkjKHVilsE', 'updates': {'readObject': {'id': '2'}, 'writeObject': {'viewCount': 41, 'id': '102'}}}, 1) from ('localhost', 36725)
[2016-12-05 19:49:16] <Database> received ('DUMP_DATABASE', '../db/database4.txt') from ('localhost', 11157)
[2016-12-05 19:49:16] <Database> sending ('DUMP_DATABASE_SUCCESS) to ('localhost', 11157)
[2016-12-05 19:49:16] <Master> received ('DUMP_DATABASE_SUCCESS') from ('localhost', 22182)
